2026-05-27 01:56:54.527 +00:00 [INF] HTTP POST /api/auth/refresh responded 200 in 6442.9060 ms
2026-05-27 01:56:54.722 +00:00 [INF] HTTP GET /api/departments responded 200 in 30.0039 ms
2026-05-27 01:56:54.747 +00:00 [INF] HTTP GET /api/notifications responded 200 in 56.7188 ms
2026-05-27 01:56:54.799 +00:00 [INF] HTTP GET /api/plans/resolve responded 200 in 42.1155 ms
2026-05-27 01:56:54.903 +00:00 [INF] HTTP GET /api/plans/9555be4b-2666-4fd5-9304-276a0023f509/approval-history responded 200 in 60.5873 ms
2026-05-27 01:56:54.990 +00:00 [INF] HTTP GET /api/plans/9555be4b-2666-4fd5-9304-276a0023f509/line-comments responded 200 in 142.7477 ms
2026-05-27 01:56:55.002 +00:00 [INF] HTTP GET /api/plans/9555be4b-2666-4fd5-9304-276a0023f509/tasks responded 200 in 153.1659 ms
2026-05-27 01:56:58.564 +00:00 [INF] HTTP POST /api/auth/refresh responded 200 in 40.2742 ms
2026-05-27 01:56:59.927 +00:00 [INF] HTTP POST /api/auth/refresh responded 401 in 64.1822 ms
2026-05-27 01:57:15.443 +00:00 [INF] HTTP GET /api/plans/main responded 200 in 56.7121 ms
2026-05-27 01:57:22.861 +00:00 [INF] HTTP GET /api/api/plans/667b7470-fc7e-4c26-9bd6-26a1051a939d/attachments responded 404 in 1.7583 ms
2026-05-27 01:57:22.862 +00:00 [INF] HTTP GET /api/plans/667b7470-fc7e-4c26-9bd6-26a1051a939d/line-comments responded 200 in 6.2752 ms
2026-05-27 01:57:22.865 +00:00 [INF] HTTP GET /api/plans/667b7470-fc7e-4c26-9bd6-26a1051a939d/approval-history responded 200 in 9.4339 ms
2026-05-27 01:57:22.868 +00:00 [INF] HTTP GET /api/plans/667b7470-fc7e-4c26-9bd6-26a1051a939d/tasks responded 200 in 9.1404 ms
2026-05-27 01:57:22.895 +00:00 [INF] HTTP GET /api/plans/main/667b7470-fc7e-4c26-9bd6-26a1051a939d responded 200 in 38.5166 ms
2026-05-27 01:57:23.888 +00:00 [INF] HTTP GET /api/api/plans/667b7470-fc7e-4c26-9bd6-26a1051a939d/attachments responded 404 in 0.2408 ms
2026-05-27 01:57:24.798 +00:00 [INF] HTTP GET /api/notifications responded 200 in 3.4509 ms
2026-05-27 01:57:54.839 +00:00 [INF] HTTP GET /api/notifications responded 200 in 4.3805 ms
2026-05-27 01:58:00.011 +00:00 [INF] HTTP POST /api/tasks/3eaae834-9448-4356-9d80-d785f9f25cc0/line-comments responded 403 in 97.2470 ms
2026-05-27 01:58:02.902 +00:00 [INF] HTTP GET /api/plans/resolve responded 200 in 3.9386 ms
2026-05-27 01:58:02.908 +00:00 [INF] HTTP GET /api/plans/9555be4b-2666-4fd5-9304-276a0023f509/line-comments responded 200 in 4.0565 ms
2026-05-27 01:58:02.908 +00:00 [INF] HTTP GET /api/plans/9555be4b-2666-4fd5-9304-276a0023f509/approval-history responded 200 in 4.3990 ms
2026-05-27 01:58:02.910 +00:00 [INF] HTTP GET /api/plans/9555be4b-2666-4fd5-9304-276a0023f509/tasks responded 200 in 4.0056 ms
2026-05-27 01:58:05.519 +00:00 [INF] HTTP GET /api/plans/main responded 200 in 4.3417 ms
2026-05-27 01:58:07.643 +00:00 [INF] HTTP GET /api/api/plans/667b7470-fc7e-4c26-9bd6-26a1051a939d/attachments responded 404 in 0.1703 ms
2026-05-27 01:58:07.645 +00:00 [INF] HTTP GET /api/plans/main/667b7470-fc7e-4c26-9bd6-26a1051a939d responded 200 in 4.5869 ms
2026-05-27 01:58:07.649 +00:00 [INF] HTTP GET /api/plans/667b7470-fc7e-4c26-9bd6-26a1051a939d/line-comments responded 200 in 3.7261 ms
2026-05-27 01:58:07.650 +00:00 [INF] HTTP GET /api/plans/667b7470-fc7e-4c26-9bd6-26a1051a939d/approval-history responded 200 in 4.0820 ms
2026-05-27 01:58:07.652 +00:00 [INF] HTTP GET /api/plans/667b7470-fc7e-4c26-9bd6-26a1051a939d/tasks responded 200 in 7.4582 ms
2026-05-27 01:58:08.669 +00:00 [INF] HTTP GET /api/api/plans/667b7470-fc7e-4c26-9bd6-26a1051a939d/attachments responded 404 in 0.3059 ms
2026-05-27 01:58:24.873 +00:00 [INF] HTTP GET /api/notifications responded 200 in 3.3735 ms
2026-05-27 01:58:31.721 +00:00 [INF] HTTP GET /api/api/tasks/3eaae834-9448-4356-9d80-d785f9f25cc0/attachments responded 404 in 0.3678 ms
2026-05-27 01:58:32.746 +00:00 [INF] HTTP GET /api/api/tasks/3eaae834-9448-4356-9d80-d785f9f25cc0/attachments responded 404 in 0.6461 ms
2026-05-27 01:58:46.347 +00:00 [INF] HTTP POST /api/api/tasks/3eaae834-9448-4356-9d80-d785f9f25cc0/attachments responded 404 in 0.5564 ms
2026-05-27 01:58:54.904 +00:00 [INF] HTTP GET /api/notifications responded 200 in 4.1861 ms
2026-05-27 01:59:06.823 +00:00 [INF] HTTP GET /api/plans/resolve responded 200 in 21.2706 ms
2026-05-27 01:59:06.853 +00:00 [INF] HTTP GET /api/plans/74fcbad6-515b-428d-8006-fa453c06dfb6/approval-history responded 200 in 5.6742 ms
2026-05-27 01:59:06.853 +00:00 [INF] HTTP GET /api/plans/74fcbad6-515b-428d-8006-fa453c06dfb6/line-comments responded 200 in 4.5371 ms
2026-05-27 01:59:06.870 +00:00 [INF] HTTP GET /api/plans/74fcbad6-515b-428d-8006-fa453c06dfb6/tasks responded 200 in 22.1452 ms
2026-05-27 01:59:24.935 +00:00 [INF] HTTP GET /api/notifications responded 200 in 3.6213 ms
2026-05-27 01:59:35.547 +00:00 [INF] HTTP POST /api/auth/logout responded 200 in 31.7065 ms
2026-05-27 01:59:35.840 +00:00 [INF] HTTP POST /api/auth/refresh responded 401 in 1.3474 ms
2026-05-27 01:59:54.026 +00:00 [INF] HTTP POST /api/auth/login responded 200 in 237.1839 ms
2026-05-27 01:59:54.080 +00:00 [INF] HTTP GET /api/plans/resolve responded 200 in 2.9676 ms
2026-05-27 01:59:54.080 +00:00 [INF] HTTP GET /api/departments responded 200 in 3.1073 ms
2026-05-27 01:59:54.085 +00:00 [INF] HTTP GET /api/notifications responded 200 in 5.0424 ms
2026-05-27 01:59:54.113 +00:00 [INF] HTTP GET /api/plans/9555be4b-2666-4fd5-9304-276a0023f509/approval-history responded 200 in 2.7579 ms
2026-05-27 01:59:54.114 +00:00 [INF] HTTP GET /api/plans/9555be4b-2666-4fd5-9304-276a0023f509/tasks responded 200 in 4.3859 ms
2026-05-27 01:59:54.115 +00:00 [INF] HTTP GET /api/plans/9555be4b-2666-4fd5-9304-276a0023f509/line-comments responded 200 in 3.8328 ms
2026-05-27 01:59:57.111 +00:00 [INF] HTTP GET /api/plans/resolve responded 200 in 3.5901 ms
2026-05-27 01:59:57.140 +00:00 [INF] HTTP GET /api/plans/74fcbad6-515b-428d-8006-fa453c06dfb6/approval-history responded 200 in 3.1235 ms
2026-05-27 01:59:57.141 +00:00 [INF] HTTP GET /api/plans/74fcbad6-515b-428d-8006-fa453c06dfb6/tasks responded 200 in 3.7089 ms
2026-05-27 01:59:57.141 +00:00 [INF] HTTP GET /api/plans/74fcbad6-515b-428d-8006-fa453c06dfb6/line-comments responded 200 in 3.9769 ms
2026-05-27 02:00:24.122 +00:00 [INF] HTTP GET /api/notifications responded 200 in 3.0453 ms
2026-05-27 02:00:36.377 +00:00 [INF] HTTP GET /api/admin/departments responded 200 in 17.3525 ms
2026-05-27 02:00:36.377 +00:00 [INF] HTTP GET /api/admin/roles responded 200 in 15.7945 ms
2026-05-27 02:00:36.390 +00:00 [INF] HTTP GET /api/admin/users responded 200 in 30.2137 ms
2026-05-27 02:00:47.140 +00:00 [INF] HTTP POST /api/auth/logout responded 200 in 12.3384 ms
2026-05-27 02:00:47.451 +00:00 [INF] HTTP POST /api/auth/refresh responded 401 in 1.2401 ms
2026-05-27 02:01:04.249 +00:00 [INF] HTTP POST /api/auth/login responded 401 in 153.8997 ms
2026-05-27 02:01:13.759 +00:00 [INF] HTTP POST /api/auth/login responded 200 in 134.1927 ms
2026-05-27 02:01:13.832 +00:00 [INF] HTTP GET /api/departments responded 200 in 1.8948 ms
2026-05-27 02:01:13.833 +00:00 [INF] HTTP GET /api/plans/resolve responded 200 in 4.2278 ms
2026-05-27 02:01:13.833 +00:00 [INF] HTTP GET /api/notifications responded 200 in 3.3859 ms
2026-05-27 02:01:13.867 +00:00 [INF] HTTP GET /api/plans/74fcbad6-515b-428d-8006-fa453c06dfb6/approval-history responded 200 in 3.6172 ms
2026-05-27 02:01:13.867 +00:00 [INF] HTTP GET /api/plans/74fcbad6-515b-428d-8006-fa453c06dfb6/line-comments responded 200 in 3.6683 ms
2026-05-27 02:01:13.869 +00:00 [INF] HTTP GET /api/plans/74fcbad6-515b-428d-8006-fa453c06dfb6/tasks responded 200 in 4.5065 ms
2026-05-27 02:01:43.884 +00:00 [INF] HTTP GET /api/notifications responded 200 in 3.9367 ms
2026-05-27 02:02:10.573 +00:00 [INF] HTTP PUT /api/tasks/eec477fd-ac42-4f51-9cb7-60a4edede927 responded 403 in 69.8531 ms
2026-05-27 02:02:18.744 +00:00 [INF] HTTP GET /api/notifications responded 200 in 2.9274 ms
2026-05-27 02:02:48.785 +00:00 [INF] HTTP GET /api/notifications responded 200 in 4.0072 ms
2026-05-27 02:03:09.562 +00:00 [INF] HTTP POST /api/plans/74fcbad6-515b-428d-8006-fa453c06dfb6/submit responded 200 in 165.1727 ms
2026-05-27 02:03:09.596 +00:00 [INF] HTTP GET /api/plans/resolve responded 200 in 4.6658 ms
2026-05-27 02:03:09.600 +00:00 [INF] HTTP GET /api/plans/74fcbad6-515b-428d-8006-fa453c06dfb6/line-comments responded 200 in 4.0373 ms
2026-05-27 02:03:09.600 +00:00 [INF] HTTP GET /api/plans/74fcbad6-515b-428d-8006-fa453c06dfb6/approval-history responded 200 in 3.4881 ms
2026-05-27 02:03:09.600 +00:00 [INF] HTTP GET /api/plans/74fcbad6-515b-428d-8006-fa453c06dfb6/tasks responded 200 in 4.8184 ms
2026-05-27 02:03:18.816 +00:00 [INF] HTTP GET /api/notifications responded 200 in 3.5372 ms
2026-05-27 02:03:31.291 +00:00 [INF] HTTP POST /api/auth/logout responded 200 in 10.5236 ms
2026-05-27 02:03:31.565 +00:00 [INF] HTTP POST /api/auth/refresh responded 401 in 0.9269 ms
2026-05-27 02:03:33.776 +00:00 [INF] HTTP POST /api/auth/login responded 200 in 130.3885 ms
2026-05-27 02:03:33.822 +00:00 [INF] HTTP GET /api/departments responded 200 in 2.3570 ms
2026-05-27 02:03:33.822 +00:00 [INF] HTTP GET /api/plans/resolve responded 200 in 2.2300 ms
2026-05-27 02:03:33.823 +00:00 [INF] HTTP GET /api/notifications responded 200 in 2.9831 ms
2026-05-27 02:03:33.857 +00:00 [INF] HTTP GET /api/plans/9555be4b-2666-4fd5-9304-276a0023f509/tasks responded 200 in 4.5660 ms
2026-05-27 02:03:33.858 +00:00 [INF] HTTP GET /api/plans/9555be4b-2666-4fd5-9304-276a0023f509/approval-history responded 200 in 3.7163 ms
2026-05-27 02:03:33.859 +00:00 [INF] HTTP GET /api/plans/9555be4b-2666-4fd5-9304-276a0023f509/line-comments responded 200 in 3.6773 ms
2026-05-27 02:03:35.332 +00:00 [INF] HTTP GET /api/admin/departments responded 200 in 3.5906 ms
2026-05-27 02:03:35.332 +00:00 [INF] HTTP GET /api/admin/users responded 200 in 8.8602 ms
2026-05-27 02:03:35.334 +00:00 [INF] HTTP GET /api/admin/roles responded 200 in 6.4355 ms
2026-05-27 02:03:44.203 +00:00 [INF] HTTP POST /api/auth/logout responded 200 in 10.4178 ms
2026-05-27 02:03:44.470 +00:00 [INF] HTTP POST /api/auth/refresh responded 401 in 0.6619 ms
2026-05-27 02:03:49.450 +00:00 [INF] HTTP POST /api/auth/login responded 200 in 128.8577 ms
2026-05-27 02:03:49.513 +00:00 [INF] HTTP GET /api/departments responded 200 in 1.9144 ms
2026-05-27 02:03:49.514 +00:00 [INF] HTTP GET /api/plans/resolve responded 200 in 4.0163 ms
2026-05-27 02:03:49.514 +00:00 [INF] HTTP GET /api/notifications responded 200 in 3.6065 ms
2026-05-27 02:03:49.544 +00:00 [INF] HTTP GET /api/plans/74fcbad6-515b-428d-8006-fa453c06dfb6/tasks responded 200 in 4.4633 ms
2026-05-27 02:03:49.545 +00:00 [INF] HTTP GET /api/plans/74fcbad6-515b-428d-8006-fa453c06dfb6/line-comments responded 200 in 3.2656 ms
2026-05-27 02:03:49.545 +00:00 [INF] HTTP GET /api/plans/74fcbad6-515b-428d-8006-fa453c06dfb6/approval-history responded 200 in 2.9997 ms
2026-05-27 02:04:12.499 +00:00 [INF] HTTP GET /api/api/tasks/eec477fd-ac42-4f51-9cb7-60a4edede927/attachments responded 404 in 0.3728 ms
2026-05-27 02:04:13.523 +00:00 [INF] HTTP GET /api/api/tasks/eec477fd-ac42-4f51-9cb7-60a4edede927/attachments responded 404 in 0.2185 ms
2026-05-27 02:04:19.109 +00:00 [INF] HTTP POST /api/api/tasks/eec477fd-ac42-4f51-9cb7-60a4edede927/attachments responded 404 in 0.3703 ms
2026-05-27 02:04:19.560 +00:00 [INF] HTTP GET /api/notifications responded 200 in 3.6452 ms
2026-05-27 02:04:49.593 +00:00 [INF] HTTP GET /api/notifications responded 200 in 3.5368 ms
2026-05-27 02:05:03.267 +00:00 [INF] HTTP GET /api/personal-evaluations responded 200 in 83.8630 ms
2026-05-27 02:05:13.387 +00:00 [INF] HTTP GET /api/personal-evaluations/ea10d806-688d-4dd1-abee-765445876c06/export/phu-luc-01a responded 200 in 181.8365 ms
2026-05-27 02:05:34.240 +00:00 [INF] HTTP PUT /api/personal-evaluations/period/ea10d806-688d-4dd1-abee-765445876c06 responded 200 in 50.5385 ms
2026-05-27 02:05:34.273 +00:00 [INF] HTTP GET /api/personal-evaluations responded 200 in 5.4933 ms
2026-05-27 02:05:49.630 +00:00 [INF] HTTP GET /api/notifications responded 200 in 4.0443 ms
2026-05-27 02:06:19.663 +00:00 [INF] HTTP GET /api/notifications responded 200 in 3.9332 ms
2026-05-27 02:06:20.474 +00:00 [INF] HTTP PUT /api/personal-evaluations/period/ea10d806-688d-4dd1-abee-765445876c06 responded 200 in 16.0704 ms
2026-05-27 02:06:20.507 +00:00 [INF] HTTP GET /api/personal-evaluations responded 200 in 3.5526 ms
2026-05-27 02:06:23.476 +00:00 [INF] HTTP PUT /api/personal-evaluations/period/ea10d806-688d-4dd1-abee-765445876c06 responded 200 in 17.4382 ms
2026-05-27 02:06:23.508 +00:00 [INF] HTTP GET /api/personal-evaluations responded 200 in 4.2981 ms
2026-05-27 02:06:25.116 +00:00 [INF] HTTP PUT /api/personal-evaluations/period/ea10d806-688d-4dd1-abee-765445876c06 responded 200 in 12.4849 ms
2026-05-27 02:06:25.146 +00:00 [INF] HTTP GET /api/personal-evaluations responded 200 in 4.5295 ms
2026-05-27 02:06:27.407 +00:00 [INF] HTTP PUT /api/personal-evaluations/period/ea10d806-688d-4dd1-abee-765445876c06 responded 200 in 13.8133 ms
2026-05-27 02:06:27.440 +00:00 [INF] HTTP GET /api/personal-evaluations responded 200 in 4.7296 ms
2026-05-27 02:06:31.483 +00:00 [INF] HTTP PUT /api/personal-evaluations/period/ea10d806-688d-4dd1-abee-765445876c06 responded 200 in 16.3598 ms
2026-05-27 02:06:31.513 +00:00 [INF] HTTP GET /api/personal-evaluations responded 200 in 3.9146 ms
2026-05-27 02:06:49.697 +00:00 [INF] HTTP GET /api/notifications responded 200 in 3.8260 ms
2026-05-27 02:06:51.267 +00:00 [INF] HTTP GET /api/personal-evaluations/ea10d806-688d-4dd1-abee-765445876c06/export/phu-luc-01a responded 200 in 60.6969 ms
2026-05-27 02:06:54.566 +00:00 [INF] HTTP GET /api/personal-evaluations/ea10d806-688d-4dd1-abee-765445876c06/export/phu-luc-01 responded 200 in 54.9582 ms
2026-05-27 02:07:36.921 +00:00 [INF] HTTP GET /api/plans/74fcbad6-515b-428d-8006-fa453c06dfb6/tasks responded 200 in 7.2479 ms
2026-05-27 02:07:37.109 +00:00 [INF] HTTP GET /api/plans/resolve responded 200 in 193.8490 ms
2026-05-27 02:07:37.110 +00:00 [INF] HTTP GET /api/plans/74fcbad6-515b-428d-8006-fa453c06dfb6/approval-history responded 200 in 195.5565 ms
2026-05-27 02:07:37.112 +00:00 [INF] HTTP GET /api/plans/74fcbad6-515b-428d-8006-fa453c06dfb6/line-comments responded 200 in 197.7730 ms
2026-05-27 02:07:44.719 +00:00 [INF] HTTP POST /api/auth/logout responded 200 in 12.4878 ms
2026-05-27 02:07:44.968 +00:00 [INF] HTTP POST /api/auth/refresh responded 401 in 1.1248 ms
2026-05-27 02:07:49.543 +00:00 [INF] HTTP POST /api/auth/login responded 200 in 129.0261 ms
2026-05-27 02:07:49.592 +00:00 [INF] HTTP GET /api/departments responded 200 in 2.1176 ms
2026-05-27 02:07:49.593 +00:00 [INF] HTTP GET /api/plans/resolve responded 200 in 4.8489 ms
2026-05-27 02:07:49.595 +00:00 [INF] HTTP GET /api/notifications responded 200 in 5.5178 ms
2026-05-27 02:07:49.626 +00:00 [INF] HTTP GET /api/plans/74fcbad6-515b-428d-8006-fa453c06dfb6/tasks responded 200 in 6.1982 ms
2026-05-27 02:07:49.627 +00:00 [INF] HTTP GET /api/plans/74fcbad6-515b-428d-8006-fa453c06dfb6/approval-history responded 200 in 3.1899 ms
2026-05-27 02:07:49.627 +00:00 [INF] HTTP GET /api/plans/74fcbad6-515b-428d-8006-fa453c06dfb6/line-comments responded 200 in 3.2495 ms
2026-05-27 02:07:59.764 +00:00 [INF] HTTP GET /api/api/tasks/eec477fd-ac42-4f51-9cb7-60a4edede927/attachments responded 404 in 0.3444 ms
2026-05-27 02:08:00.815 +00:00 [INF] HTTP GET /api/api/tasks/eec477fd-ac42-4f51-9cb7-60a4edede927/attachments responded 404 in 0.4499 ms
2026-05-27 02:08:19.633 +00:00 [INF] HTTP GET /api/notifications responded 200 in 4.9026 ms
2026-05-27 02:08:49.670 +00:00 [INF] HTTP GET /api/notifications responded 200 in 4.5660 ms
2026-05-27 02:09:19.700 +00:00 [INF] HTTP GET /api/notifications responded 200 in 4.3504 ms
2026-05-27 02:09:26.287 +00:00 [INF] HTTP POST /api/notifications/read-all responded 200 in 36.5157 ms
2026-05-27 02:09:26.311 +00:00 [INF] HTTP GET /api/notifications responded 200 in 3.5872 ms
2026-05-27 02:09:56.358 +00:00 [INF] HTTP GET /api/notifications responded 200 in 15.2334 ms
2026-05-27 02:09:57.040 +00:00 [INF] HTTP GET /api/personal-evaluations responded 200 in 93.3214 ms
2026-05-27 02:10:01.138 +00:00 [INF] HTTP PUT /api/personal-evaluations/period/4e998791-1a3b-42f2-b647-27bda1d997eb responded 200 in 34.3169 ms
2026-05-27 02:10:01.176 +00:00 [INF] HTTP GET /api/personal-evaluations responded 200 in 8.2288 ms
2026-05-27 02:10:02.647 +00:00 [INF] HTTP PUT /api/personal-evaluations/period/4e998791-1a3b-42f2-b647-27bda1d997eb responded 200 in 22.2329 ms
2026-05-27 02:10:02.681 +00:00 [INF] HTTP GET /api/personal-evaluations responded 200 in 6.3038 ms
2026-05-27 02:10:04.468 +00:00 [INF] HTTP PUT /api/personal-evaluations/period/4e998791-1a3b-42f2-b647-27bda1d997eb responded 200 in 26.2016 ms
2026-05-27 02:10:04.500 +00:00 [INF] HTTP GET /api/personal-evaluations responded 200 in 5.8231 ms
2026-05-27 02:11:44.256 +00:00 [INF] HTTP POST /api/auth/login responded 200 in 240.4972 ms
2026-05-27 02:11:44.354 +00:00 [INF] HTTP GET /api/notifications responded 200 in 4.8556 ms
2026-05-27 02:11:44.361 +00:00 [INF] HTTP GET /api/departments responded 200 in 2.2726 ms
2026-05-27 02:11:44.361 +00:00 [INF] HTTP GET /api/plans/resolve responded 200 in 8.7673 ms
2026-05-27 02:11:44.424 +00:00 [INF] HTTP GET /api/plans/9555be4b-2666-4fd5-9304-276a0023f509/tasks responded 200 in 6.5625 ms
2026-05-27 02:11:44.425 +00:00 [INF] HTTP GET /api/plans/9555be4b-2666-4fd5-9304-276a0023f509/approval-history responded 200 in 3.1835 ms
2026-05-27 02:11:44.432 +00:00 [INF] HTTP GET /api/plans/9555be4b-2666-4fd5-9304-276a0023f509/line-comments responded 200 in 10.9427 ms
2026-05-27 02:11:45.549 +00:00 [INF] HTTP GET /api/admin/departments responded 200 in 3.6483 ms
2026-05-27 02:11:50.476 +00:00 [INF] HTTP GET /api/plans/resolve responded 200 in 6.8966 ms
2026-05-27 02:11:50.532 +00:00 [INF] HTTP GET /api/plans/74fcbad6-515b-428d-8006-fa453c06dfb6/tasks responded 200 in 6.3297 ms
2026-05-27 02:11:50.532 +00:00 [INF] HTTP GET /api/plans/74fcbad6-515b-428d-8006-fa453c06dfb6/approval-history responded 200 in 3.9756 ms
2026-05-27 02:11:50.533 +00:00 [INF] HTTP GET /api/plans/74fcbad6-515b-428d-8006-fa453c06dfb6/line-comments responded 200 in 4.8464 ms
2026-05-27 02:11:57.744 +00:00 [INF] HTTP POST /api/auth/logout responded 200 in 17.4572 ms
2026-05-27 02:11:59.836 +00:00 [INF] HTTP POST /api/auth/refresh responded 401 in 1.6950 ms
2026-05-27 02:12:12.053 +00:00 [INF] HTTP POST /api/auth/login responded 200 in 280.6656 ms
2026-05-27 02:12:12.231 +00:00 [INF] HTTP GET /api/departments responded 200 in 8.9421 ms
2026-05-27 02:12:12.233 +00:00 [INF] HTTP GET /api/notifications responded 200 in 6.8708 ms
2026-05-27 02:12:12.234 +00:00 [INF] HTTP GET /api/plans/resolve responded 200 in 6.7740 ms
2026-05-27 02:12:12.329 +00:00 [INF] HTTP GET /api/plans/74fcbad6-515b-428d-8006-fa453c06dfb6/tasks responded 200 in 13.1483 ms
2026-05-27 02:12:12.331 +00:00 [INF] HTTP GET /api/plans/74fcbad6-515b-428d-8006-fa453c06dfb6/line-comments responded 200 in 12.4006 ms
2026-05-27 02:12:12.332 +00:00 [INF] HTTP GET /api/plans/74fcbad6-515b-428d-8006-fa453c06dfb6/approval-history responded 200 in 10.9729 ms
2026-05-27 02:12:42.317 +00:00 [INF] HTTP GET /api/notifications responded 200 in 6.8630 ms
2026-05-27 02:12:58.600 +00:00 [INF] HTTP GET /api/plans/74fcbad6-515b-428d-8006-fa453c06dfb6/line-comments responded 200 in 4.9481 ms
2026-05-27 02:12:58.600 +00:00 [INF] HTTP GET /api/plans/74fcbad6-515b-428d-8006-fa453c06dfb6/tasks responded 200 in 7.9906 ms
2026-05-27 02:12:58.600 +00:00 [INF] HTTP GET /api/plans/74fcbad6-515b-428d-8006-fa453c06dfb6/approval-history responded 200 in 5.7270 ms
2026-05-27 02:12:58.735 +00:00 [INF] HTTP GET /api/plans/resolve responded 200 in 141.7517 ms
2026-05-27 02:13:12.372 +00:00 [INF] HTTP GET /api/notifications responded 200 in 3.8081 ms
2026-05-27 02:13:42.426 +00:00 [INF] HTTP GET /api/notifications responded 200 in 5.1182 ms
2026-05-27 02:13:43.592 +00:00 [INF] HTTP GET /api/departments responded 200 in 3.2624 ms
2026-05-27 02:14:12.520 +00:00 [INF] HTTP GET /api/notifications responded 200 in 19.0057 ms
2026-05-27 02:14:42.582 +00:00 [INF] HTTP GET /api/notifications responded 200 in 3.7616 ms
2026-05-27 02:15:12.627 +00:00 [INF] HTTP GET /api/notifications responded 200 in 3.8745 ms
2026-05-27 02:15:42.668 +00:00 [INF] HTTP GET /api/notifications responded 200 in 4.3388 ms
2026-05-27 02:16:12.707 +00:00 [INF] HTTP GET /api/notifications responded 200 in 3.8738 ms
2026-05-27 02:16:42.759 +00:00 [INF] HTTP GET /api/notifications responded 200 in 3.6968 ms
2026-05-27 02:17:08.943 +00:00 [INF] HTTP POST /api/auth/logout responded 200 in 10.5065 ms
2026-05-27 02:17:10.028 +00:00 [INF] HTTP POST /api/auth/refresh responded 401 in 1.0786 ms
2026-05-27 02:17:19.428 +00:00 [INF] HTTP POST /api/auth/login responded 401 in 5.4011 ms
2026-05-27 02:17:23.972 +00:00 [INF] HTTP POST /api/auth/login responded 401 in 3.8487 ms
2026-05-27 02:17:28.854 +00:00 [INF] HTTP POST /api/auth/login responded 401 in 4.0619 ms
2026-05-27 02:17:32.391 +00:00 [INF] HTTP POST /api/auth/login responded 401 in 119.7425 ms
2026-05-27 02:17:36.371 +00:00 [INF] HTTP POST /api/auth/login responded 200 in 130.3534 ms
2026-05-27 02:17:36.468 +00:00 [INF] HTTP GET /api/departments responded 200 in 3.9348 ms
2026-05-27 02:17:36.471 +00:00 [INF] HTTP GET /api/plans/resolve responded 200 in 5.3939 ms
2026-05-27 02:17:36.484 +00:00 [INF] HTTP GET /api/notifications responded 200 in 15.9915 ms
2026-05-27 02:17:36.535 +00:00 [INF] HTTP GET /api/plans/34d45f31-2500-45e4-8bd2-bbda8551b618/approval-history responded 200 in 2.6433 ms
2026-05-27 02:17:36.536 +00:00 [INF] HTTP GET /api/plans/34d45f31-2500-45e4-8bd2-bbda8551b618/tasks responded 200 in 4.9411 ms
2026-05-27 02:17:36.541 +00:00 [INF] HTTP GET /api/plans/34d45f31-2500-45e4-8bd2-bbda8551b618/line-comments responded 200 in 9.5442 ms
2026-05-27 02:17:57.271 +00:00 [INF] HTTP POST /api/plans/34d45f31-2500-45e4-8bd2-bbda8551b618/submit responded 200 in 68.7024 ms
2026-05-27 02:17:57.328 +00:00 [INF] HTTP GET /api/plans/resolve responded 200 in 3.6142 ms
2026-05-27 02:17:57.329 +00:00 [INF] HTTP GET /api/plans/34d45f31-2500-45e4-8bd2-bbda8551b618/tasks responded 200 in 4.0383 ms
2026-05-27 02:17:57.332 +00:00 [INF] HTTP GET /api/plans/34d45f31-2500-45e4-8bd2-bbda8551b618/approval-history responded 200 in 4.2256 ms
2026-05-27 02:17:57.340 +00:00 [INF] HTTP GET /api/plans/34d45f31-2500-45e4-8bd2-bbda8551b618/line-comments responded 200 in 12.7579 ms
2026-05-27 02:18:00.673 +00:00 [INF] HTTP POST /api/auth/logout responded 200 in 12.7565 ms
2026-05-27 02:18:02.180 +00:00 [INF] HTTP POST /api/auth/refresh responded 401 in 2.3445 ms
2026-05-27 02:18:18.551 +00:00 [INF] HTTP POST /api/auth/login responded 200 in 130.8830 ms
2026-05-27 02:18:18.652 +00:00 [INF] HTTP GET /api/departments responded 200 in 3.4323 ms
2026-05-27 02:18:18.654 +00:00 [INF] HTTP GET /api/notifications responded 200 in 4.6143 ms
2026-05-27 02:18:18.658 +00:00 [INF] HTTP GET /api/plans/resolve responded 200 in 5.8847 ms
2026-05-27 02:18:18.724 +00:00 [INF] HTTP GET /api/plans/34d45f31-2500-45e4-8bd2-bbda8551b618/line-comments responded 200 in 5.3143 ms
2026-05-27 02:18:18.724 +00:00 [INF] HTTP GET /api/plans/34d45f31-2500-45e4-8bd2-bbda8551b618/approval-history responded 200 in 3.0193 ms
2026-05-27 02:18:18.725 +00:00 [INF] HTTP GET /api/plans/34d45f31-2500-45e4-8bd2-bbda8551b618/tasks responded 200 in 3.9625 ms
2026-05-27 02:18:48.713 +00:00 [INF] HTTP GET /api/notifications responded 200 in 3.8334 ms
2026-05-27 02:19:18.756 +00:00 [INF] HTTP GET /api/notifications responded 200 in 4.0182 ms
2026-05-27 02:19:48.802 +00:00 [INF] HTTP GET /api/notifications responded 200 in 2.9681 ms
2026-05-27 02:20:18.850 +00:00 [INF] HTTP GET /api/notifications responded 200 in 3.9970 ms
2026-05-27 02:20:48.886 +00:00 [INF] HTTP GET /api/notifications responded 200 in 4.9312 ms
2026-05-27 02:21:18.935 +00:00 [INF] HTTP GET /api/notifications responded 200 in 3.7664 ms
2026-05-27 02:21:48.987 +00:00 [INF] HTTP GET /api/notifications responded 200 in 3.9295 ms
2026-05-27 02:22:19.030 +00:00 [INF] HTTP GET /api/notifications responded 200 in 4.0023 ms
2026-05-27 02:22:49.069 +00:00 [INF] HTTP GET /api/notifications responded 200 in 4.0103 ms
2026-05-27 02:22:56.405 +00:00 [INF] HTTP GET /api/notifications responded 200 in 3.6642 ms
2026-05-27 02:23:01.383 +00:00 [INF] HTTP GET /api/departments responded 200 in 2.1519 ms
2026-05-27 02:23:01.388 +00:00 [INF] HTTP GET /api/plans/resolve responded 200 in 6.9347 ms
2026-05-27 02:23:01.414 +00:00 [INF] HTTP GET /api/plans/74fcbad6-515b-428d-8006-fa453c06dfb6/line-comments responded 200 in 3.9359 ms
2026-05-27 02:23:01.546 +00:00 [INF] HTTP GET /api/plans/74fcbad6-515b-428d-8006-fa453c06dfb6/tasks responded 200 in 137.9766 ms
2026-05-27 02:23:01.547 +00:00 [INF] HTTP GET /api/plans/74fcbad6-515b-428d-8006-fa453c06dfb6/approval-history responded 200 in 136.7412 ms
2026-05-27 02:23:19.112 +00:00 [INF] HTTP GET /api/notifications responded 200 in 3.5928 ms
2026-05-27 02:23:26.437 +00:00 [INF] HTTP GET /api/notifications responded 401 in 3.0129 ms
2026-05-27 02:23:26.476 +00:00 [INF] HTTP POST /api/auth/refresh responded 200 in 14.0543 ms
2026-05-27 02:23:26.508 +00:00 [INF] HTTP GET /api/notifications responded 200 in 4.2438 ms
2026-05-27 02:23:30.903 +00:00 [INF] HTTP POST /api/auth/logout responded 200 in 10.2658 ms
2026-05-27 02:23:31.261 +00:00 [INF] HTTP POST /api/auth/refresh responded 401 in 0.6948 ms
2026-05-27 02:23:34.502 +00:00 [INF] HTTP POST /api/auth/login responded 200 in 162.4359 ms
2026-05-27 02:23:34.568 +00:00 [INF] HTTP GET /api/plans/resolve responded 200 in 3.1408 ms
2026-05-27 02:23:34.570 +00:00 [INF] HTTP GET /api/departments responded 200 in 3.0749 ms
2026-05-27 02:23:34.574 +00:00 [INF] HTTP GET /api/notifications responded 200 in 6.8082 ms
2026-05-27 02:23:34.597 +00:00 [INF] HTTP GET /api/plans/9555be4b-2666-4fd5-9304-276a0023f509/tasks responded 200 in 8.0654 ms
2026-05-27 02:23:34.598 +00:00 [INF] HTTP GET /api/plans/9555be4b-2666-4fd5-9304-276a0023f509/approval-history responded 200 in 5.7392 ms
2026-05-27 02:23:34.598 +00:00 [INF] HTTP GET /api/plans/9555be4b-2666-4fd5-9304-276a0023f509/line-comments responded 200 in 6.0142 ms
2026-05-27 02:23:40.430 +00:00 [INF] HTTP GET /api/plans/resolve responded 200 in 3.9786 ms
2026-05-27 02:23:40.460 +00:00 [INF] HTTP GET /api/plans/74fcbad6-515b-428d-8006-fa453c06dfb6/line-comments responded 200 in 4.8533 ms
2026-05-27 02:23:40.462 +00:00 [INF] HTTP GET /api/plans/74fcbad6-515b-428d-8006-fa453c06dfb6/approval-history responded 200 in 4.0754 ms
2026-05-27 02:23:40.463 +00:00 [INF] HTTP GET /api/plans/74fcbad6-515b-428d-8006-fa453c06dfb6/tasks responded 200 in 4.9643 ms
2026-05-27 02:23:42.859 +00:00 [INF] HTTP GET /api/plans/resolve responded 200 in 4.0524 ms
2026-05-27 02:23:42.887 +00:00 [INF] HTTP GET /api/plans/f662db5e-b57f-456b-9ae8-8e255af49c8e/approval-history responded 200 in 4.4376 ms
2026-05-27 02:23:42.889 +00:00 [INF] HTTP GET /api/plans/f662db5e-b57f-456b-9ae8-8e255af49c8e/line-comments responded 200 in 4.7039 ms
2026-05-27 02:23:42.892 +00:00 [INF] HTTP GET /api/plans/f662db5e-b57f-456b-9ae8-8e255af49c8e/tasks responded 200 in 6.8916 ms
2026-05-27 02:23:49.146 +00:00 [INF] HTTP GET /api/notifications responded 200 in 3.7152 ms
2026-05-27 02:23:52.933 +00:00 [INF] HTTP POST /api/plans/34d45f31-2500-45e4-8bd2-bbda8551b618/return responded 200 in 104.3491 ms
2026-05-27 02:23:52.990 +00:00 [INF] HTTP GET /api/plans/resolve responded 200 in 3.8489 ms
2026-05-27 02:23:52.992 +00:00 [INF] HTTP GET /api/plans/34d45f31-2500-45e4-8bd2-bbda8551b618/tasks responded 200 in 4.4761 ms
2026-05-27 02:23:52.993 +00:00 [INF] HTTP GET /api/plans/34d45f31-2500-45e4-8bd2-bbda8551b618/line-comments responded 200 in 3.9157 ms
2026-05-27 02:23:52.993 +00:00 [INF] HTTP GET /api/plans/34d45f31-2500-45e4-8bd2-bbda8551b618/approval-history responded 200 in 3.7290 ms
2026-05-27 02:23:54.667 +00:00 [INF] HTTP GET /api/plans/resolve responded 200 in 3.5934 ms
2026-05-27 02:23:55.519 +00:00 [INF] HTTP POST /api/auth/logout responded 200 in 9.1896 ms
2026-05-27 02:23:56.270 +00:00 [INF] HTTP GET /api/personal-evaluations responded 200 in 16.6079 ms
2026-05-27 02:23:56.797 +00:00 [INF] HTTP POST /api/auth/refresh responded 401 in 0.8701 ms
2026-05-27 02:23:59.518 +00:00 [INF] HTTP GET /api/plans/resolve responded 200 in 3.5985 ms
2026-05-27 02:23:59.547 +00:00 [INF] HTTP GET /api/plans/c95a1aff-5f01-43ae-b6a9-b5c39ab158c2/approval-history responded 200 in 3.3742 ms
2026-05-27 02:23:59.547 +00:00 [INF] HTTP GET /api/plans/c95a1aff-5f01-43ae-b6a9-b5c39ab158c2/line-comments responded 200 in 3.0096 ms
2026-05-27 02:23:59.547 +00:00 [INF] HTTP GET /api/plans/c95a1aff-5f01-43ae-b6a9-b5c39ab158c2/tasks responded 200 in 3.7934 ms
2026-05-27 02:24:01.871 +00:00 [INF] HTTP GET /api/plans/resolve responded 200 in 3.3253 ms
2026-05-27 02:24:01.900 +00:00 [INF] HTTP GET /api/plans/48216cad-a5f8-42b9-9124-28b6acde2656/tasks responded 200 in 4.3083 ms
2026-05-27 02:24:01.900 +00:00 [INF] HTTP GET /api/plans/48216cad-a5f8-42b9-9124-28b6acde2656/approval-history responded 200 in 2.2221 ms
2026-05-27 02:24:01.900 +00:00 [INF] HTTP GET /api/plans/48216cad-a5f8-42b9-9124-28b6acde2656/line-comments responded 200 in 3.2556 ms
2026-05-27 02:24:02.979 +00:00 [INF] HTTP GET /api/plans/resolve responded 200 in 3.5737 ms
2026-05-27 02:24:03.006 +00:00 [INF] HTTP GET /api/plans/9403a1f7-d104-4af2-8aa7-420cf0b74680/tasks responded 200 in 3.8207 ms
2026-05-27 02:24:03.006 +00:00 [INF] HTTP GET /api/plans/9403a1f7-d104-4af2-8aa7-420cf0b74680/approval-history responded 200 in 2.8920 ms
2026-05-27 02:24:03.008 +00:00 [INF] HTTP GET /api/plans/9403a1f7-d104-4af2-8aa7-420cf0b74680/line-comments responded 200 in 4.3210 ms
2026-05-27 02:24:04.132 +00:00 [INF] HTTP GET /api/plans/resolve responded 200 in 3.7145 ms
2026-05-27 02:24:04.610 +00:00 [INF] HTTP GET /api/notifications responded 200 in 2.6195 ms
2026-05-27 02:24:05.161 +00:00 [INF] HTTP GET /api/plans/resolve responded 200 in 3.3556 ms
2026-05-27 02:24:08.399 +00:00 [INF] HTTP POST /api/auth/login responded 200 in 133.3104 ms
2026-05-27 02:24:08.496 +00:00 [INF] HTTP GET /api/departments responded 200 in 2.5875 ms
2026-05-27 02:24:08.502 +00:00 [INF] HTTP GET /api/notifications responded 200 in 3.8642 ms
2026-05-27 02:24:08.505 +00:00 [INF] HTTP GET /api/plans/resolve responded 200 in 4.9548 ms
2026-05-27 02:24:08.571 +00:00 [INF] HTTP GET /api/plans/34d45f31-2500-45e4-8bd2-bbda8551b618/line-comments responded 200 in 4.0195 ms
2026-05-27 02:24:08.571 +00:00 [INF] HTTP GET /api/plans/34d45f31-2500-45e4-8bd2-bbda8551b618/tasks responded 200 in 4.4218 ms
2026-05-27 02:24:08.572 +00:00 [INF] HTTP GET /api/plans/34d45f31-2500-45e4-8bd2-bbda8551b618/approval-history responded 200 in 3.7538 ms
2026-05-27 02:24:09.041 +00:00 [INF] HTTP GET /api/plans/resolve responded 200 in 2.6637 ms
2026-05-27 02:24:09.047 +00:00 [INF] HTTP GET /api/plans/9555be4b-2666-4fd5-9304-276a0023f509/approval-history responded 200 in 4.3520 ms
2026-05-27 02:24:09.047 +00:00 [INF] HTTP GET /api/plans/9555be4b-2666-4fd5-9304-276a0023f509/line-comments responded 200 in 4.0783 ms
2026-05-27 02:24:09.048 +00:00 [INF] HTTP GET /api/plans/9555be4b-2666-4fd5-9304-276a0023f509/tasks responded 200 in 7.4828 ms
2026-05-27 02:24:11.771 +00:00 [INF] HTTP GET /api/api/tasks/45879c98-272a-4bdb-bb52-86618f37fc9b/attachments responded 404 in 0.3069 ms
2026-05-27 02:24:12.808 +00:00 [INF] HTTP GET /api/api/tasks/45879c98-272a-4bdb-bb52-86618f37fc9b/attachments responded 404 in 0.1872 ms
2026-05-27 02:24:12.818 +00:00 [INF] HTTP POST /api/line-comments/6f601d8b-33f4-4123-a7f8-b236194b5690/resolve responded 200 in 73.7216 ms
2026-05-27 02:24:12.846 +00:00 [INF] HTTP GET /api/plans/34d45f31-2500-45e4-8bd2-bbda8551b618/line-comments responded 200 in 3.3557 ms
2026-05-27 02:24:12.876 +00:00 [INF] HTTP GET /api/plans/34d45f31-2500-45e4-8bd2-bbda8551b618/tasks responded 200 in 4.3826 ms
2026-05-27 02:24:18.630 +00:00 [INF] HTTP PUT /api/tasks/45879c98-272a-4bdb-bb52-86618f37fc9b responded 403 in 9.5512 ms
2026-05-27 02:24:22.839 +00:00 [INF] HTTP PUT /api/tasks/45879c98-272a-4bdb-bb52-86618f37fc9b responded 403 in 7.0092 ms
2026-05-27 02:24:24.793 +00:00 [INF] HTTP GET /api/admin/roles responded 200 in 2.8219 ms
2026-05-27 02:24:24.793 +00:00 [INF] HTTP GET /api/admin/departments responded 200 in 1.6350 ms
2026-05-27 02:24:24.796 +00:00 [INF] HTTP GET /api/admin/users responded 200 in 6.3717 ms
2026-05-27 02:24:30.069 +00:00 [INF] HTTP PUT /api/tasks/ac521628-6d94-433c-91c1-e6812474faf3 responded 403 in 4.4394 ms
2026-05-27 02:24:34.646 +00:00 [INF] HTTP GET /api/notifications responded 200 in 4.0768 ms
2026-05-27 02:25:04.679 +00:00 [INF] HTTP GET /api/notifications responded 200 in 4.7413 ms
2026-05-27 02:25:34.707 +00:00 [INF] HTTP GET /api/notifications responded 200 in 3.1940 ms
2026-05-27 02:25:58.590 +00:00 [INF] HTTP GET /api/notifications responded 200 in 6.1038 ms
2026-05-27 02:26:03.740 +00:00 [INF] HTTP POST /api/auth/refresh responded 200 in 19.9509 ms
2026-05-27 02:26:03.872 +00:00 [INF] HTTP GET /api/departments responded 200 in 2.7764 ms
2026-05-27 02:26:03.875 +00:00 [INF] HTTP GET /api/notifications responded 200 in 4.0350 ms
2026-05-27 02:26:03.875 +00:00 [INF] HTTP GET /api/plans/resolve responded 200 in 3.7018 ms
2026-05-27 02:26:03.948 +00:00 [INF] HTTP GET /api/plans/34d45f31-2500-45e4-8bd2-bbda8551b618/approval-history responded 200 in 3.1932 ms
2026-05-27 02:26:03.948 +00:00 [INF] HTTP GET /api/plans/34d45f31-2500-45e4-8bd2-bbda8551b618/tasks responded 200 in 3.6179 ms
2026-05-27 02:26:03.951 +00:00 [INF] HTTP GET /api/plans/34d45f31-2500-45e4-8bd2-bbda8551b618/line-comments responded 200 in 3.8950 ms
2026-05-27 02:26:04.733 +00:00 [INF] HTTP GET /api/notifications responded 200 in 2.9766 ms
2026-05-27 02:26:14.462 +00:00 [INF] HTTP GET /api/admin/approval-configs responded 200 in 27.8140 ms
2026-05-27 02:26:19.245 +00:00 [INF] HTTP GET /api/admin/users responded 200 in 3.9738 ms
2026-05-27 02:26:21.101 +00:00 [INF] HTTP PUT /api/tasks/45879c98-272a-4bdb-bb52-86618f37fc9b responded 200 in 50.8612 ms
2026-05-27 02:26:21.157 +00:00 [INF] HTTP GET /api/plans/resolve responded 200 in 4.4623 ms
2026-05-27 02:26:21.157 +00:00 [INF] HTTP GET /api/plans/34d45f31-2500-45e4-8bd2-bbda8551b618/tasks responded 200 in 3.9251 ms
2026-05-27 02:26:21.159 +00:00 [INF] HTTP GET /api/plans/34d45f31-2500-45e4-8bd2-bbda8551b618/line-comments responded 200 in 4.3557 ms
2026-05-27 02:26:21.167 +00:00 [INF] HTTP GET /api/plans/34d45f31-2500-45e4-8bd2-bbda8551b618/approval-history responded 200 in 11.5885 ms
2026-05-27 02:26:34.761 +00:00 [INF] HTTP GET /api/notifications responded 200 in 4.1535 ms
2026-05-27 02:26:35.088 +00:00 [INF] HTTP GET /api/notifications responded 200 in 3.2970 ms
2026-05-27 02:26:35.101 +00:00 [INF] HTTP POST /api/plans/34d45f31-2500-45e4-8bd2-bbda8551b618/submit responded 200 in 19.9927 ms
2026-05-27 02:26:35.161 +00:00 [INF] HTTP GET /api/plans/resolve responded 200 in 3.2474 ms
2026-05-27 02:26:35.162 +00:00 [INF] HTTP GET /api/plans/34d45f31-2500-45e4-8bd2-bbda8551b618/tasks responded 200 in 3.3073 ms
2026-05-27 02:26:35.163 +00:00 [INF] HTTP GET /api/plans/34d45f31-2500-45e4-8bd2-bbda8551b618/line-comments responded 200 in 3.0545 ms
2026-05-27 02:26:35.164 +00:00 [INF] HTTP GET /api/plans/34d45f31-2500-45e4-8bd2-bbda8551b618/approval-history responded 200 in 3.3540 ms
2026-05-27 02:26:39.894 +00:00 [INF] HTTP POST /api/auth/logout responded 200 in 9.4500 ms
2026-05-27 02:26:40.778 +00:00 [INF] HTTP POST /api/auth/refresh responded 401 in 0.7439 ms
2026-05-27 02:27:01.603 +00:00 [INF] HTTP POST /api/auth/login responded 200 in 128.4650 ms
2026-05-27 02:27:01.701 +00:00 [INF] HTTP GET /api/departments responded 200 in 2.9399 ms
2026-05-27 02:27:01.703 +00:00 [INF] HTTP GET /api/notifications responded 200 in 3.6210 ms
2026-05-27 02:27:01.703 +00:00 [INF] HTTP GET /api/plans/resolve responded 200 in 2.9625 ms
2026-05-27 02:27:01.775 +00:00 [INF] HTTP GET /api/plans/34d45f31-2500-45e4-8bd2-bbda8551b618/tasks responded 200 in 5.0807 ms
2026-05-27 02:27:01.776 +00:00 [INF] HTTP GET /api/plans/34d45f31-2500-45e4-8bd2-bbda8551b618/line-comments responded 200 in 4.1286 ms
2026-05-27 02:27:01.775 +00:00 [INF] HTTP GET /api/plans/34d45f31-2500-45e4-8bd2-bbda8551b618/approval-history responded 200 in 3.5124 ms
2026-05-27 02:27:14.986 +00:00 [INF] HTTP POST /api/auth/logout responded 200 in 8.9349 ms
2026-05-27 02:27:15.850 +00:00 [INF] HTTP POST /api/auth/refresh responded 401 in 1.1140 ms
2026-05-27 02:27:30.123 +00:00 [INF] HTTP POST /api/auth/login responded 200 in 146.4265 ms
2026-05-27 02:27:30.220 +00:00 [INF] HTTP GET /api/departments responded 200 in 2.4703 ms
2026-05-27 02:27:30.224 +00:00 [INF] HTTP GET /api/notifications responded 200 in 4.4377 ms
2026-05-27 02:27:30.224 +00:00 [INF] HTTP GET /api/plans/resolve responded 200 in 3.5448 ms
2026-05-27 02:27:30.285 +00:00 [INF] HTTP GET /api/plans/34d45f31-2500-45e4-8bd2-bbda8551b618/tasks responded 200 in 3.7078 ms
2026-05-27 02:27:30.285 +00:00 [INF] HTTP GET /api/plans/34d45f31-2500-45e4-8bd2-bbda8551b618/line-comments responded 200 in 2.8096 ms
2026-05-27 02:27:30.287 +00:00 [INF] HTTP GET /api/plans/34d45f31-2500-45e4-8bd2-bbda8551b618/approval-history responded 200 in 3.5021 ms
2026-05-27 02:27:44.020 +00:00 [INF] HTTP POST /api/plans/34d45f31-2500-45e4-8bd2-bbda8551b618/return responded 200 in 23.0193 ms
2026-05-27 02:27:44.071 +00:00 [INF] HTTP GET /api/plans/resolve responded 200 in 3.9290 ms
2026-05-27 02:27:44.072 +00:00 [INF] HTTP GET /api/plans/34d45f31-2500-45e4-8bd2-bbda8551b618/line-comments responded 200 in 3.2300 ms
2026-05-27 02:27:44.073 +00:00 [INF] HTTP GET /api/plans/34d45f31-2500-45e4-8bd2-bbda8551b618/tasks responded 200 in 3.9181 ms
2026-05-27 02:27:44.073 +00:00 [INF] HTTP GET /api/plans/34d45f31-2500-45e4-8bd2-bbda8551b618/approval-history responded 200 in 2.9010 ms
2026-05-27 02:27:47.190 +00:00 [INF] HTTP POST /api/auth/logout responded 200 in 9.0558 ms
2026-05-27 02:27:47.930 +00:00 [INF] HTTP POST /api/auth/refresh responded 401 in 0.6050 ms
2026-05-27 02:27:54.926 +00:00 [INF] HTTP POST /api/auth/login responded 401 in 3.9670 ms
2026-05-27 02:28:02.260 +00:00 [INF] HTTP POST /api/auth/login responded 401 in 3.5523 ms
2026-05-27 02:28:08.757 +00:00 [INF] HTTP POST /api/auth/login responded 200 in 127.7764 ms
2026-05-27 02:28:08.856 +00:00 [INF] HTTP GET /api/departments responded 200 in 2.6098 ms
2026-05-27 02:28:08.862 +00:00 [INF] HTTP GET /api/notifications responded 200 in 5.0457 ms
2026-05-27 02:28:08.862 +00:00 [INF] HTTP GET /api/plans/resolve responded 200 in 5.0217 ms
2026-05-27 02:28:08.924 +00:00 [INF] HTTP GET /api/plans/34d45f31-2500-45e4-8bd2-bbda8551b618/tasks responded 200 in 3.4571 ms
2026-05-27 02:28:08.925 +00:00 [INF] HTTP GET /api/plans/34d45f31-2500-45e4-8bd2-bbda8551b618/approval-history responded 200 in 2.5134 ms
2026-05-27 02:28:08.925 +00:00 [INF] HTTP GET /api/plans/34d45f31-2500-45e4-8bd2-bbda8551b618/line-comments responded 200 in 2.3972 ms
2026-05-27 02:28:13.160 +00:00 [INF] HTTP GET /api/api/tasks/45879c98-272a-4bdb-bb52-86618f37fc9b/attachments responded 404 in 0.2076 ms
2026-05-27 02:28:14.182 +00:00 [INF] HTTP GET /api/api/tasks/45879c98-272a-4bdb-bb52-86618f37fc9b/attachments responded 404 in 0.3873 ms
2026-05-27 02:28:14.310 +00:00 [INF] HTTP POST /api/line-comments/6fa9adf0-d8a0-4ec1-949c-9e22f8d99d41/resolve responded 200 in 15.9588 ms
2026-05-27 02:28:14.339 +00:00 [INF] HTTP GET /api/plans/34d45f31-2500-45e4-8bd2-bbda8551b618/line-comments responded 200 in 3.2532 ms
2026-05-27 02:28:14.369 +00:00 [INF] HTTP GET /api/plans/34d45f31-2500-45e4-8bd2-bbda8551b618/tasks responded 200 in 4.9603 ms
2026-05-27 02:28:15.587 +00:00 [INF] HTTP GET /api/api/tasks/ac521628-6d94-433c-91c1-e6812474faf3/attachments responded 404 in 0.2045 ms
2026-05-27 02:28:16.444 +00:00 [INF] HTTP POST /api/line-comments/1e0125bc-39d1-494b-a161-f7bdcb3531e6/resolve responded 200 in 15.5985 ms
2026-05-27 02:28:16.475 +00:00 [INF] HTTP GET /api/plans/34d45f31-2500-45e4-8bd2-bbda8551b618/line-comments responded 200 in 3.5127 ms
2026-05-27 02:28:16.506 +00:00 [INF] HTTP GET /api/plans/34d45f31-2500-45e4-8bd2-bbda8551b618/tasks responded 200 in 4.4959 ms
2026-05-27 02:28:16.612 +00:00 [INF] HTTP GET /api/api/tasks/ac521628-6d94-433c-91c1-e6812474faf3/attachments responded 404 in 0.2514 ms
2026-05-27 02:28:21.659 +00:00 [INF] HTTP PUT /api/tasks/45879c98-272a-4bdb-bb52-86618f37fc9b responded 200 in 17.5282 ms
2026-05-27 02:28:21.709 +00:00 [INF] HTTP GET /api/plans/resolve responded 200 in 4.1984 ms
2026-05-27 02:28:21.715 +00:00 [INF] HTTP GET /api/plans/34d45f31-2500-45e4-8bd2-bbda8551b618/tasks responded 200 in 6.4787 ms
2026-05-27 02:28:21.717 +00:00 [INF] HTTP GET /api/plans/34d45f31-2500-45e4-8bd2-bbda8551b618/line-comments responded 200 in 5.7497 ms
2026-05-27 02:28:21.718 +00:00 [INF] HTTP GET /api/plans/34d45f31-2500-45e4-8bd2-bbda8551b618/approval-history responded 200 in 4.7703 ms
2026-05-27 02:28:22.718 +00:00 [INF] HTTP POST /api/plans/34d45f31-2500-45e4-8bd2-bbda8551b618/submit responded 200 in 15.5104 ms
2026-05-27 02:28:22.775 +00:00 [INF] HTTP GET /api/plans/resolve responded 200 in 3.3640 ms
2026-05-27 02:28:22.777 +00:00 [INF] HTTP GET /api/plans/34d45f31-2500-45e4-8bd2-bbda8551b618/approval-history responded 200 in 2.9203 ms
2026-05-27 02:28:22.777 +00:00 [INF] HTTP GET /api/plans/34d45f31-2500-45e4-8bd2-bbda8551b618/line-comments responded 200 in 3.0545 ms
2026-05-27 02:28:22.779 +00:00 [INF] HTTP GET /api/plans/34d45f31-2500-45e4-8bd2-bbda8551b618/tasks responded 200 in 5.1624 ms
2026-05-27 02:28:38.907 +00:00 [INF] HTTP GET /api/notifications responded 200 in 3.4144 ms
2026-05-27 02:30:03.569 +00:00 [INF] HTTP POST /api/auth/refresh responded 200 in 18.9150 ms
2026-05-27 02:31:35.313 +00:00 [INF] HTTP GET /api/api/tasks/45879c98-272a-4bdb-bb52-86618f37fc9b/attachments responded 404 in 0.3105 ms
2026-05-27 02:31:38.034 +00:00 [INF] HTTP GET /api/personal-evaluations responded 200 in 18.6263 ms
2026-05-27 02:31:38.963 +00:00 [INF] HTTP GET /api/notifications responded 200 in 3.9133 ms
2026-05-27 02:32:09.023 +00:00 [INF] HTTP GET /api/notifications responded 200 in 3.1625 ms
2026-05-27 02:32:39.065 +00:00 [INF] HTTP GET /api/notifications responded 200 in 3.1809 ms
2026-05-27 02:33:09.117 +00:00 [INF] HTTP GET /api/notifications responded 200 in 2.9430 ms
2026-05-27 02:33:39.158 +00:00 [INF] HTTP GET /api/notifications responded 200 in 3.0848 ms
2026-05-27 02:34:09.228 +00:00 [INF] HTTP GET /api/notifications responded 200 in 7.3350 ms
2026-05-27 02:34:39.273 +00:00 [INF] HTTP GET /api/notifications responded 200 in 2.9388 ms
2026-05-27 02:35:09.312 +00:00 [INF] HTTP GET /api/notifications responded 200 in 2.5241 ms
2026-05-27 02:35:39.368 +00:00 [INF] HTTP GET /api/notifications responded 200 in 3.8405 ms
2026-05-27 02:36:09.416 +00:00 [INF] HTTP GET /api/notifications responded 200 in 3.2134 ms
2026-05-27 02:36:24.858 +00:00 [INF] HTTP GET /api/personal-evaluations responded 200 in 30.5673 ms
2026-05-27 02:36:39.461 +00:00 [INF] HTTP GET /api/notifications responded 200 in 2.8990 ms
2026-05-27 02:37:09.517 +00:00 [INF] HTTP GET /api/notifications responded 200 in 3.3233 ms
2026-05-27 02:37:37.696 +00:00 [INF] HTTP GET /api/personal-evaluations responded 200 in 6.7650 ms
2026-05-27 02:37:39.573 +00:00 [INF] HTTP GET /api/notifications responded 200 in 6.0349 ms
2026-05-27 02:38:09.628 +00:00 [INF] HTTP GET /api/notifications responded 200 in 3.0114 ms
2026-05-27 02:38:16.443 +00:00 [INF] HTTP GET /api/personal-evaluations responded 200 in 5.8376 ms
2026-05-27 02:38:39.673 +00:00 [INF] HTTP GET /api/notifications responded 200 in 3.7937 ms
2026-05-27 02:39:29.990 +00:00 [INF] HTTP GET /api/personal-evaluations responded 200 in 6.3069 ms
2026-05-27 02:45:16.723 +00:00 [INF] HTTP GET /api/notifications responded 401 in 2.4763 ms
2026-05-27 02:45:17.288 +00:00 [INF] HTTP POST /api/auth/refresh responded 200 in 503.6900 ms
2026-05-27 02:45:17.389 +00:00 [INF] HTTP GET /api/notifications responded 200 in 11.7164 ms
2026-05-27 02:45:36.222 +00:00 [INF] HTTP POST /api/auth/refresh responded 200 in 39.3727 ms
2026-05-27 02:45:36.459 +00:00 [INF] HTTP GET /api/departments responded 200 in 5.4801 ms
2026-05-27 02:45:36.485 +00:00 [INF] HTTP GET /api/notifications responded 200 in 30.0819 ms
2026-05-27 02:45:36.489 +00:00 [INF] HTTP GET /api/personal-evaluations responded 200 in 34.0917 ms
2026-05-27 02:57:32.407 +00:00 [INF] HTTP GET /api/notifications responded 200 in 115.7963 ms
2026-05-27 02:57:34.734 +00:00 [INF] HTTP POST /api/auth/logout responded 200 in 9.6024 ms
2026-05-27 02:57:36.005 +00:00 [INF] HTTP POST /api/auth/refresh responded 401 in 0.8881 ms
2026-05-27 02:57:47.432 +00:00 [INF] HTTP POST /api/auth/login responded 200 in 127.3843 ms
2026-05-27 02:57:47.498 +00:00 [INF] HTTP GET /api/departments responded 200 in 2.1214 ms
2026-05-27 02:57:47.502 +00:00 [INF] HTTP GET /api/notifications responded 200 in 3.1980 ms
2026-05-27 02:57:47.508 +00:00 [INF] HTTP GET /api/plans/resolve responded 200 in 8.4517 ms
2026-05-27 02:57:47.568 +00:00 [INF] HTTP GET /api/plans/34d45f31-2500-45e4-8bd2-bbda8551b618/tasks responded 200 in 5.6671 ms
2026-05-27 02:57:47.570 +00:00 [INF] HTTP GET /api/plans/34d45f31-2500-45e4-8bd2-bbda8551b618/line-comments responded 200 in 6.2237 ms
2026-05-27 02:57:47.575 +00:00 [INF] HTTP GET /api/plans/34d45f31-2500-45e4-8bd2-bbda8551b618/approval-history responded 200 in 10.4554 ms
2026-05-27 02:57:48.708 +00:00 [INF] HTTP GET /api/personal-evaluations/scorable-users responded 404 in 0.2379 ms
2026-05-27 02:57:49.740 +00:00 [INF] HTTP GET /api/personal-evaluations/scorable-users responded 404 in 0.1744 ms
2026-05-27 02:58:17.555 +00:00 [INF] HTTP GET /api/notifications responded 200 in 5.2832 ms
2026-05-27 03:05:50.688 +00:00 [INF] HTTP GET /api/notifications responded 200 in 139.3457 ms
2026-05-27 03:40:03.616 +00:00 [INF] HTTP POST /api/auth/refresh responded 200 in 209.9307 ms
2026-05-27 03:40:03.810 +00:00 [INF] HTTP GET /api/notifications responded 200 in 8.3474 ms
2026-05-27 03:40:03.819 +00:00 [INF] HTTP GET /api/departments responded 200 in 15.1678 ms
2026-05-27 03:40:03.819 +00:00 [INF] HTTP GET /api/admin/departments responded 200 in 17.2772 ms
2026-05-27 03:40:30.509 +00:00 [INF] HTTP GET /api/plans/resolve responded 200 in 15.2662 ms
2026-05-27 03:40:30.576 +00:00 [INF] HTTP GET /api/plans/9555be4b-2666-4fd5-9304-276a0023f509/approval-history responded 200 in 10.5015 ms
2026-05-27 03:40:30.579 +00:00 [INF] HTTP GET /api/plans/9555be4b-2666-4fd5-9304-276a0023f509/line-comments responded 200 in 14.9612 ms
2026-05-27 03:40:30.581 +00:00 [INF] HTTP GET /api/plans/9555be4b-2666-4fd5-9304-276a0023f509/tasks responded 200 in 15.7118 ms
2026-05-27 03:40:33.910 +00:00 [INF] HTTP GET /api/notifications responded 200 in 6.2388 ms
2026-05-27 03:40:34.735 +00:00 [INF] HTTP GET /api/api/plans/9555be4b-2666-4fd5-9304-276a0023f509/attachments responded 404 in 1.8232 ms
2026-05-27 03:40:34.738 +00:00 [INF] HTTP GET /api/plans/9555be4b-2666-4fd5-9304-276a0023f509/approval-history responded 200 in 7.6345 ms
2026-05-27 03:40:34.743 +00:00 [INF] HTTP GET /api/plans/main/9555be4b-2666-4fd5-9304-276a0023f509 responded 200 in 14.8794 ms
2026-05-27 03:40:35.127 +00:00 [INF] HTTP GET /api/plans/main/9555be4b-2666-4fd5-9304-276a0023f509/export-excel responded 200 in 392.7234 ms
2026-05-27 03:40:35.278 +00:00 [INF] HTTP GET /api/plans/main/9555be4b-2666-4fd5-9304-276a0023f509/export-excel responded 200 in 25.7257 ms
2026-05-27 03:40:35.784 +00:00 [INF] HTTP GET /api/api/plans/9555be4b-2666-4fd5-9304-276a0023f509/attachments responded 404 in 1.2687 ms
2026-05-27 03:41:03.944 +00:00 [INF] HTTP GET /api/notifications responded 200 in 4.0717 ms
2026-05-27 03:41:31.037 +00:00 [INF] HTTP POST /api/auth/logout responded 200 in 10.9128 ms
2026-05-27 03:41:31.421 +00:00 [INF] HTTP POST /api/auth/refresh responded 401 in 6.6573 ms
2026-05-27 03:41:34.359 +00:00 [INF] HTTP POST /api/auth/login responded 200 in 130.1184 ms
2026-05-27 03:41:34.419 +00:00 [INF] HTTP GET /api/departments responded 200 in 2.3467 ms
2026-05-27 03:41:34.419 +00:00 [INF] HTTP GET /api/notifications responded 200 in 3.5745 ms
2026-05-27 03:41:34.422 +00:00 [INF] HTTP GET /api/plans/resolve responded 200 in 5.1267 ms
2026-05-27 03:41:34.457 +00:00 [INF] HTTP GET /api/plans/74fcbad6-515b-428d-8006-fa453c06dfb6/tasks responded 200 in 4.7386 ms
2026-05-27 03:41:34.458 +00:00 [INF] HTTP GET /api/plans/74fcbad6-515b-428d-8006-fa453c06dfb6/approval-history responded 200 in 2.9660 ms
2026-05-27 03:41:34.459 +00:00 [INF] HTTP GET /api/plans/74fcbad6-515b-428d-8006-fa453c06dfb6/line-comments responded 200 in 3.9664 ms
2026-05-27 03:42:01.971 +00:00 [INF] HTTP POST /api/auth/refresh responded 200 in 30.0436 ms
2026-05-27 03:42:02.148 +00:00 [INF] HTTP GET /api/departments responded 200 in 5.9671 ms
2026-05-27 03:42:02.150 +00:00 [INF] HTTP GET /api/plans/resolve responded 200 in 13.1357 ms
2026-05-27 03:42:02.155 +00:00 [INF] HTTP GET /api/notifications responded 200 in 12.4976 ms
2026-05-27 03:42:02.365 +00:00 [INF] HTTP GET /api/plans/34d45f31-2500-45e4-8bd2-bbda8551b618/tasks responded 200 in 12.0640 ms
2026-05-27 03:42:02.367 +00:00 [INF] HTTP GET /api/plans/34d45f31-2500-45e4-8bd2-bbda8551b618/approval-history responded 200 in 10.9175 ms
2026-05-27 03:42:02.373 +00:00 [INF] HTTP GET /api/plans/34d45f31-2500-45e4-8bd2-bbda8551b618/line-comments responded 200 in 15.1295 ms
2026-05-27 03:42:04.466 +00:00 [INF] HTTP GET /api/notifications responded 200 in 4.1058 ms
2026-05-27 03:42:32.299 +00:00 [INF] HTTP GET /api/notifications responded 200 in 3.1943 ms
2026-05-27 03:43:02.338 +00:00 [INF] HTTP GET /api/notifications responded 200 in 3.3601 ms
2026-05-27 03:43:32.381 +00:00 [INF] HTTP GET /api/notifications responded 200 in 3.6349 ms
2026-05-27 03:44:02.419 +00:00 [INF] HTTP GET /api/notifications responded 200 in 3.0339 ms
2026-05-27 03:44:32.454 +00:00 [INF] HTTP GET /api/notifications responded 200 in 3.2205 ms
2026-05-27 03:45:02.496 +00:00 [INF] HTTP GET /api/notifications responded 200 in 3.1868 ms
2026-05-27 03:45:32.542 +00:00 [INF] HTTP GET /api/notifications responded 200 in 3.1138 ms
2026-05-27 03:46:02.582 +00:00 [INF] HTTP GET /api/notifications responded 200 in 3.3199 ms
2026-05-27 03:46:32.615 +00:00 [INF] HTTP GET /api/notifications responded 200 in 3.4471 ms
2026-05-27 03:47:02.649 +00:00 [INF] HTTP GET /api/notifications responded 200 in 3.5824 ms
2026-05-27 03:47:32.696 +00:00 [INF] HTTP GET /api/notifications responded 200 in 3.4609 ms
2026-05-27 03:48:02.731 +00:00 [INF] HTTP GET /api/notifications responded 200 in 3.6412 ms
2026-05-27 03:48:32.772 +00:00 [INF] HTTP GET /api/notifications responded 200 in 3.1918 ms
2026-05-27 03:49:02.811 +00:00 [INF] HTTP GET /api/notifications responded 200 in 2.7411 ms
2026-05-27 03:49:32.848 +00:00 [INF] HTTP GET /api/notifications responded 200 in 3.7770 ms
2026-05-27 03:50:02.888 +00:00 [INF] HTTP GET /api/notifications responded 200 in 3.3071 ms
2026-05-27 03:50:32.940 +00:00 [INF] HTTP GET /api/notifications responded 200 in 2.6429 ms
2026-05-27 03:51:02.973 +00:00 [INF] HTTP GET /api/notifications responded 200 in 3.1709 ms
2026-05-27 03:51:20.683 +00:00 [INF] HTTP GET /api/personal-evaluations/scorable-users responded 404 in 0.7100 ms
2026-05-27 03:51:21.716 +00:00 [INF] HTTP GET /api/personal-evaluations/scorable-users responded 404 in 0.3591 ms
2026-05-27 03:51:33.004 +00:00 [INF] HTTP GET /api/notifications responded 200 in 7.4253 ms
2026-05-27 03:52:03.046 +00:00 [INF] HTTP GET /api/notifications responded 200 in 3.0375 ms
2026-05-27 03:52:33.090 +00:00 [INF] HTTP GET /api/notifications responded 200 in 5.2630 ms
2026-05-27 03:53:03.135 +00:00 [INF] HTTP GET /api/notifications responded 200 in 6.2173 ms
2026-05-27 03:53:33.176 +00:00 [INF] HTTP GET /api/notifications responded 200 in 2.8354 ms
2026-05-27 03:53:34.510 +00:00 [INF] HTTP GET /api/notifications responded 200 in 2.9416 ms
2026-05-27 03:54:03.215 +00:00 [INF] HTTP GET /api/notifications responded 200 in 3.5336 ms
2026-05-27 03:54:04.556 +00:00 [INF] HTTP GET /api/notifications responded 200 in 2.9709 ms
2026-05-27 03:54:33.253 +00:00 [INF] HTTP GET /api/notifications responded 200 in 3.3426 ms
2026-05-27 03:54:34.586 +00:00 [INF] HTTP GET /api/notifications responded 200 in 4.1720 ms
2026-05-27 03:54:53.834 +00:00 [INF] HTTP GET /api/notifications responded 401 in 4.0272 ms
2026-05-27 03:54:54.122 +00:00 [ERR] An error occurred using the connection to database 'khct' on server 'db'.
2026-05-27 03:54:54.136 +00:00 [ERR] Unhandled exception
System.OperationCanceledException: The operation was canceled.
   at System.Threading.CancellationToken.ThrowOperationCanceledException()
   at MySqlConnector.MySqlConnection.OpenAsync(Nullable`1 ioBehavior, CancellationToken cancellationToken) in /_/src/MySqlConnector/MySqlConnection.cs:line 390
   at Microsoft.EntityFrameworkCore.Storage.RelationalConnection.OpenInternalAsync(Boolean errorsExpected, CancellationToken cancellationToken)
   at Microsoft.EntityFrameworkCore.Storage.RelationalConnection.OpenInternalAsync(Boolean errorsExpected, CancellationToken cancellationToken)
   at Microsoft.EntityFrameworkCore.Storage.RelationalConnection.OpenAsync(CancellationToken cancellationToken, Boolean errorsExpected)
   at Pomelo.EntityFrameworkCore.MySql.Storage.Internal.MySqlRelationalConnection.OpenAsync(CancellationToken cancellationToken, Boolean errorsExpected)
   at Microsoft.EntityFrameworkCore.Storage.RelationalCommand.ExecuteReaderAsync(RelationalCommandParameterObject parameterObject, CancellationToken cancellationToken)
   at Microsoft.EntityFrameworkCore.Query.Internal.SingleQueryingEnumerable`1.AsyncEnumerator.InitializeReaderAsync(AsyncEnumerator enumerator, CancellationToken cancellationToken)
   at Pomelo.EntityFrameworkCore.MySql.Storage.Internal.MySqlExecutionStrategy.ExecuteAsync[TState,TResult](TState state, Func`4 operation, Func`4 verifySucceeded, CancellationToken cancellationToken)
   at Microsoft.EntityFrameworkCore.Query.Internal.SingleQueryingEnumerable`1.AsyncEnumerator.MoveNextAsync()
   at Microsoft.EntityFrameworkCore.Query.ShapedQueryCompilingExpressionVisitor.SingleOrDefaultAsync[TSource](IAsyncEnumerable`1 asyncEnumerable, CancellationToken cancellationToken)
   at Microsoft.EntityFrameworkCore.Query.ShapedQueryCompilingExpressionVisitor.SingleOrDefaultAsync[TSource](IAsyncEnumerable`1 asyncEnumerable, CancellationToken cancellationToken)
   at KHCT.Application.Auth.Refresh.RefreshHandler.Handle(RefreshTokenCommand request, CancellationToken ct)
   at KHCT.Application.Common.Behaviors.ValidationBehavior`2.Handle(TRequest request, RequestHandlerDelegate`1 next, CancellationToken cancellationToken)
   at MediatR.Pipeline.RequestExceptionProcessorBehavior`2.Handle(TRequest request, RequestHandlerDelegate`1 next, CancellationToken cancellationToken)
   at MediatR.Pipeline.RequestExceptionProcessorBehavior`2.Handle(TRequest request, RequestHandlerDelegate`1 next, CancellationToken cancellationToken)
   at MediatR.Pipeline.RequestExceptionActionProcessorBehavior`2.Handle(TRequest request, RequestHandlerDelegate`1 next, CancellationToken cancellationToken)
   at MediatR.Pipeline.RequestExceptionActionProcessorBehavior`2.Handle(TRequest request, RequestHandlerDelegate`1 next, CancellationToken cancellationToken)
   at MediatR.Pipeline.RequestPostProcessorBehavior`2.Handle(TRequest request, RequestHandlerDelegate`1 next, CancellationToken cancellationToken)
   at MediatR.Pipeline.RequestPreProcessorBehavior`2.Handle(TRequest request, RequestHandlerDelegate`1 next, CancellationToken cancellationToken)
   at KHCT.Api.Controllers.AuthController.Refresh(RefreshRequest body, CancellationToken ct)
   at Microsoft.AspNetCore.Mvc.Infrastructure.ActionMethodExecutor.TaskOfIActionResultExecutor.Execute(ActionContext actionContext, IActionResultTypeMapper mapper, ObjectMethodExecutor executor, Object controller, Object[] arguments)
   at Microsoft.AspNetCore.Mvc.Infrastructure.ControllerActionInvoker.<InvokeActionMethodAsync>g__Awaited|12_0(ControllerActionInvoker invoker, ValueTask`1 actionResultValueTask)
   at Microsoft.AspNetCore.Mvc.Infrastructure.ControllerActionInvoker.<InvokeNextActionFilterAsync>g__Awaited|10_0(ControllerActionInvoker invoker, Task lastTask, State next, Scope scope, Object state, Boolean isCompleted)
   at Microsoft.AspNetCore.Mvc.Infrastructure.ControllerActionInvoker.Rethrow(ActionExecutedContextSealed context)
   at Microsoft.AspNetCore.Mvc.Infrastructure.ControllerActionInvoker.Next(State& next, Scope& scope, Object& state, Boolean& isCompleted)
   at Microsoft.AspNetCore.Mvc.Infrastructure.ControllerActionInvoker.InvokeInnerFilterAsync()
--- End of stack trace from previous location ---
   at Microsoft.AspNetCore.Mvc.Infrastructure.ResourceInvoker.<InvokeFilterPipelineAsync>g__Awaited|20_0(ResourceInvoker invoker, Task lastTask, State next, Scope scope, Object state, Boolean isCompleted)
   at Microsoft.AspNetCore.Mvc.Infrastructure.ResourceInvoker.<InvokeAsync>g__Awaited|17_0(ResourceInvoker invoker, Task task, IDisposable scope)
   at Microsoft.AspNetCore.Mvc.Infrastructure.ResourceInvoker.<InvokeAsync>g__Awaited|17_0(ResourceInvoker invoker, Task task, IDisposable scope)
   at Microsoft.AspNetCore.Authorization.AuthorizationMiddleware.Invoke(HttpContext context)
   at Microsoft.AspNetCore.Authentication.AuthenticationMiddleware.Invoke(HttpContext context)
   at Swashbuckle.AspNetCore.SwaggerUI.SwaggerUIMiddleware.Invoke(HttpContext httpContext)
   at Swashbuckle.AspNetCore.Swagger.SwaggerMiddleware.Invoke(HttpContext httpContext, ISwaggerProvider swaggerProvider)
   at KHCT.Api.Middleware.ExceptionMiddleware.InvokeAsync(HttpContext context)
2026-05-27 03:54:54.205 +00:00 [ERR] HTTP POST /api/auth/refresh responded 500 in 100.9908 ms
2026-05-27 03:54:55.013 +00:00 [INF] HTTP POST /api/auth/refresh responded 200 in 24.7730 ms
2026-05-27 03:54:55.247 +00:00 [INF] HTTP GET /api/departments responded 200 in 2.6606 ms
2026-05-27 03:54:55.251 +00:00 [INF] HTTP GET /api/plans/resolve responded 200 in 4.5501 ms
2026-05-27 03:54:55.394 +00:00 [INF] HTTP GET /api/notifications responded 200 in 149.5398 ms
2026-05-27 03:54:55.640 +00:00 [INF] HTTP GET /api/plans/9555be4b-2666-4fd5-9304-276a0023f509/line-comments responded 200 in 4.5979 ms
2026-05-27 03:54:55.643 +00:00 [INF] HTTP GET /api/plans/9555be4b-2666-4fd5-9304-276a0023f509/tasks responded 200 in 8.0083 ms
2026-05-27 03:54:55.954 +00:00 [INF] HTTP GET /api/plans/9555be4b-2666-4fd5-9304-276a0023f509/approval-history responded 200 in 4.5441 ms
2026-05-27 03:55:04.617 +00:00 [INF] HTTP GET /api/notifications responded 200 in 3.6524 ms
2026-05-27 03:55:34.656 +00:00 [INF] HTTP GET /api/notifications responded 200 in 3.3144 ms
2026-05-27 03:56:04.695 +00:00 [INF] HTTP GET /api/notifications responded 200 in 3.6002 ms
2026-05-27 03:56:34.724 +00:00 [INF] HTTP GET /api/notifications responded 200 in 4.0520 ms
2026-05-27 03:57:04.768 +00:00 [INF] HTTP GET /api/notifications responded 401 in 0.5993 ms
2026-05-27 03:57:04.812 +00:00 [INF] HTTP POST /api/auth/refresh responded 200 in 13.9182 ms
2026-05-27 03:57:04.908 +00:00 [INF] HTTP GET /api/notifications responded 200 in 3.3561 ms
2026-05-27 03:57:34.960 +00:00 [INF] HTTP GET /api/notifications responded 200 in 3.4086 ms
2026-05-27 03:58:04.989 +00:00 [INF] HTTP GET /api/notifications responded 200 in 2.8105 ms
2026-05-27 03:58:35.028 +00:00 [INF] HTTP GET /api/notifications responded 200 in 3.0035 ms
2026-05-27 03:59:05.070 +00:00 [INF] HTTP GET /api/notifications responded 200 in 3.5132 ms
2026-05-27 04:02:20.631 +00:00 [INF] HTTP GET /api/personal-evaluations responded 200 in 125.0939 ms
2026-05-27 04:02:35.102 +00:00 [INF] HTTP GET /api/notifications responded 200 in 3.6220 ms
2026-05-27 04:03:05.132 +00:00 [INF] HTTP GET /api/notifications responded 200 in 3.4498 ms
2026-05-27 04:03:10.805 +00:00 [INF] HTTP GET /api/personal-evaluations/4e998791-1a3b-42f2-b647-27bda1d997eb/export/phu-luc-01a responded 200 in 67.6863 ms
2026-05-27 06:23:04.960 +00:00 [INF] HTTP POST /api/auth/refresh responded 200 in 373.5034 ms
2026-05-27 06:23:05.220 +00:00 [INF] HTTP GET /api/departments responded 200 in 4.2079 ms
2026-05-27 06:23:05.233 +00:00 [INF] HTTP GET /api/notifications responded 200 in 16.4212 ms
2026-05-27 06:23:05.329 +00:00 [INF] HTTP POST /api/auth/refresh responded 200 in 31.9858 ms
2026-05-27 06:23:05.541 +00:00 [INF] HTTP GET /api/plans/resolve responded 200 in 10.5070 ms
2026-05-27 06:23:05.781 +00:00 [INF] HTTP GET /api/personal-evaluations/scorable-users responded 404 in 0.7317 ms
2026-05-27 06:23:05.782 +00:00 [INF] HTTP GET /api/departments responded 200 in 3.9348 ms
2026-05-27 06:23:05.784 +00:00 [INF] HTTP GET /api/notifications responded 200 in 5.3210 ms
2026-05-27 06:23:05.991 +00:00 [INF] HTTP GET /api/plans/9555be4b-2666-4fd5-9304-276a0023f509/line-comments responded 200 in 10.7832 ms
2026-05-27 06:23:05.993 +00:00 [INF] HTTP GET /api/plans/9555be4b-2666-4fd5-9304-276a0023f509/tasks responded 200 in 12.4214 ms
2026-05-27 06:23:06.000 +00:00 [INF] HTTP GET /api/plans/9555be4b-2666-4fd5-9304-276a0023f509/approval-history responded 200 in 17.4182 ms
2026-05-27 06:28:31.973 +00:00 [INF] HTTP GET /api/personal-evaluations/scorable-users responded 404 in 0.5417 ms
2026-05-27 06:28:32.130 +00:00 [INF] HTTP GET /api/notifications responded 200 in 148.5613 ms
2026-05-27 06:28:40.216 +00:00 [INF] HTTP POST /api/auth/refresh responded 200 in 22.4924 ms
2026-05-27 06:28:40.386 +00:00 [INF] HTTP GET /api/personal-evaluations/scorable-users responded 404 in 0.2602 ms
2026-05-27 06:28:40.392 +00:00 [INF] HTTP GET /api/departments responded 200 in 3.0585 ms
2026-05-27 06:28:40.400 +00:00 [INF] HTTP GET /api/notifications responded 200 in 11.2647 ms
2026-05-27 06:28:41.428 +00:00 [INF] HTTP GET /api/personal-evaluations/scorable-users responded 404 in 0.2226 ms
2026-05-27 06:29:26.587 +00:00 [WRN] Overriding HTTP_PORTS '8080' and HTTPS_PORTS ''. Binding to values defined by URLS instead 'http://0.0.0.0:8080'.
2026-05-27 06:29:26.702 +00:00 [INF] KHCT API started on http://0.0.0.0:8080
2026-05-27 06:29:28.939 +00:00 [INF] HTTP POST /api/auth/login responded 200 in 2105.0201 ms
2026-05-27 06:29:29.129 +00:00 [INF] HTTP GET /api/departments responded 200 in 120.0677 ms
2026-05-27 06:29:29.151 +00:00 [INF] HTTP GET /api/plans/resolve responded 200 in 142.1876 ms
2026-05-27 06:29:29.166 +00:00 [INF] HTTP GET /api/notifications responded 200 in 156.7705 ms
2026-05-27 06:29:29.270 +00:00 [INF] HTTP GET /api/plans/34d45f31-2500-45e4-8bd2-bbda8551b618/approval-history responded 200 in 60.5615 ms
2026-05-27 06:29:29.276 +00:00 [INF] HTTP GET /api/plans/34d45f31-2500-45e4-8bd2-bbda8551b618/tasks responded 200 in 69.2288 ms
2026-05-27 06:29:29.284 +00:00 [INF] HTTP GET /api/plans/34d45f31-2500-45e4-8bd2-bbda8551b618/line-comments responded 200 in 74.0587 ms
2026-05-27 06:29:30.413 +00:00 [INF] HTTP GET /api/personal-evaluations/scorable-users responded 200 in 46.8127 ms
2026-05-27 06:29:32.030 +00:00 [INF] HTTP GET /api/personal-evaluations responded 200 in 129.4639 ms
2026-05-27 06:29:41.867 +00:00 [INF] HTTP GET /api/personal-evaluations responded 200 in 14.4573 ms
2026-05-27 06:29:49.234 +00:00 [INF] HTTP PUT /api/personal-evaluations/period/ed5acaae-bd5b-42af-b8a9-3f419fc2d05d responded 200 in 60.1639 ms
2026-05-27 06:29:49.266 +00:00 [INF] HTTP GET /api/personal-evaluations responded 200 in 6.0519 ms
2026-05-27 06:29:51.070 +00:00 [INF] HTTP PUT /api/personal-evaluations/period/ed5acaae-bd5b-42af-b8a9-3f419fc2d05d responded 200 in 16.9065 ms
2026-05-27 06:29:51.099 +00:00 [INF] HTTP GET /api/personal-evaluations responded 200 in 4.1465 ms
2026-05-27 06:29:52.714 +00:00 [INF] HTTP PUT /api/personal-evaluations/period/ed5acaae-bd5b-42af-b8a9-3f419fc2d05d responded 200 in 19.8318 ms
2026-05-27 06:29:52.743 +00:00 [INF] HTTP GET /api/personal-evaluations responded 200 in 3.8823 ms
2026-05-27 06:29:59.226 +00:00 [INF] HTTP GET /api/notifications responded 200 in 6.0291 ms
2026-05-27 06:30:03.750 +00:00 [INF] HTTP POST /api/auth/refresh responded 200 in 44.8413 ms
2026-05-27 06:30:03.886 +00:00 [INF] HTTP GET /api/personal-evaluations/scorable-users responded 200 in 7.2551 ms
2026-05-27 06:30:03.887 +00:00 [INF] HTTP GET /api/departments responded 200 in 3.8909 ms
2026-05-27 06:30:03.891 +00:00 [INF] HTTP GET /api/notifications responded 200 in 6.7209 ms
2026-05-27 06:30:03.898 +00:00 [INF] HTTP GET /api/personal-evaluations responded 200 in 14.7743 ms
2026-05-27 06:30:05.234 +00:00 [INF] HTTP GET /api/plans/resolve responded 200 in 5.4913 ms
2026-05-27 06:30:05.289 +00:00 [INF] HTTP GET /api/plans/34d45f31-2500-45e4-8bd2-bbda8551b618/tasks responded 200 in 6.8323 ms
2026-05-27 06:30:05.289 +00:00 [INF] HTTP GET /api/plans/34d45f31-2500-45e4-8bd2-bbda8551b618/line-comments responded 200 in 6.4049 ms
2026-05-27 06:30:05.291 +00:00 [INF] HTTP GET /api/plans/34d45f31-2500-45e4-8bd2-bbda8551b618/approval-history responded 200 in 5.8823 ms
2026-05-27 06:30:33.949 +00:00 [INF] HTTP GET /api/notifications responded 200 in 3.6739 ms
2026-05-27 06:31:03.987 +00:00 [INF] HTTP GET /api/notifications responded 200 in 4.7484 ms
2026-05-27 06:31:34.024 +00:00 [INF] HTTP GET /api/notifications responded 200 in 3.5892 ms
2026-05-27 06:32:04.071 +00:00 [INF] HTTP GET /api/notifications responded 200 in 3.6082 ms
2026-05-27 06:32:34.108 +00:00 [INF] HTTP GET /api/notifications responded 200 in 4.7846 ms
2026-05-27 06:33:04.152 +00:00 [INF] HTTP GET /api/notifications responded 200 in 3.1916 ms
2026-05-27 06:33:34.200 +00:00 [INF] HTTP GET /api/notifications responded 200 in 3.7456 ms
2026-05-27 06:34:04.242 +00:00 [INF] HTTP GET /api/notifications responded 200 in 3.5088 ms
2026-05-27 06:34:34.279 +00:00 [INF] HTTP GET /api/notifications responded 200 in 3.5495 ms
2026-05-27 06:35:04.321 +00:00 [INF] HTTP GET /api/notifications responded 200 in 3.1313 ms
2026-05-27 06:35:34.360 +00:00 [INF] HTTP GET /api/notifications responded 200 in 3.7225 ms
2026-05-27 06:36:04.401 +00:00 [INF] HTTP GET /api/notifications responded 200 in 3.9925 ms
2026-05-27 06:36:33.940 +00:00 [INF] HTTP POST /api/auth/refresh responded 200 in 25.2383 ms
2026-05-27 06:36:34.071 +00:00 [INF] HTTP GET /api/departments responded 200 in 3.6147 ms
2026-05-27 06:36:34.194 +00:00 [INF] HTTP GET /api/notifications responded 200 in 124.3542 ms
2026-05-27 06:36:34.194 +00:00 [INF] HTTP GET /api/plans/resolve responded 200 in 124.9981 ms
2026-05-27 06:36:34.254 +00:00 [INF] HTTP GET /api/plans/34d45f31-2500-45e4-8bd2-bbda8551b618/line-comments responded 200 in 4.5458 ms
2026-05-27 06:36:34.255 +00:00 [INF] HTTP GET /api/plans/34d45f31-2500-45e4-8bd2-bbda8551b618/tasks responded 200 in 4.5039 ms
2026-05-27 06:36:34.255 +00:00 [INF] HTTP GET /api/plans/34d45f31-2500-45e4-8bd2-bbda8551b618/approval-history responded 200 in 3.4685 ms
2026-05-27 06:36:43.038 +00:00 [INF] HTTP GET /api/api/tasks/45879c98-272a-4bdb-bb52-86618f37fc9b/attachments responded 404 in 0.5766 ms
2026-05-27 06:36:44.061 +00:00 [INF] HTTP GET /api/api/tasks/45879c98-272a-4bdb-bb52-86618f37fc9b/attachments responded 404 in 0.3437 ms
2026-05-27 06:36:55.131 +00:00 [INF] HTTP POST /api/plans/34d45f31-2500-45e4-8bd2-bbda8551b618/return responded 200 in 192.7361 ms
2026-05-27 06:36:55.192 +00:00 [INF] HTTP GET /api/plans/resolve responded 200 in 2.4970 ms
2026-05-27 06:36:55.192 +00:00 [INF] HTTP GET /api/plans/34d45f31-2500-45e4-8bd2-bbda8551b618/line-comments responded 200 in 4.4422 ms
2026-05-27 06:36:55.193 +00:00 [INF] HTTP GET /api/plans/34d45f31-2500-45e4-8bd2-bbda8551b618/approval-history responded 200 in 2.9791 ms
2026-05-27 06:36:55.199 +00:00 [INF] HTTP GET /api/plans/34d45f31-2500-45e4-8bd2-bbda8551b618/tasks responded 200 in 10.7723 ms
2026-05-27 06:37:04.236 +00:00 [INF] HTTP GET /api/notifications responded 200 in 3.8312 ms
2026-05-27 06:37:08.313 +00:00 [INF] HTTP POST /api/notifications/read-all responded 200 in 26.8079 ms
2026-05-27 06:37:08.346 +00:00 [INF] HTTP GET /api/notifications responded 200 in 3.4409 ms
2026-05-27 06:37:11.734 +00:00 [INF] HTTP POST /api/auth/logout responded 200 in 22.0983 ms
2026-05-27 06:37:12.662 +00:00 [INF] HTTP POST /api/auth/refresh responded 401 in 5.6350 ms
2026-05-27 06:37:20.520 +00:00 [INF] HTTP POST /api/auth/login responded 200 in 133.8396 ms
2026-05-27 06:37:20.575 +00:00 [INF] HTTP GET /api/departments responded 200 in 3.1280 ms
2026-05-27 06:37:20.578 +00:00 [INF] HTTP GET /api/notifications responded 200 in 4.8723 ms
2026-05-27 06:37:20.585 +00:00 [INF] HTTP GET /api/plans/resolve responded 200 in 9.3346 ms
2026-05-27 06:37:20.636 +00:00 [INF] HTTP GET /api/plans/9555be4b-2666-4fd5-9304-276a0023f509/approval-history responded 200 in 4.5456 ms
2026-05-27 06:37:20.636 +00:00 [INF] HTTP GET /api/plans/9555be4b-2666-4fd5-9304-276a0023f509/line-comments responded 200 in 4.9143 ms
2026-05-27 06:37:20.651 +00:00 [INF] HTTP GET /api/plans/9555be4b-2666-4fd5-9304-276a0023f509/tasks responded 200 in 19.7634 ms
2026-05-27 06:37:21.867 +00:00 [INF] HTTP GET /api/admin/roles responded 200 in 12.6713 ms
2026-05-27 06:37:21.867 +00:00 [INF] HTTP GET /api/admin/departments responded 200 in 12.6229 ms
2026-05-27 06:37:21.881 +00:00 [INF] HTTP GET /api/admin/users responded 200 in 29.3436 ms
2026-05-27 06:37:46.061 +00:00 [INF] HTTP GET /api/admin/approval-configs responded 200 in 16.7060 ms
2026-05-27 06:37:47.950 +00:00 [INF] HTTP GET /api/plans/resolve responded 200 in 3.6034 ms
2026-05-27 06:37:48.003 +00:00 [INF] HTTP GET /api/plans/74fcbad6-515b-428d-8006-fa453c06dfb6/line-comments responded 200 in 2.9472 ms
2026-05-27 06:37:48.004 +00:00 [INF] HTTP GET /api/plans/74fcbad6-515b-428d-8006-fa453c06dfb6/tasks responded 200 in 4.1976 ms
2026-05-27 06:37:48.006 +00:00 [INF] HTTP GET /api/plans/74fcbad6-515b-428d-8006-fa453c06dfb6/approval-history responded 200 in 4.2435 ms
2026-05-27 06:37:48.981 +00:00 [INF] HTTP GET /api/plans/resolve responded 200 in 3.7402 ms
2026-05-27 06:37:49.032 +00:00 [INF] HTTP GET /api/plans/34d45f31-2500-45e4-8bd2-bbda8551b618/line-comments responded 200 in 3.1625 ms
2026-05-27 06:37:49.033 +00:00 [INF] HTTP GET /api/plans/34d45f31-2500-45e4-8bd2-bbda8551b618/tasks responded 200 in 4.8123 ms
2026-05-27 06:37:49.034 +00:00 [INF] HTTP GET /api/plans/34d45f31-2500-45e4-8bd2-bbda8551b618/approval-history responded 200 in 3.8639 ms
2026-05-27 06:37:50.178 +00:00 [INF] HTTP GET /api/plans/resolve responded 200 in 3.9484 ms
2026-05-27 06:37:50.227 +00:00 [INF] HTTP GET /api/plans/9403a1f7-d104-4af2-8aa7-420cf0b74680/line-comments responded 200 in 2.7556 ms
2026-05-27 06:37:50.227 +00:00 [INF] HTTP GET /api/plans/9403a1f7-d104-4af2-8aa7-420cf0b74680/tasks responded 200 in 3.4987 ms
2026-05-27 06:37:50.227 +00:00 [INF] HTTP GET /api/plans/9403a1f7-d104-4af2-8aa7-420cf0b74680/approval-history responded 200 in 2.4639 ms
2026-05-27 06:37:50.621 +00:00 [INF] HTTP GET /api/notifications responded 200 in 2.7325 ms
2026-05-27 06:37:50.943 +00:00 [INF] HTTP GET /api/plans/resolve responded 200 in 3.0628 ms
2026-05-27 06:37:50.994 +00:00 [INF] HTTP GET /api/plans/48216cad-a5f8-42b9-9124-28b6acde2656/tasks responded 200 in 3.5053 ms
2026-05-27 06:37:50.995 +00:00 [INF] HTTP GET /api/plans/48216cad-a5f8-42b9-9124-28b6acde2656/line-comments responded 200 in 2.9615 ms
2026-05-27 06:37:50.995 +00:00 [INF] HTTP GET /api/plans/48216cad-a5f8-42b9-9124-28b6acde2656/approval-history responded 200 in 2.4632 ms
2026-05-27 06:38:05.016 +00:00 [INF] HTTP GET /api/plans/resolve responded 200 in 3.7955 ms
2026-05-27 06:38:08.173 +00:00 [INF] HTTP GET /api/plans/resolve responded 200 in 3.8092 ms
2026-05-27 06:38:12.089 +00:00 [INF] HTTP GET /api/personal-evaluations/scorable-users responded 200 in 16.2681 ms
2026-05-27 06:38:19.105 +00:00 [INF] HTTP GET /api/personal-evaluations responded 200 in 14.8158 ms
2026-05-27 06:38:22.392 +00:00 [INF] HTTP GET /api/notifications responded 200 in 3.1491 ms
2026-05-27 06:38:25.492 +00:00 [INF] HTTP POST /api/auth/logout responded 200 in 9.9940 ms
2026-05-27 06:38:26.425 +00:00 [INF] HTTP POST /api/auth/refresh responded 401 in 1.4302 ms
2026-05-27 06:38:44.874 +00:00 [INF] HTTP POST /api/auth/login responded 200 in 131.1409 ms
2026-05-27 06:38:44.985 +00:00 [INF] HTTP GET /api/departments responded 200 in 2.1022 ms
2026-05-27 06:38:44.985 +00:00 [INF] HTTP GET /api/plans/resolve responded 200 in 1.5651 ms
2026-05-27 06:38:44.986 +00:00 [INF] HTTP GET /api/notifications responded 200 in 3.4502 ms
2026-05-27 06:38:45.054 +00:00 [INF] HTTP GET /api/plans/9555be4b-2666-4fd5-9304-276a0023f509/approval-history responded 200 in 2.2547 ms
2026-05-27 06:38:45.054 +00:00 [INF] HTTP GET /api/plans/9555be4b-2666-4fd5-9304-276a0023f509/tasks responded 200 in 5.1199 ms
2026-05-27 06:38:45.054 +00:00 [INF] HTTP GET /api/plans/9555be4b-2666-4fd5-9304-276a0023f509/line-comments responded 200 in 2.9795 ms
2026-05-27 06:38:47.959 +00:00 [INF] HTTP GET /api/personal-evaluations/scorable-users responded 200 in 3.7407 ms
2026-05-27 06:38:48.322 +00:00 [INF] HTTP GET /api/plans/resolve responded 200 in 3.1506 ms
2026-05-27 06:38:52.781 +00:00 [INF] HTTP GET /api/personal-evaluations responded 200 in 14.8275 ms
2026-05-27 06:39:15.039 +00:00 [INF] HTTP GET /api/notifications responded 200 in 2.7331 ms
2026-05-27 06:39:45.077 +00:00 [INF] HTTP GET /api/notifications responded 200 in 3.5659 ms
2026-05-27 06:40:15.126 +00:00 [INF] HTTP GET /api/notifications responded 200 in 3.2203 ms
2026-05-27 06:40:45.171 +00:00 [INF] HTTP GET /api/notifications responded 200 in 3.4324 ms
2026-05-27 06:40:47.467 +00:00 [INF] HTTP POST /api/auth/refresh responded 200 in 19.5713 ms
2026-05-27 06:40:47.617 +00:00 [INF] HTTP GET /api/departments responded 200 in 2.1894 ms
2026-05-27 06:40:47.618 +00:00 [INF] HTTP GET /api/personal-evaluations/scorable-users responded 200 in 5.0742 ms
2026-05-27 06:40:47.622 +00:00 [INF] HTTP GET /api/notifications responded 200 in 5.6762 ms
2026-05-27 06:40:49.504 +00:00 [INF] HTTP GET /api/personal-evaluations responded 200 in 3.4053 ms
2026-05-27 06:41:17.670 +00:00 [INF] HTTP GET /api/notifications responded 200 in 4.2153 ms
2026-05-27 06:41:47.711 +00:00 [INF] HTTP GET /api/notifications responded 200 in 4.1776 ms
2026-05-27 06:42:17.758 +00:00 [INF] HTTP GET /api/notifications responded 200 in 3.6555 ms
2026-05-27 06:42:48.820 +00:00 [INF] HTTP POST /api/auth/refresh responded 200 in 46.5971 ms
2026-05-27 06:42:48.962 +00:00 [INF] HTTP GET /api/departments responded 200 in 4.1430 ms
2026-05-27 06:42:48.963 +00:00 [INF] HTTP GET /api/personal-evaluations/scorable-users responded 200 in 6.3688 ms
2026-05-27 06:42:48.967 +00:00 [INF] HTTP GET /api/notifications responded 200 in 8.0736 ms
2026-05-27 06:42:58.875 +00:00 [INF] HTTP POST /api/auth/refresh responded 200 in 19.4352 ms
2026-05-27 06:42:58.984 +00:00 [INF] HTTP GET /api/notifications responded 200 in 5.4524 ms
2026-05-27 06:42:58.986 +00:00 [INF] HTTP GET /api/personal-evaluations/scorable-users responded 200 in 7.2110 ms
2026-05-27 06:42:58.990 +00:00 [INF] HTTP GET /api/departments responded 200 in 9.3344 ms
2026-05-27 06:43:47.253 +00:00 [WRN] Overriding HTTP_PORTS '8080' and HTTPS_PORTS ''. Binding to values defined by URLS instead 'http://0.0.0.0:8080'.
2026-05-27 06:43:47.371 +00:00 [INF] KHCT API started on http://0.0.0.0:8080
2026-05-27 06:43:51.209 +00:00 [INF] HTTP POST /api/auth/login responded 200 in 2681.7378 ms
2026-05-27 06:43:51.463 +00:00 [INF] HTTP GET /api/departments responded 200 in 172.2695 ms
2026-05-27 06:43:51.485 +00:00 [INF] HTTP GET /api/plans/resolve responded 200 in 194.7515 ms
2026-05-27 06:43:51.530 +00:00 [INF] HTTP GET /api/notifications responded 200 in 239.8946 ms
2026-05-27 06:43:51.665 +00:00 [INF] HTTP GET /api/plans/9555be4b-2666-4fd5-9304-276a0023f509/approval-history responded 200 in 113.2197 ms
2026-05-27 06:43:51.685 +00:00 [INF] HTTP GET /api/plans/9555be4b-2666-4fd5-9304-276a0023f509/tasks responded 200 in 137.7113 ms
2026-05-27 06:43:51.686 +00:00 [INF] HTTP GET /api/plans/9555be4b-2666-4fd5-9304-276a0023f509/line-comments responded 200 in 133.8561 ms
2026-05-27 06:43:52.899 +00:00 [INF] HTTP GET /api/personal-evaluations/scorable-users responded 200 in 60.6957 ms
2026-05-27 06:43:57.943 +00:00 [INF] HTTP GET /api/admin/departments responded 200 in 14.9099 ms
2026-05-27 06:43:57.950 +00:00 [INF] HTTP GET /api/admin/roles responded 200 in 22.6796 ms
2026-05-27 06:43:57.962 +00:00 [INF] HTTP GET /api/admin/users responded 200 in 36.7030 ms
2026-05-27 06:44:06.549 +00:00 [INF] HTTP GET /api/admin/approval-configs responded 200 in 17.7141 ms
2026-05-27 06:44:21.588 +00:00 [INF] HTTP GET /api/notifications responded 200 in 4.6888 ms
2026-05-27 06:44:28.759 +00:00 [INF] HTTP PUT /api/admin/users/33333333-0000-0000-0000-000000000001 responded 200 in 48.9556 ms
2026-05-27 06:44:43.786 +00:00 [INF] HTTP PUT /api/admin/users/60012bdd-e2dc-4ba2-9eb3-871e158122b8 responded 200 in 20.2179 ms
2026-05-27 06:44:50.577 +00:00 [INF] HTTP GET /api/admin/users responded 200 in 13.9373 ms
2026-05-27 06:44:51.629 +00:00 [INF] HTTP GET /api/notifications responded 200 in 5.3488 ms
2026-05-27 06:44:56.920 +00:00 [INF] HTTP PUT /api/admin/users/59c39be0-ba80-4fff-beb5-d4d9361ee7e6 responded 200 in 14.4001 ms
2026-05-27 06:45:19.379 +00:00 [INF] HTTP PUT /api/admin/users/ade67960-aca3-4b08-9e11-8f14836a481f responded 200 in 10.3108 ms
2026-05-27 06:45:21.665 +00:00 [INF] HTTP GET /api/notifications responded 200 in 4.2869 ms
2026-05-27 06:45:24.293 +00:00 [INF] HTTP PUT /api/admin/users/ade67960-aca3-4b08-9e11-8f14836a481f responded 200 in 11.6452 ms
2026-05-27 06:45:36.021 +00:00 [INF] HTTP POST /api/auth/refresh responded 200 in 53.9504 ms
2026-05-27 06:45:36.155 +00:00 [INF] HTTP GET /api/departments responded 200 in 3.7855 ms
2026-05-27 06:45:36.156 +00:00 [INF] HTTP GET /api/admin/roles responded 200 in 2.6089 ms
2026-05-27 06:45:36.160 +00:00 [INF] HTTP GET /api/admin/departments responded 200 in 3.9301 ms
2026-05-27 06:45:36.161 +00:00 [INF] HTTP GET /api/notifications responded 200 in 5.2897 ms
2026-05-27 06:45:36.163 +00:00 [INF] HTTP GET /api/admin/users responded 200 in 6.2514 ms
2026-05-27 06:45:38.383 +00:00 [INF] HTTP GET /api/admin/approval-configs responded 200 in 3.8750 ms
2026-05-27 06:46:06.221 +00:00 [INF] HTTP GET /api/notifications responded 200 in 3.5822 ms
2026-05-27 06:46:36.274 +00:00 [INF] HTTP GET /api/notifications responded 200 in 10.9901 ms
2026-05-27 06:47:06.320 +00:00 [INF] HTTP GET /api/notifications responded 200 in 5.3361 ms
2026-05-27 06:47:36.364 +00:00 [INF] HTTP GET /api/notifications responded 200 in 8.2498 ms
2026-05-27 06:48:06.407 +00:00 [INF] HTTP GET /api/notifications responded 200 in 3.7291 ms
2026-05-27 06:48:36.458 +00:00 [INF] HTTP GET /api/notifications responded 200 in 3.4261 ms
2026-05-27 06:49:06.497 +00:00 [INF] HTTP GET /api/notifications responded 200 in 4.3135 ms
2026-05-27 06:49:36.550 +00:00 [INF] HTTP GET /api/notifications responded 200 in 6.2984 ms
2026-05-27 06:50:06.592 +00:00 [INF] HTTP GET /api/notifications responded 200 in 4.1662 ms
2026-05-27 06:50:36.633 +00:00 [INF] HTTP GET /api/notifications responded 200 in 4.0634 ms
2026-05-27 06:51:06.679 +00:00 [INF] HTTP GET /api/notifications responded 200 in 6.7747 ms
2026-05-27 06:51:36.742 +00:00 [INF] HTTP GET /api/notifications responded 200 in 13.5781 ms
2026-05-27 06:52:06.817 +00:00 [INF] HTTP GET /api/notifications responded 200 in 9.3388 ms
2026-05-27 06:52:15.069 +00:00 [INF] HTTP GET /api/plans/main responded 200 in 59.8373 ms
2026-05-27 06:52:15.615 +00:00 [INF] HTTP GET /api/admin/approval-configs responded 200 in 6.9641 ms
2026-05-27 06:52:15.667 +00:00 [INF] HTTP GET /api/admin/roles responded 200 in 5.1611 ms
2026-05-27 06:52:16.931 +00:00 [INF] HTTP GET /api/departments responded 200 in 7.0799 ms
2026-05-27 06:52:17.147 +00:00 [INF] HTTP GET /api/plans/resolve responded 200 in 223.5588 ms
2026-05-27 06:52:17.234 +00:00 [INF] HTTP GET /api/plans/9555be4b-2666-4fd5-9304-276a0023f509/line-comments responded 200 in 13.8405 ms
2026-05-27 06:52:17.234 +00:00 [INF] HTTP GET /api/plans/9555be4b-2666-4fd5-9304-276a0023f509/tasks responded 200 in 16.9456 ms
2026-05-27 06:52:17.243 +00:00 [INF] HTTP GET /api/plans/9555be4b-2666-4fd5-9304-276a0023f509/approval-history responded 200 in 22.3775 ms
2026-05-27 06:52:36.875 +00:00 [INF] HTTP GET /api/notifications responded 200 in 4.0900 ms
2026-05-27 06:53:02.677 +00:00 [INF] HTTP GET /api/api/tasks/e0619311-f78c-4dc1-abfc-e79a38f55cc9/attachments responded 404 in 0.8469 ms
2026-05-27 06:53:03.696 +00:00 [INF] HTTP GET /api/api/tasks/e0619311-f78c-4dc1-abfc-e79a38f55cc9/attachments responded 404 in 0.3571 ms
2026-05-27 06:53:06.914 +00:00 [INF] HTTP GET /api/notifications responded 200 in 2.9582 ms
2026-05-27 06:53:36.967 +00:00 [INF] HTTP GET /api/notifications responded 200 in 7.2029 ms
2026-05-27 06:54:07.014 +00:00 [INF] HTTP GET /api/notifications responded 200 in 6.3194 ms
2026-05-27 06:54:37.061 +00:00 [INF] HTTP GET /api/notifications responded 200 in 3.0063 ms
2026-05-27 06:55:07.093 +00:00 [INF] HTTP GET /api/notifications responded 200 in 3.5554 ms
2026-05-27 06:55:37.121 +00:00 [INF] HTTP GET /api/notifications responded 200 in 2.9790 ms
2026-05-27 06:56:07.167 +00:00 [INF] HTTP GET /api/notifications responded 200 in 3.5640 ms
2026-05-27 06:56:37.200 +00:00 [INF] HTTP GET /api/notifications responded 200 in 3.0539 ms
2026-05-27 06:57:07.242 +00:00 [INF] HTTP GET /api/notifications responded 200 in 2.8806 ms
2026-05-27 06:57:37.277 +00:00 [INF] HTTP GET /api/notifications responded 200 in 3.1809 ms
2026-05-27 06:58:07.319 +00:00 [INF] HTTP GET /api/notifications responded 200 in 4.1715 ms
2026-05-27 06:58:37.355 +00:00 [INF] HTTP GET /api/notifications responded 200 in 3.1177 ms
2026-05-27 06:59:07.397 +00:00 [INF] HTTP GET /api/notifications responded 200 in 3.4420 ms
2026-05-27 06:59:37.437 +00:00 [INF] HTTP GET /api/notifications responded 200 in 3.1350 ms
2026-05-27 07:00:07.476 +00:00 [INF] HTTP GET /api/notifications responded 200 in 3.2931 ms
2026-05-27 07:00:37.527 +00:00 [INF] HTTP GET /api/notifications responded 200 in 7.9900 ms
2026-05-27 07:01:07.576 +00:00 [INF] HTTP GET /api/notifications responded 401 in 6.6040 ms
2026-05-27 07:01:07.619 +00:00 [INF] HTTP POST /api/auth/refresh responded 200 in 21.0068 ms
2026-05-27 07:01:07.651 +00:00 [INF] HTTP GET /api/notifications responded 200 in 2.9534 ms
2026-05-27 07:01:37.691 +00:00 [INF] HTTP GET /api/notifications responded 200 in 5.3794 ms
2026-05-27 07:02:07.733 +00:00 [INF] HTTP GET /api/notifications responded 200 in 3.0867 ms
2026-05-27 07:02:37.763 +00:00 [INF] HTTP GET /api/notifications responded 200 in 3.8108 ms
2026-05-27 07:03:07.811 +00:00 [INF] HTTP GET /api/notifications responded 200 in 3.3860 ms
2026-05-27 07:03:37.856 +00:00 [INF] HTTP GET /api/notifications responded 200 in 2.9684 ms
2026-05-27 07:04:07.894 +00:00 [INF] HTTP GET /api/notifications responded 200 in 3.1221 ms
2026-05-27 07:04:37.940 +00:00 [INF] HTTP GET /api/notifications responded 200 in 4.4154 ms
2026-05-27 07:05:07.992 +00:00 [INF] HTTP GET /api/notifications responded 200 in 3.3302 ms
2026-05-27 07:05:38.033 +00:00 [INF] HTTP GET /api/notifications responded 200 in 2.5001 ms
2026-05-27 07:06:08.082 +00:00 [INF] HTTP GET /api/notifications responded 200 in 2.9138 ms
2026-05-27 07:06:38.116 +00:00 [INF] HTTP GET /api/notifications responded 200 in 2.4564 ms
2026-05-27 07:07:08.160 +00:00 [INF] HTTP GET /api/notifications responded 200 in 2.5028 ms
2026-05-27 07:07:38.198 +00:00 [INF] HTTP GET /api/notifications responded 200 in 3.0032 ms
2026-05-27 07:08:08.229 +00:00 [INF] HTTP GET /api/notifications responded 200 in 3.7156 ms
2026-05-27 07:08:38.266 +00:00 [INF] HTTP GET /api/notifications responded 200 in 3.1624 ms
2026-05-27 07:09:08.313 +00:00 [INF] HTTP GET /api/notifications responded 200 in 3.6112 ms
2026-05-27 07:09:38.355 +00:00 [INF] HTTP GET /api/notifications responded 200 in 3.0498 ms
2026-05-27 07:10:08.407 +00:00 [INF] HTTP GET /api/notifications responded 200 in 6.3686 ms
2026-05-27 07:10:38.448 +00:00 [INF] HTTP GET /api/notifications responded 200 in 3.0138 ms
2026-05-27 07:11:08.488 +00:00 [INF] HTTP GET /api/notifications responded 200 in 3.3092 ms
2026-05-27 07:11:38.532 +00:00 [INF] HTTP GET /api/notifications responded 200 in 2.6330 ms
2026-05-27 07:12:08.573 +00:00 [INF] HTTP GET /api/notifications responded 200 in 2.5974 ms
2026-05-27 07:12:38.619 +00:00 [INF] HTTP GET /api/notifications responded 200 in 3.3550 ms
2026-05-27 07:13:08.675 +00:00 [INF] HTTP GET /api/notifications responded 200 in 3.0405 ms
2026-05-27 07:13:38.707 +00:00 [INF] HTTP GET /api/notifications responded 200 in 4.4842 ms
2026-05-27 07:14:08.740 +00:00 [INF] HTTP GET /api/notifications responded 200 in 2.6813 ms
2026-05-27 07:14:38.779 +00:00 [INF] HTTP GET /api/notifications responded 200 in 5.0168 ms
2026-05-27 07:25:08.822 +00:00 [INF] HTTP GET /api/notifications responded 401 in 3.0533 ms
2026-05-27 07:25:09.045 +00:00 [INF] HTTP POST /api/auth/refresh responded 200 in 204.5531 ms
2026-05-27 07:25:09.075 +00:00 [INF] HTTP GET /api/notifications responded 200 in 3.5600 ms
2026-05-27 07:25:39.108 +00:00 [INF] HTTP GET /api/notifications responded 200 in 2.9307 ms
2026-05-27 07:26:09.147 +00:00 [INF] HTTP GET /api/notifications responded 200 in 2.5099 ms
2026-05-27 07:26:39.183 +00:00 [INF] HTTP GET /api/notifications responded 200 in 2.6596 ms
2026-05-27 07:27:09.214 +00:00 [INF] HTTP GET /api/notifications responded 200 in 2.4026 ms
2026-05-27 07:27:39.243 +00:00 [INF] HTTP GET /api/notifications responded 200 in 2.8131 ms
2026-05-27 07:28:09.284 +00:00 [INF] HTTP GET /api/notifications responded 200 in 2.8739 ms
2026-05-27 07:28:39.335 +00:00 [INF] HTTP GET /api/notifications responded 200 in 2.4977 ms
2026-05-27 07:29:09.370 +00:00 [INF] HTTP GET /api/notifications responded 200 in 2.7392 ms
2026-05-27 07:29:39.428 +00:00 [INF] HTTP GET /api/notifications responded 200 in 4.9498 ms
2026-05-27 07:30:09.466 +00:00 [INF] HTTP GET /api/notifications responded 200 in 2.8419 ms
2026-05-27 07:30:39.497 +00:00 [INF] HTTP GET /api/notifications responded 200 in 3.2651 ms
2026-05-27 07:31:09.532 +00:00 [INF] HTTP GET /api/notifications responded 200 in 2.6227 ms
2026-05-27 07:31:39.570 +00:00 [INF] HTTP GET /api/notifications responded 200 in 2.9894 ms
2026-05-27 07:32:09.600 +00:00 [INF] HTTP GET /api/notifications responded 200 in 3.7830 ms
2026-05-27 07:32:39.641 +00:00 [INF] HTTP GET /api/notifications responded 200 in 2.9228 ms
2026-05-27 07:33:09.671 +00:00 [INF] HTTP GET /api/notifications responded 200 in 2.4628 ms
2026-05-27 07:33:39.701 +00:00 [INF] HTTP GET /api/notifications responded 200 in 3.5730 ms
2026-05-27 07:34:09.741 +00:00 [INF] HTTP GET /api/notifications responded 200 in 3.5642 ms
2026-05-27 07:34:39.769 +00:00 [INF] HTTP GET /api/notifications responded 200 in 2.9340 ms
2026-05-27 07:35:09.806 +00:00 [INF] HTTP GET /api/notifications responded 200 in 3.8219 ms
2026-05-27 07:35:39.844 +00:00 [INF] HTTP GET /api/notifications responded 200 in 2.7704 ms
2026-05-27 07:36:09.879 +00:00 [INF] HTTP GET /api/notifications responded 200 in 2.9723 ms
2026-05-27 07:36:39.923 +00:00 [INF] HTTP GET /api/notifications responded 200 in 2.5923 ms
2026-05-27 07:37:09.969 +00:00 [INF] HTTP GET /api/notifications responded 200 in 2.7269 ms
2026-05-27 07:37:40.011 +00:00 [INF] HTTP GET /api/notifications responded 200 in 2.6797 ms
2026-05-27 07:38:10.050 +00:00 [INF] HTTP GET /api/notifications responded 200 in 2.9544 ms
2026-05-27 07:38:40.081 +00:00 [INF] HTTP GET /api/notifications responded 200 in 3.0013 ms
2026-05-27 07:39:10.119 +00:00 [INF] HTTP GET /api/notifications responded 200 in 3.3350 ms
2026-05-27 07:39:40.149 +00:00 [INF] HTTP GET /api/notifications responded 200 in 2.9178 ms
2026-05-27 07:40:10.193 +00:00 [INF] HTTP GET /api/notifications responded 200 in 2.7136 ms
2026-05-27 07:40:40.223 +00:00 [INF] HTTP GET /api/notifications responded 401 in 0.6413 ms
2026-05-27 07:40:40.255 +00:00 [INF] HTTP POST /api/auth/refresh responded 200 in 16.8828 ms
2026-05-27 07:40:40.283 +00:00 [INF] HTTP GET /api/notifications responded 200 in 2.9067 ms
2026-05-27 07:41:10.319 +00:00 [INF] HTTP GET /api/notifications responded 200 in 3.0040 ms
2026-05-27 07:41:40.357 +00:00 [INF] HTTP GET /api/notifications responded 200 in 2.5649 ms
2026-05-27 07:42:10.397 +00:00 [INF] HTTP GET /api/notifications responded 200 in 3.5393 ms
2026-05-27 07:42:40.452 +00:00 [INF] HTTP GET /api/notifications responded 200 in 2.8384 ms
2026-05-27 07:43:10.489 +00:00 [INF] HTTP GET /api/notifications responded 200 in 2.5100 ms
2026-05-27 07:43:40.532 +00:00 [INF] HTTP GET /api/notifications responded 200 in 3.5473 ms
2026-05-27 07:44:10.570 +00:00 [INF] HTTP GET /api/notifications responded 200 in 2.7017 ms
2026-05-27 07:44:40.605 +00:00 [INF] HTTP GET /api/notifications responded 200 in 2.6748 ms
2026-05-27 07:45:10.648 +00:00 [INF] HTTP GET /api/notifications responded 200 in 3.1169 ms
2026-05-27 07:45:40.694 +00:00 [INF] HTTP GET /api/notifications responded 200 in 2.5599 ms
2026-05-27 07:46:10.735 +00:00 [INF] HTTP GET /api/notifications responded 200 in 2.8815 ms
2026-05-27 07:46:40.777 +00:00 [INF] HTTP GET /api/notifications responded 200 in 2.6301 ms
2026-05-27 07:47:10.816 +00:00 [INF] HTTP GET /api/notifications responded 200 in 2.7869 ms
2026-05-27 07:47:40.846 +00:00 [INF] HTTP GET /api/notifications responded 200 in 3.5859 ms
2026-05-27 07:48:10.886 +00:00 [INF] HTTP GET /api/notifications responded 200 in 3.2229 ms
2026-05-27 07:48:40.926 +00:00 [INF] HTTP GET /api/notifications responded 200 in 4.1130 ms
2026-05-27 07:49:10.966 +00:00 [INF] HTTP GET /api/notifications responded 200 in 4.2277 ms
2026-05-27 07:49:41.007 +00:00 [INF] HTTP GET /api/notifications responded 200 in 3.6737 ms
2026-05-27 07:50:11.042 +00:00 [INF] HTTP GET /api/notifications responded 200 in 3.2786 ms
2026-05-27 07:50:41.084 +00:00 [INF] HTTP GET /api/notifications responded 200 in 2.8794 ms
2026-05-27 07:51:11.126 +00:00 [INF] HTTP GET /api/notifications responded 200 in 3.0030 ms
2026-05-27 07:51:41.161 +00:00 [INF] HTTP GET /api/notifications responded 200 in 3.1299 ms
2026-05-27 07:52:11.206 +00:00 [INF] HTTP GET /api/notifications responded 200 in 2.9432 ms
2026-05-27 07:52:41.250 +00:00 [INF] HTTP GET /api/notifications responded 200 in 2.8566 ms
2026-05-27 07:53:11.291 +00:00 [INF] HTTP GET /api/notifications responded 200 in 2.9597 ms
2026-05-27 07:53:41.319 +00:00 [INF] HTTP GET /api/notifications responded 200 in 3.0394 ms
2026-05-27 07:54:11.349 +00:00 [INF] HTTP GET /api/notifications responded 200 in 2.7858 ms
2026-05-27 07:54:41.402 +00:00 [INF] HTTP GET /api/notifications responded 200 in 2.9756 ms
2026-05-27 07:55:11.443 +00:00 [INF] HTTP GET /api/notifications responded 200 in 4.2761 ms
2026-05-27 07:55:41.475 +00:00 [INF] HTTP GET /api/notifications responded 200 in 2.8862 ms
2026-05-27 07:56:11.514 +00:00 [INF] HTTP GET /api/notifications responded 401 in 1.0172 ms
2026-05-27 07:56:11.554 +00:00 [INF] HTTP POST /api/auth/refresh responded 200 in 19.3661 ms
2026-05-27 07:56:11.583 +00:00 [INF] HTTP GET /api/notifications responded 200 in 2.7491 ms
2026-05-27 07:56:41.630 +00:00 [INF] HTTP GET /api/notifications responded 200 in 5.9147 ms
2026-05-27 07:57:11.668 +00:00 [INF] HTTP GET /api/notifications responded 200 in 3.0537 ms
2026-05-27 07:57:41.718 +00:00 [INF] HTTP GET /api/notifications responded 200 in 4.7507 ms
2026-05-27 07:58:11.760 +00:00 [INF] HTTP GET /api/notifications responded 200 in 3.3942 ms
2026-05-27 07:58:41.792 +00:00 [INF] HTTP GET /api/notifications responded 200 in 3.1958 ms
2026-05-27 07:59:11.832 +00:00 [INF] HTTP GET /api/notifications responded 200 in 3.1910 ms
2026-05-27 07:59:41.865 +00:00 [INF] HTTP GET /api/notifications responded 200 in 3.1845 ms
2026-05-27 08:00:11.899 +00:00 [INF] HTTP GET /api/notifications responded 200 in 3.2034 ms
2026-05-27 08:00:41.942 +00:00 [INF] HTTP GET /api/notifications responded 200 in 2.4160 ms
2026-05-27 08:01:11.985 +00:00 [INF] HTTP GET /api/notifications responded 200 in 2.7210 ms
2026-05-27 08:01:42.032 +00:00 [INF] HTTP GET /api/notifications responded 200 in 2.6709 ms
2026-05-27 08:02:12.071 +00:00 [INF] HTTP GET /api/notifications responded 200 in 2.5791 ms
2026-05-27 08:02:42.105 +00:00 [INF] HTTP GET /api/notifications responded 200 in 4.2614 ms
2026-05-27 08:03:12.144 +00:00 [INF] HTTP GET /api/notifications responded 200 in 2.8853 ms
2026-05-27 08:03:42.182 +00:00 [INF] HTTP GET /api/notifications responded 200 in 3.1816 ms
2026-05-27 08:04:12.226 +00:00 [INF] HTTP GET /api/notifications responded 200 in 4.9660 ms
2026-05-27 08:04:42.257 +00:00 [INF] HTTP GET /api/notifications responded 200 in 2.6374 ms
2026-05-27 08:05:12.300 +00:00 [INF] HTTP GET /api/notifications responded 200 in 2.4457 ms
2026-05-27 08:05:42.343 +00:00 [INF] HTTP GET /api/notifications responded 200 in 2.7814 ms
2026-05-27 08:06:12.387 +00:00 [INF] HTTP GET /api/notifications responded 200 in 2.8399 ms
2026-05-27 08:06:42.421 +00:00 [INF] HTTP GET /api/notifications responded 200 in 2.5744 ms
2026-05-27 08:07:12.458 +00:00 [INF] HTTP GET /api/notifications responded 200 in 2.4823 ms
2026-05-27 08:07:42.501 +00:00 [INF] HTTP GET /api/notifications responded 200 in 2.4465 ms
2026-05-27 08:08:12.539 +00:00 [INF] HTTP GET /api/notifications responded 200 in 2.6336 ms
2026-05-27 08:08:42.584 +00:00 [INF] HTTP GET /api/notifications responded 200 in 2.9305 ms
2026-05-27 08:09:12.627 +00:00 [INF] HTTP GET /api/notifications responded 200 in 2.5528 ms
2026-05-27 08:09:42.660 +00:00 [INF] HTTP GET /api/notifications responded 200 in 2.7704 ms
2026-05-27 08:10:12.694 +00:00 [INF] HTTP GET /api/notifications responded 200 in 2.5804 ms
2026-05-27 08:10:42.739 +00:00 [INF] HTTP GET /api/notifications responded 200 in 2.7963 ms
2026-05-27 08:11:12.775 +00:00 [INF] HTTP GET /api/notifications responded 200 in 2.4799 ms
2026-05-27 08:11:42.818 +00:00 [INF] HTTP GET /api/notifications responded 401 in 0.8212 ms
2026-05-27 08:11:42.858 +00:00 [INF] HTTP POST /api/auth/refresh responded 200 in 16.7244 ms
2026-05-27 08:11:42.887 +00:00 [INF] HTTP GET /api/notifications responded 200 in 3.3633 ms
2026-05-27 08:12:12.925 +00:00 [INF] HTTP GET /api/notifications responded 200 in 2.6351 ms
2026-05-27 08:12:42.957 +00:00 [INF] HTTP GET /api/notifications responded 200 in 2.4908 ms
2026-05-27 08:13:12.999 +00:00 [INF] HTTP GET /api/notifications responded 200 in 2.6508 ms
2026-05-27 08:13:43.043 +00:00 [INF] HTTP GET /api/notifications responded 200 in 2.6707 ms
2026-05-27 08:14:13.079 +00:00 [INF] HTTP GET /api/notifications responded 200 in 2.6653 ms
2026-05-27 08:14:43.115 +00:00 [INF] HTTP GET /api/notifications responded 200 in 2.6132 ms
2026-05-27 08:15:13.158 +00:00 [INF] HTTP GET /api/notifications responded 200 in 2.5283 ms
2026-05-27 08:15:43.195 +00:00 [INF] HTTP GET /api/notifications responded 200 in 2.6102 ms
2026-05-27 08:16:13.236 +00:00 [INF] HTTP GET /api/notifications responded 200 in 2.8940 ms
2026-05-27 08:16:43.267 +00:00 [INF] HTTP GET /api/notifications responded 200 in 2.8436 ms
2026-05-27 08:17:13.299 +00:00 [INF] HTTP GET /api/notifications responded 200 in 2.8649 ms
2026-05-27 08:17:43.336 +00:00 [INF] HTTP GET /api/notifications responded 200 in 2.5796 ms
2026-05-27 08:18:13.379 +00:00 [INF] HTTP GET /api/notifications responded 200 in 2.6969 ms
2026-05-27 08:18:43.419 +00:00 [INF] HTTP GET /api/notifications responded 200 in 2.6045 ms
2026-05-27 08:19:13.463 +00:00 [INF] HTTP GET /api/notifications responded 200 in 2.6731 ms
2026-05-27 08:19:43.507 +00:00 [INF] HTTP GET /api/notifications responded 200 in 2.9111 ms
2026-05-27 08:20:13.540 +00:00 [INF] HTTP GET /api/notifications responded 200 in 2.6804 ms
2026-05-27 08:20:43.570 +00:00 [INF] HTTP GET /api/notifications responded 200 in 2.6052 ms
2026-05-27 08:21:13.600 +00:00 [INF] HTTP GET /api/notifications responded 200 in 2.7010 ms
2026-05-27 08:21:43.636 +00:00 [INF] HTTP GET /api/notifications responded 200 in 2.5533 ms
2026-05-27 08:22:13.682 +00:00 [INF] HTTP GET /api/notifications responded 200 in 2.4965 ms
2026-05-27 08:22:43.720 +00:00 [INF] HTTP GET /api/notifications responded 200 in 3.1256 ms
2026-05-27 08:23:13.751 +00:00 [INF] HTTP GET /api/notifications responded 200 in 2.7735 ms
2026-05-27 08:23:43.779 +00:00 [INF] HTTP GET /api/notifications responded 200 in 2.6689 ms
2026-05-27 08:24:13.813 +00:00 [INF] HTTP GET /api/notifications responded 200 in 2.6299 ms
2026-05-27 08:24:43.854 +00:00 [INF] HTTP GET /api/notifications responded 200 in 3.6233 ms
2026-05-27 08:25:13.881 +00:00 [INF] HTTP GET /api/notifications responded 200 in 2.6769 ms
2026-05-27 08:25:43.913 +00:00 [INF] HTTP GET /api/notifications responded 200 in 2.7886 ms
2026-05-27 08:26:13.944 +00:00 [INF] HTTP GET /api/notifications responded 200 in 2.5990 ms
2026-05-27 08:26:43.980 +00:00 [INF] HTTP GET /api/notifications responded 200 in 2.5699 ms
2026-05-27 08:27:14.021 +00:00 [INF] HTTP GET /api/notifications responded 401 in 0.9847 ms
2026-05-27 08:27:14.054 +00:00 [INF] HTTP POST /api/auth/refresh responded 200 in 13.3190 ms
2026-05-27 08:27:14.088 +00:00 [INF] HTTP GET /api/notifications responded 200 in 4.7005 ms
2026-05-27 08:27:44.118 +00:00 [INF] HTTP GET /api/notifications responded 200 in 3.4180 ms
2026-05-27 08:28:14.166 +00:00 [INF] HTTP GET /api/notifications responded 200 in 3.1403 ms
2026-05-27 08:28:44.202 +00:00 [INF] HTTP GET /api/notifications responded 200 in 3.0334 ms
2026-05-27 08:29:14.238 +00:00 [INF] HTTP GET /api/notifications responded 200 in 3.0874 ms
2026-05-27 08:29:44.279 +00:00 [INF] HTTP GET /api/notifications responded 200 in 3.2245 ms
2026-05-27 08:30:14.320 +00:00 [INF] HTTP GET /api/notifications responded 200 in 3.5406 ms
2026-05-27 08:30:44.362 +00:00 [INF] HTTP GET /api/notifications responded 200 in 2.7936 ms
2026-05-27 08:31:14.400 +00:00 [INF] HTTP GET /api/notifications responded 200 in 2.9311 ms
2026-05-27 08:31:44.500 +00:00 [INF] HTTP GET /api/notifications responded 200 in 4.9140 ms
2026-05-27 08:32:14.547 +00:00 [INF] HTTP GET /api/notifications responded 200 in 3.8918 ms
2026-05-27 08:32:44.583 +00:00 [INF] HTTP GET /api/notifications responded 200 in 3.0006 ms
2026-05-27 08:33:07.145 +00:00 [INF] HTTP GET /api/notifications responded 401 in 0.7221 ms
2026-05-27 08:33:07.426 +00:00 [INF] HTTP POST /api/auth/refresh responded 200 in 16.6179 ms
2026-05-27 08:33:07.464 +00:00 [INF] HTTP GET /api/notifications responded 200 in 2.4492 ms
