2026-05-26 02:20:52.695 +00:00 [INF] HTTP POST /api/auth/refresh responded 200 in 295.6367 ms
2026-05-26 02:20:53.050 +00:00 [INF] HTTP GET /api/departments responded 200 in 5.7759 ms
2026-05-26 02:20:53.075 +00:00 [INF] HTTP GET /api/notifications responded 200 in 31.1243 ms
2026-05-26 02:20:53.366 +00:00 [INF] HTTP GET /api/plans/resolve responded 200 in 9.0724 ms
2026-05-26 02:20:53.752 +00:00 [INF] HTTP GET /api/plans/9555be4b-2666-4fd5-9304-276a0023f509/approval-history responded 200 in 17.4469 ms
2026-05-26 02:20:53.753 +00:00 [INF] HTTP GET /api/plans/9555be4b-2666-4fd5-9304-276a0023f509/line-comments responded 200 in 19.0274 ms
2026-05-26 02:20:53.773 +00:00 [INF] HTTP GET /api/plans/9555be4b-2666-4fd5-9304-276a0023f509/tasks responded 200 in 39.1062 ms
2026-05-26 06:17:50.497 +00:00 [INF] HTTP POST /api/auth/refresh responded 200 in 436.8183 ms
2026-05-26 06:17:50.861 +00:00 [INF] HTTP GET /api/departments responded 200 in 11.1292 ms
2026-05-26 06:17:50.869 +00:00 [INF] HTTP GET /api/notifications responded 200 in 15.0491 ms
2026-05-26 06:17:51.171 +00:00 [INF] HTTP GET /api/plans/resolve responded 200 in 7.0462 ms
2026-05-26 06:17:51.585 +00:00 [INF] HTTP GET /api/plans/9555be4b-2666-4fd5-9304-276a0023f509/approval-history responded 200 in 11.8724 ms
2026-05-26 06:17:51.599 +00:00 [INF] HTTP GET /api/plans/9555be4b-2666-4fd5-9304-276a0023f509/line-comments responded 200 in 25.0010 ms
2026-05-26 06:17:51.600 +00:00 [INF] HTTP GET /api/plans/9555be4b-2666-4fd5-9304-276a0023f509/tasks responded 200 in 27.3578 ms
2026-05-26 08:06:23.431 +00:00 [INF] HTTP GET /api/notifications responded 401 in 17.0894 ms
2026-05-26 08:06:23.955 +00:00 [INF] HTTP POST /api/auth/refresh responded 200 in 288.0629 ms
2026-05-26 08:06:23.975 +00:00 [INF] HTTP GET /api/notifications responded 200 in 11.3900 ms
2026-05-26 10:21:45.385 +00:00 [INF] HTTP POST /api/auth/refresh responded 200 in 569.9231 ms
2026-05-26 10:21:45.811 +00:00 [INF] HTTP GET /api/departments responded 200 in 16.6366 ms
2026-05-26 10:21:45.842 +00:00 [INF] HTTP GET /api/notifications responded 200 in 47.4209 ms
2026-05-26 10:21:46.129 +00:00 [INF] HTTP GET /api/plans/resolve responded 200 in 18.3158 ms
2026-05-26 10:21:46.676 +00:00 [INF] HTTP GET /api/plans/9555be4b-2666-4fd5-9304-276a0023f509/approval-history responded 200 in 26.3537 ms
2026-05-26 10:21:46.691 +00:00 [INF] HTTP GET /api/plans/9555be4b-2666-4fd5-9304-276a0023f509/line-comments responded 200 in 40.9712 ms
2026-05-26 10:21:46.713 +00:00 [INF] HTTP GET /api/plans/9555be4b-2666-4fd5-9304-276a0023f509/tasks responded 200 in 58.4534 ms
