2026-05-22 08:30:18.438 +07:00 [INF] HTTP POST /api/auth/refresh responded 200 in 131.2447 ms
2026-05-22 08:30:18.600 +07:00 [INF] HTTP GET /api/notifications responded 200 in 12.7939 ms
2026-05-22 08:30:18.635 +07:00 [INF] HTTP GET /api/departments responded 200 in 45.5328 ms
2026-05-22 08:30:18.656 +07:00 [INF] HTTP GET /api/plans/resolve responded 200 in 62.8193 ms
2026-05-22 08:30:18.763 +07:00 [INF] HTTP GET /api/plans/4f3fe82a-9a75-47a5-8282-3258fb123357/line-comments responded 200 in 18.6832 ms
2026-05-22 08:30:18.787 +07:00 [INF] HTTP GET /api/plans/4f3fe82a-9a75-47a5-8282-3258fb123357/tasks responded 200 in 40.8300 ms
2026-05-22 08:30:19.069 +07:00 [INF] HTTP GET /api/plans/4f3fe82a-9a75-47a5-8282-3258fb123357/approval-history responded 200 in 14.0107 ms
2026-05-22 08:30:48.984 +07:00 [INF] HTTP GET /api/notifications responded 200 in 7.9395 ms
2026-05-22 08:31:19.018 +07:00 [INF] HTTP GET /api/notifications responded 200 in 4.5658 ms
2026-05-22 08:31:49.352 +07:00 [INF] HTTP GET /api/notifications responded 200 in 5.3358 ms
2026-05-22 08:32:19.680 +07:00 [INF] HTTP GET /api/notifications responded 200 in 6.0927 ms
2026-05-22 08:32:49.705 +07:00 [INF] HTTP GET /api/notifications responded 200 in 5.3708 ms
2026-05-22 08:33:20.040 +07:00 [INF] HTTP GET /api/notifications responded 200 in 6.3692 ms
2026-05-22 08:33:50.072 +07:00 [INF] HTTP GET /api/notifications responded 200 in 6.8808 ms
2026-05-22 08:34:20.402 +07:00 [INF] HTTP GET /api/notifications responded 200 in 5.9400 ms
2026-05-22 08:34:50.429 +07:00 [INF] HTTP GET /api/notifications responded 200 in 4.8845 ms
2026-05-22 08:35:20.754 +07:00 [INF] HTTP GET /api/notifications responded 200 in 5.5972 ms
2026-05-22 08:35:50.776 +07:00 [INF] HTTP GET /api/notifications responded 200 in 6.1033 ms
2026-05-22 08:36:21.115 +07:00 [INF] HTTP GET /api/notifications responded 200 in 5.8270 ms
2026-05-22 08:36:51.129 +07:00 [INF] HTTP GET /api/notifications responded 200 in 3.7814 ms
2026-05-22 08:37:21.465 +07:00 [INF] HTTP GET /api/notifications responded 200 in 4.6345 ms
2026-05-22 08:37:51.489 +07:00 [INF] HTTP GET /api/notifications responded 200 in 5.1089 ms
2026-05-22 08:38:21.820 +07:00 [INF] HTTP GET /api/notifications responded 200 in 5.3052 ms
2026-05-22 08:38:51.845 +07:00 [INF] HTTP GET /api/notifications responded 200 in 4.0611 ms
2026-05-22 08:39:22.176 +07:00 [INF] HTTP GET /api/notifications responded 200 in 7.1443 ms
2026-05-22 08:39:52.203 +07:00 [INF] HTTP GET /api/notifications responded 200 in 4.7840 ms
2026-05-22 08:40:22.538 +07:00 [INF] HTTP GET /api/notifications responded 200 in 5.3387 ms
2026-05-22 08:40:52.566 +07:00 [INF] HTTP GET /api/notifications responded 200 in 5.5615 ms
2026-05-22 08:41:27.749 +07:00 [INF] HTTP GET /api/notifications responded 200 in 6.2818 ms
2026-05-22 08:41:58.084 +07:00 [INF] HTTP GET /api/notifications responded 200 in 7.9706 ms
2026-05-22 08:42:27.117 +07:00 [INF] HTTP GET /api/notifications responded 200 in 8.2781 ms
2026-05-22 08:42:57.147 +07:00 [INF] HTTP GET /api/notifications responded 200 in 6.5374 ms
2026-05-22 08:43:27.484 +07:00 [INF] HTTP GET /api/notifications responded 200 in 6.4547 ms
2026-05-22 08:43:57.512 +07:00 [INF] HTTP GET /api/notifications responded 200 in 4.5760 ms
2026-05-22 08:44:27.852 +07:00 [INF] HTTP GET /api/notifications responded 200 in 5.1908 ms
2026-05-22 08:44:57.872 +07:00 [INF] HTTP GET /api/notifications responded 200 in 5.9186 ms
2026-05-22 08:45:28.212 +07:00 [INF] HTTP GET /api/notifications responded 200 in 4.9019 ms
2026-05-22 08:45:58.233 +07:00 [INF] HTTP GET /api/notifications responded 401 in 0.5167 ms
2026-05-22 08:45:58.589 +07:00 [INF] HTTP POST /api/auth/refresh responded 200 in 24.0501 ms
2026-05-22 08:45:58.822 +07:00 [INF] HTTP GET /api/notifications responded 200 in 6.0037 ms
2026-05-22 08:46:28.850 +07:00 [INF] HTTP GET /api/notifications responded 200 in 4.9465 ms
2026-05-22 08:46:59.192 +07:00 [INF] HTTP GET /api/notifications responded 200 in 8.5756 ms
2026-05-22 08:47:29.227 +07:00 [INF] HTTP GET /api/notifications responded 200 in 6.9546 ms
2026-05-22 08:47:39.811 +07:00 [INF] KHCT API started on http://localhost:5051
2026-05-22 08:47:43.477 +07:00 [INF] HTTP GET /health responded 200 in 56.4763 ms
2026-05-22 08:48:00.451 +07:00 [INF] HTTP GET /api/notifications responded 200 in 890.1936 ms
2026-05-22 08:48:30.527 +07:00 [INF] HTTP GET /api/notifications responded 200 in 58.3180 ms
2026-05-22 08:49:00.873 +07:00 [INF] HTTP GET /api/notifications responded 200 in 21.9352 ms
2026-05-22 08:49:30.896 +07:00 [INF] HTTP GET /api/notifications responded 200 in 10.5678 ms
2026-05-22 08:50:01.225 +07:00 [INF] HTTP GET /api/notifications responded 200 in 6.5382 ms
2026-05-22 08:50:31.257 +07:00 [INF] HTTP GET /api/notifications responded 200 in 7.2704 ms
2026-05-22 08:51:01.584 +07:00 [INF] HTTP GET /api/notifications responded 200 in 6.6690 ms
2026-05-22 08:51:31.602 +07:00 [INF] HTTP GET /api/notifications responded 200 in 6.4237 ms
2026-05-22 08:52:01.935 +07:00 [INF] HTTP GET /api/notifications responded 200 in 8.5724 ms
2026-05-22 08:52:31.957 +07:00 [INF] HTTP GET /api/notifications responded 200 in 6.5564 ms
2026-05-22 08:52:37.773 +07:00 [INF] HTTP POST /api/notifications/read-all responded 200 in 165.8387 ms
2026-05-22 08:52:37.876 +07:00 [INF] HTTP GET /api/notifications responded 200 in 5.5411 ms
2026-05-22 08:52:55.268 +07:00 [INF] HTTP GET /api/plans/resolve responded 200 in 117.5618 ms
2026-05-22 08:53:04.378 +07:00 [INF] HTTP GET /api/plans/resolve responded 200 in 10.2440 ms
2026-05-22 08:53:06.516 +07:00 [INF] HTTP GET /api/plans/resolve responded 200 in 14.4594 ms
2026-05-22 08:53:06.886 +07:00 [INF] HTTP GET /api/plans/4f3fe82a-9a75-47a5-8282-3258fb123357/line-comments responded 200 in 78.4899 ms
2026-05-22 08:53:06.887 +07:00 [INF] HTTP GET /api/plans/4f3fe82a-9a75-47a5-8282-3258fb123357/approval-history responded 200 in 77.1597 ms
2026-05-22 08:53:06.891 +07:00 [INF] HTTP GET /api/plans/4f3fe82a-9a75-47a5-8282-3258fb123357/tasks responded 200 in 82.5692 ms
2026-05-22 08:53:08.206 +07:00 [INF] HTTP GET /api/notifications responded 200 in 6.3300 ms
2026-05-22 08:53:38.241 +07:00 [INF] HTTP GET /api/notifications responded 200 in 7.3898 ms
2026-05-22 08:54:08.572 +07:00 [INF] HTTP GET /api/notifications responded 200 in 5.1455 ms
2026-05-22 08:54:38.601 +07:00 [INF] HTTP GET /api/notifications responded 200 in 5.9870 ms
2026-05-22 08:55:08.935 +07:00 [INF] HTTP GET /api/notifications responded 200 in 6.6609 ms
2026-05-22 08:55:38.963 +07:00 [INF] HTTP GET /api/notifications responded 200 in 5.3391 ms
2026-05-22 08:56:09.291 +07:00 [INF] HTTP GET /api/notifications responded 200 in 6.9928 ms
2026-05-22 08:56:39.318 +07:00 [INF] HTTP GET /api/notifications responded 200 in 6.6084 ms
2026-05-22 08:58:38.559 +07:00 [INF] HTTP GET /api/plans/resolve responded 200 in 6.3307 ms
2026-05-22 08:58:39.337 +07:00 [INF] HTTP GET /api/notifications responded 200 in 5.1509 ms
2026-05-22 08:58:51.714 +07:00 [INF] HTTP GET /api/plans/resolve responded 200 in 4.9365 ms
2026-05-22 08:58:54.419 +07:00 [INF] HTTP GET /api/plans/resolve responded 200 in 8.3856 ms
2026-05-22 08:58:54.732 +07:00 [INF] HTTP GET /api/plans/4f3fe82a-9a75-47a5-8282-3258fb123357/line-comments responded 200 in 6.8406 ms
2026-05-22 08:58:54.740 +07:00 [INF] HTTP GET /api/plans/4f3fe82a-9a75-47a5-8282-3258fb123357/approval-history responded 200 in 15.6689 ms
2026-05-22 08:58:54.741 +07:00 [INF] HTTP GET /api/plans/4f3fe82a-9a75-47a5-8282-3258fb123357/tasks responded 200 in 16.1947 ms
2026-05-22 08:59:09.674 +07:00 [INF] HTTP GET /api/notifications responded 200 in 6.5785 ms
2026-05-22 08:59:16.480 +07:00 [INF] HTTP POST /api/auth/logout responded 200 in 74.5032 ms
2026-05-22 08:59:17.018 +07:00 [INF] HTTP POST /api/auth/refresh responded 401 in 24.8330 ms
2026-05-22 08:59:27.013 +07:00 [INF] HTTP POST /api/auth/login responded 200 in 477.7157 ms
2026-05-22 08:59:27.057 +07:00 [INF] HTTP GET /api/notifications responded 200 in 8.9038 ms
2026-05-22 08:59:27.063 +07:00 [INF] HTTP GET /api/plans/resolve responded 200 in 13.9092 ms
2026-05-22 08:59:27.071 +07:00 [INF] HTTP GET /api/departments responded 200 in 28.9107 ms
2026-05-22 08:59:27.397 +07:00 [INF] HTTP GET /api/plans/9555be4b-2666-4fd5-9304-276a0023f509/approval-history responded 200 in 5.7155 ms
2026-05-22 08:59:27.401 +07:00 [INF] HTTP GET /api/plans/9555be4b-2666-4fd5-9304-276a0023f509/line-comments responded 200 in 9.8790 ms
2026-05-22 08:59:27.413 +07:00 [INF] HTTP GET /api/plans/9555be4b-2666-4fd5-9304-276a0023f509/tasks responded 200 in 22.1717 ms
2026-05-22 08:59:57.411 +07:00 [INF] HTTP GET /api/notifications responded 200 in 9.4165 ms
2026-05-22 09:00:23.633 +07:00 [INF] HTTP GET /api/plans/resolve responded 200 in 4.2143 ms
2026-05-22 09:00:23.738 +07:00 [INF] HTTP GET /api/plans/9555be4b-2666-4fd5-9304-276a0023f509/tasks responded 200 in 9.4691 ms
2026-05-22 09:00:23.946 +07:00 [INF] HTTP GET /api/plans/9555be4b-2666-4fd5-9304-276a0023f509/approval-history responded 200 in 6.0963 ms
2026-05-22 09:00:23.946 +07:00 [INF] HTTP GET /api/plans/9555be4b-2666-4fd5-9304-276a0023f509/line-comments responded 200 in 6.1222 ms
2026-05-22 09:00:27.446 +07:00 [INF] HTTP GET /api/notifications responded 200 in 9.2811 ms
2026-05-22 09:00:57.476 +07:00 [INF] HTTP GET /api/notifications responded 200 in 6.7667 ms
2026-05-22 09:01:00.194 +07:00 [INF] HTTP POST /api/auth/refresh responded 200 in 58.5911 ms
2026-05-22 09:01:00.221 +07:00 [INF] HTTP GET /api/departments responded 200 in 6.8547 ms
2026-05-22 09:01:00.247 +07:00 [INF] HTTP GET /api/notifications responded 200 in 4.9707 ms
2026-05-22 09:01:00.352 +07:00 [INF] HTTP GET /api/plans/resolve responded 200 in 4.4449 ms
2026-05-22 09:01:00.369 +07:00 [INF] HTTP GET /api/plans/9555be4b-2666-4fd5-9304-276a0023f509/line-comments responded 200 in 5.1787 ms
2026-05-22 09:01:00.369 +07:00 [INF] HTTP GET /api/plans/9555be4b-2666-4fd5-9304-276a0023f509/tasks responded 200 in 5.4177 ms
2026-05-22 09:01:00.530 +07:00 [INF] HTTP GET /api/plans/9555be4b-2666-4fd5-9304-276a0023f509/approval-history responded 200 in 8.4240 ms
2026-05-22 09:01:25.965 +07:00 [INF] HTTP GET /api/admin/departments responded 200 in 20.1191 ms
2026-05-22 09:01:30.578 +07:00 [INF] HTTP GET /api/notifications responded 200 in 6.0268 ms
2026-05-22 09:01:45.882 +07:00 [INF] HTTP PUT /api/admin/departments/11111111-0000-0000-0000-000000000008 responded 200 in 69.2712 ms
2026-05-22 09:01:46.207 +07:00 [INF] HTTP GET /api/admin/departments responded 200 in 3.7800 ms
2026-05-22 09:01:47.521 +07:00 [INF] HTTP GET /api/admin/users responded 200 in 42.5918 ms
2026-05-22 09:01:47.804 +07:00 [INF] HTTP GET /api/admin/roles responded 200 in 15.6855 ms
2026-05-22 09:01:49.711 +07:00 [INF] HTTP GET /api/admin/approval-configs responded 200 in 23.0323 ms
2026-05-22 09:02:00.597 +07:00 [INF] HTTP GET /api/notifications responded 200 in 4.3012 ms
2026-05-22 09:02:30.926 +07:00 [INF] HTTP GET /api/notifications responded 200 in 5.1564 ms
2026-05-22 09:03:00.953 +07:00 [INF] HTTP GET /api/notifications responded 200 in 5.3461 ms
2026-05-22 09:03:31.277 +07:00 [INF] HTTP GET /api/notifications responded 200 in 4.2305 ms
2026-05-22 09:04:01.294 +07:00 [INF] HTTP GET /api/notifications responded 200 in 6.5183 ms
2026-05-22 09:04:05.692 +07:00 [INF] HTTP GET /api/admin/approval-configs responded 200 in 5.3856 ms
2026-05-22 09:04:10.075 +07:00 [INF] HTTP GET /api/admin/users responded 200 in 16.8979 ms
2026-05-22 09:04:31.627 +07:00 [INF] HTTP GET /api/notifications responded 200 in 4.7517 ms
2026-05-22 09:04:46.245 +07:00 [INF] HTTP GET /api/admin/approval-configs responded 200 in 6.8739 ms
2026-05-22 09:04:48.966 +07:00 [INF] HTTP GET /api/plans/main responded 200 in 26.8795 ms
2026-05-22 09:04:53.235 +07:00 [INF] HTTP GET /api/plans/resolve responded 200 in 6.1675 ms
2026-05-22 09:04:53.543 +07:00 [INF] HTTP GET /api/plans/9555be4b-2666-4fd5-9304-276a0023f509/approval-history responded 200 in 5.3166 ms
2026-05-22 09:04:53.543 +07:00 [INF] HTTP GET /api/plans/9555be4b-2666-4fd5-9304-276a0023f509/line-comments responded 200 in 5.4885 ms
2026-05-22 09:04:53.555 +07:00 [INF] HTTP GET /api/plans/9555be4b-2666-4fd5-9304-276a0023f509/tasks responded 200 in 16.7129 ms
2026-05-22 09:05:01.963 +07:00 [INF] HTTP GET /api/notifications responded 200 in 7.6250 ms
2026-05-22 09:05:31.996 +07:00 [INF] HTTP GET /api/notifications responded 200 in 4.8593 ms
2026-05-22 09:06:02.334 +07:00 [INF] HTTP GET /api/notifications responded 200 in 5.6803 ms
2026-05-22 09:06:32.360 +07:00 [INF] HTTP GET /api/notifications responded 200 in 4.2298 ms
2026-05-22 09:06:56.980 +07:00 [INF] HTTP GET /api/admin/roles responded 200 in 4.3344 ms
2026-05-22 09:06:56.986 +07:00 [INF] HTTP GET /api/admin/approval-configs responded 200 in 2.7964 ms
2026-05-22 09:06:59.453 +07:00 [INF] HTTP GET /api/admin/departments responded 200 in 4.4673 ms
2026-05-22 09:07:00.108 +07:00 [INF] HTTP GET /api/admin/users responded 200 in 5.6296 ms
2026-05-22 09:07:02.374 +07:00 [INF] HTTP GET /api/notifications responded 200 in 3.7834 ms
2026-05-22 09:07:32.711 +07:00 [INF] HTTP GET /api/notifications responded 200 in 8.2175 ms
2026-05-22 09:08:02.740 +07:00 [INF] HTTP GET /api/notifications responded 200 in 5.2218 ms
2026-05-22 09:08:33.078 +07:00 [INF] HTTP GET /api/notifications responded 200 in 7.9294 ms
2026-05-22 09:09:03.111 +07:00 [INF] HTTP GET /api/notifications responded 200 in 5.0253 ms
2026-05-22 09:09:33.446 +07:00 [INF] HTTP GET /api/notifications responded 200 in 7.8709 ms
2026-05-22 09:09:58.402 +07:00 [INF] HTTP GET /api/notifications responded 200 in 11.3337 ms
2026-05-22 09:10:00.419 +07:00 [INF] HTTP GET /api/departments responded 401 in 5.5919 ms
2026-05-22 09:10:00.419 +07:00 [INF] HTTP GET /api/admin/roles responded 401 in 2.6111 ms
2026-05-22 09:10:00.419 +07:00 [INF] HTTP GET /api/admin/users responded 401 in 3.1954 ms
2026-05-22 09:10:00.419 +07:00 [INF] HTTP GET /api/notifications responded 401 in 4.4289 ms
2026-05-22 09:10:00.438 +07:00 [INF] HTTP GET /api/admin/departments responded 401 in 0.2921 ms
2026-05-22 09:10:00.492 +07:00 [INF] HTTP POST /api/auth/refresh responded 200 in 29.0708 ms
2026-05-22 09:10:00.822 +07:00 [INF] HTTP GET /api/admin/roles responded 200 in 4.3056 ms
2026-05-22 09:10:00.836 +07:00 [INF] HTTP GET /api/notifications responded 200 in 17.4723 ms
2026-05-22 09:10:00.836 +07:00 [INF] HTTP GET /api/departments responded 200 in 17.9849 ms
2026-05-22 09:10:00.837 +07:00 [INF] HTTP GET /api/admin/departments responded 200 in 17.4909 ms
2026-05-22 09:10:00.839 +07:00 [INF] HTTP GET /api/admin/users responded 200 in 19.4062 ms
2026-05-22 09:10:01.637 +07:00 [INF] HTTP GET /api/departments responded 401 in 0.2174 ms
2026-05-22 09:10:01.676 +07:00 [INF] HTTP GET /api/notifications responded 401 in 0.1848 ms
2026-05-22 09:10:01.676 +07:00 [INF] HTTP GET /api/admin/users responded 401 in 0.1092 ms
2026-05-22 09:10:01.677 +07:00 [INF] HTTP GET /api/admin/roles responded 401 in 0.0682 ms
2026-05-22 09:10:01.677 +07:00 [INF] HTTP GET /api/admin/departments responded 401 in 0.0658 ms
2026-05-22 09:10:01.701 +07:00 [INF] HTTP POST /api/auth/refresh responded 200 in 24.2292 ms
2026-05-22 09:10:01.958 +07:00 [INF] HTTP GET /api/departments responded 200 in 4.6627 ms
2026-05-22 09:10:02.022 +07:00 [INF] HTTP GET /api/admin/roles responded 200 in 3.0195 ms
2026-05-22 09:10:02.022 +07:00 [INF] HTTP GET /api/admin/departments responded 200 in 3.1356 ms
2026-05-22 09:10:02.024 +07:00 [INF] HTTP GET /api/notifications responded 200 in 5.3692 ms
2026-05-22 09:10:02.025 +07:00 [INF] HTTP GET /api/admin/users responded 200 in 6.4327 ms
2026-05-22 09:10:43.102 +07:00 [INF] HTTP GET /api/notifications responded 200 in 6.5036 ms
2026-05-22 09:10:45.368 +07:00 [INF] HTTP GET /api/admin/users responded 200 in 8.5564 ms
2026-05-22 09:11:13.125 +07:00 [INF] HTTP GET /api/notifications responded 200 in 5.9157 ms
2026-05-22 09:11:43.471 +07:00 [INF] HTTP GET /api/notifications responded 200 in 6.3643 ms
2026-05-22 09:12:13.493 +07:00 [INF] HTTP GET /api/notifications responded 200 in 6.3815 ms
2026-05-22 09:12:43.518 +07:00 [INF] HTTP GET /api/notifications responded 200 in 5.2996 ms
2026-05-22 09:13:13.538 +07:00 [INF] HTTP GET /api/notifications responded 200 in 7.8374 ms
2026-05-22 09:13:43.577 +07:00 [INF] HTTP GET /api/notifications responded 200 in 8.5991 ms
2026-05-22 09:14:13.612 +07:00 [INF] HTTP GET /api/notifications responded 200 in 9.2534 ms
2026-05-22 09:14:43.663 +07:00 [INF] HTTP GET /api/notifications responded 200 in 11.7299 ms
2026-05-22 09:15:14.016 +07:00 [INF] HTTP GET /api/notifications responded 200 in 10.6504 ms
2026-05-22 09:15:44.048 +07:00 [INF] HTTP GET /api/notifications responded 200 in 4.3723 ms
2026-05-22 09:16:14.388 +07:00 [INF] HTTP GET /api/notifications responded 200 in 4.8588 ms
2026-05-22 09:16:44.415 +07:00 [INF] HTTP GET /api/notifications responded 200 in 6.5886 ms
2026-05-22 09:17:14.754 +07:00 [INF] HTTP GET /api/notifications responded 200 in 5.8554 ms
2026-05-22 09:17:44.774 +07:00 [INF] HTTP GET /api/notifications responded 200 in 6.5636 ms
2026-05-22 09:18:15.109 +07:00 [INF] HTTP GET /api/notifications responded 200 in 7.7600 ms
2026-05-22 09:18:45.142 +07:00 [INF] HTTP GET /api/notifications responded 200 in 7.9537 ms
2026-05-22 09:19:15.479 +07:00 [INF] HTTP GET /api/notifications responded 200 in 9.7473 ms
2026-05-22 09:19:45.506 +07:00 [INF] HTTP GET /api/notifications responded 200 in 8.8922 ms
2026-05-22 09:19:47.113 +07:00 [INF] HTTP GET /api/admin/users responded 200 in 10.5525 ms
2026-05-22 09:19:47.121 +07:00 [INF] HTTP GET /api/admin/roles responded 200 in 18.4513 ms
2026-05-22 09:19:47.225 +07:00 [INF] HTTP GET /api/admin/departments responded 200 in 6.6623 ms
2026-05-22 09:20:15.538 +07:00 [INF] HTTP GET /api/notifications responded 200 in 10.9001 ms
2026-05-22 09:20:45.565 +07:00 [INF] HTTP GET /api/notifications responded 200 in 7.5908 ms
2026-05-22 09:21:15.590 +07:00 [INF] HTTP GET /api/notifications responded 200 in 8.5849 ms
2026-05-22 09:21:45.612 +07:00 [INF] HTTP GET /api/notifications responded 200 in 6.8568 ms
2026-05-22 09:22:15.640 +07:00 [INF] HTTP GET /api/notifications responded 200 in 8.7330 ms
2026-05-22 09:22:43.769 +07:00 [INF] HTTP GET /api/admin/approval-configs responded 200 in 4.5991 ms
2026-05-22 09:22:45.051 +07:00 [INF] HTTP GET /api/admin/users responded 200 in 12.0805 ms
2026-05-22 09:22:45.969 +07:00 [INF] HTTP GET /api/notifications responded 200 in 6.6141 ms
2026-05-22 09:22:53.493 +07:00 [INF] HTTP GET /api/plans/resolve responded 200 in 5.0622 ms
2026-05-22 09:22:53.814 +07:00 [INF] HTTP GET /api/departments responded 200 in 4.4984 ms
2026-05-22 09:22:53.826 +07:00 [INF] HTTP GET /api/plans/9555be4b-2666-4fd5-9304-276a0023f509/approval-history responded 200 in 5.5713 ms
2026-05-22 09:22:53.827 +07:00 [INF] HTTP GET /api/plans/9555be4b-2666-4fd5-9304-276a0023f509/tasks responded 200 in 7.2277 ms
2026-05-22 09:22:53.837 +07:00 [INF] HTTP GET /api/plans/9555be4b-2666-4fd5-9304-276a0023f509/line-comments responded 200 in 16.2753 ms
2026-05-22 09:23:07.540 +07:00 [INF] HTTP POST /api/auth/logout responded 200 in 18.7055 ms
2026-05-22 09:23:08.046 +07:00 [INF] HTTP POST /api/auth/refresh responded 401 in 1.5428 ms
2026-05-22 09:26:34.705 +07:00 [INF] HTTP POST /api/auth/login responded 200 in 205.9389 ms
2026-05-22 09:26:34.751 +07:00 [INF] HTTP GET /api/departments responded 200 in 4.3525 ms
2026-05-22 09:26:35.060 +07:00 [INF] HTTP GET /api/plans/resolve responded 200 in 3.4753 ms
2026-05-22 09:26:35.071 +07:00 [INF] HTTP GET /api/notifications responded 200 in 15.1274 ms
2026-05-22 09:26:35.390 +07:00 [INF] HTTP GET /api/plans/9555be4b-2666-4fd5-9304-276a0023f509/line-comments responded 200 in 6.1736 ms
2026-05-22 09:26:35.394 +07:00 [INF] HTTP GET /api/plans/9555be4b-2666-4fd5-9304-276a0023f509/tasks responded 200 in 10.5949 ms
2026-05-22 09:26:35.401 +07:00 [INF] HTTP GET /api/plans/9555be4b-2666-4fd5-9304-276a0023f509/approval-history responded 200 in 17.0260 ms
2026-05-22 09:26:41.554 +07:00 [INF] HTTP GET /api/plans/resolve responded 200 in 4.1358 ms
2026-05-22 09:26:42.074 +07:00 [INF] HTTP GET /api/plans/resolve responded 200 in 5.1400 ms
2026-05-22 09:26:42.908 +07:00 [INF] HTTP GET /api/plans/resolve responded 200 in 4.0244 ms
2026-05-22 09:26:43.171 +07:00 [INF] HTTP GET /api/plans/resolve responded 200 in 4.3707 ms
2026-05-22 09:26:44.141 +07:00 [INF] HTTP GET /api/plans/main responded 200 in 8.4923 ms
2026-05-22 09:27:05.404 +07:00 [INF] HTTP GET /api/notifications responded 200 in 5.5955 ms
2026-05-22 09:27:35.429 +07:00 [INF] HTTP GET /api/notifications responded 200 in 4.4032 ms
2026-05-22 09:28:05.764 +07:00 [INF] HTTP GET /api/notifications responded 200 in 4.4394 ms
2026-05-22 09:28:35.789 +07:00 [INF] HTTP GET /api/notifications responded 200 in 8.9665 ms
2026-05-22 09:28:56.608 +07:00 [INF] HTTP GET /api/plans/main responded 200 in 8.2437 ms
2026-05-22 09:29:05.811 +07:00 [INF] HTTP GET /api/notifications responded 200 in 7.0231 ms
2026-05-22 09:29:35.838 +07:00 [INF] HTTP GET /api/notifications responded 200 in 5.2118 ms
2026-05-22 09:30:06.166 +07:00 [INF] HTTP GET /api/notifications responded 200 in 4.1641 ms
2026-05-22 09:30:36.505 +07:00 [INF] HTTP GET /api/notifications responded 200 in 5.4209 ms
2026-05-22 09:31:06.846 +07:00 [INF] HTTP GET /api/notifications responded 200 in 8.3188 ms
2026-05-22 09:31:26.002 +07:00 [INF] HTTP GET /api/plans/main responded 200 in 16.2865 ms
2026-05-22 09:31:33.965 +07:00 [INF] HTTP GET /api/admin/roles responded 200 in 3.0162 ms
2026-05-22 09:31:33.973 +07:00 [INF] HTTP GET /api/admin/departments responded 200 in 10.3850 ms
2026-05-22 09:31:33.975 +07:00 [INF] HTTP GET /api/admin/users responded 200 in 13.6134 ms
2026-05-22 09:31:36.871 +07:00 [INF] HTTP GET /api/notifications responded 200 in 4.5981 ms
2026-05-22 09:32:07.205 +07:00 [INF] HTTP GET /api/notifications responded 200 in 4.6619 ms
2026-05-22 09:32:37.228 +07:00 [INF] HTTP GET /api/notifications responded 200 in 6.0479 ms
2026-05-22 09:33:07.549 +07:00 [INF] HTTP GET /api/notifications responded 200 in 5.0416 ms
2026-05-22 09:33:37.574 +07:00 [INF] HTTP GET /api/notifications responded 200 in 4.3027 ms
2026-05-22 09:34:07.921 +07:00 [INF] HTTP GET /api/notifications responded 200 in 7.0385 ms
2026-05-22 09:34:37.942 +07:00 [INF] HTTP GET /api/notifications responded 200 in 4.4962 ms
2026-05-22 09:35:08.274 +07:00 [INF] HTTP GET /api/notifications responded 200 in 4.8855 ms
2026-05-22 09:35:38.299 +07:00 [INF] HTTP GET /api/notifications responded 200 in 7.2865 ms
2026-05-22 09:36:08.640 +07:00 [INF] HTTP GET /api/notifications responded 200 in 5.3263 ms
2026-05-22 09:36:38.666 +07:00 [INF] HTTP GET /api/notifications responded 200 in 5.5662 ms
2026-05-22 09:37:08.993 +07:00 [INF] HTTP GET /api/notifications responded 200 in 5.6218 ms
2026-05-22 09:37:39.015 +07:00 [INF] HTTP GET /api/notifications responded 200 in 4.4963 ms
2026-05-22 09:38:09.339 +07:00 [INF] HTTP GET /api/notifications responded 200 in 5.3717 ms
2026-05-22 09:38:39.365 +07:00 [INF] HTTP GET /api/notifications responded 200 in 6.0370 ms
2026-05-22 09:39:09.696 +07:00 [INF] HTTP GET /api/notifications responded 200 in 5.3757 ms
2026-05-22 09:39:39.711 +07:00 [INF] HTTP GET /api/notifications responded 200 in 4.8604 ms
2026-05-22 09:40:10.040 +07:00 [INF] HTTP GET /api/notifications responded 200 in 5.1954 ms
2026-05-22 09:40:40.059 +07:00 [INF] HTTP GET /api/notifications responded 200 in 4.3518 ms
2026-05-22 09:41:12.373 +07:00 [INF] HTTP GET /api/notifications responded 200 in 4.6876 ms
2026-05-22 09:41:42.711 +07:00 [INF] HTTP GET /api/notifications responded 200 in 6.2135 ms
2026-05-22 09:42:12.726 +07:00 [INF] HTTP GET /api/notifications responded 401 in 2.9029 ms
2026-05-22 09:42:13.067 +07:00 [INF] HTTP POST /api/auth/refresh responded 200 in 31.0389 ms
2026-05-22 09:42:13.304 +07:00 [INF] HTTP GET /api/notifications responded 200 in 4.8264 ms
2026-05-22 09:42:43.335 +07:00 [INF] HTTP GET /api/notifications responded 200 in 5.2503 ms
2026-05-22 09:43:13.654 +07:00 [INF] HTTP GET /api/notifications responded 200 in 4.0475 ms
2026-05-22 09:43:43.685 +07:00 [INF] HTTP GET /api/notifications responded 200 in 8.4889 ms
2026-05-22 09:44:14.014 +07:00 [INF] HTTP GET /api/notifications responded 200 in 5.1919 ms
2026-05-22 09:44:44.038 +07:00 [INF] HTTP GET /api/notifications responded 200 in 5.5756 ms
2026-05-22 09:45:14.368 +07:00 [INF] HTTP GET /api/notifications responded 200 in 5.5291 ms
2026-05-22 09:45:44.391 +07:00 [INF] HTTP GET /api/notifications responded 200 in 5.9674 ms
2026-05-22 09:46:14.722 +07:00 [INF] HTTP GET /api/notifications responded 200 in 6.5189 ms
2026-05-22 09:46:44.743 +07:00 [INF] HTTP GET /api/notifications responded 200 in 3.5056 ms
2026-05-22 09:47:15.069 +07:00 [INF] HTTP GET /api/notifications responded 200 in 4.1094 ms
2026-05-22 09:47:45.088 +07:00 [INF] HTTP GET /api/notifications responded 200 in 4.4350 ms
2026-05-22 09:48:15.428 +07:00 [INF] HTTP GET /api/notifications responded 200 in 4.3734 ms
2026-05-22 09:48:45.446 +07:00 [INF] HTTP GET /api/notifications responded 200 in 5.4296 ms
2026-05-22 09:49:15.774 +07:00 [INF] HTTP GET /api/notifications responded 200 in 4.7560 ms
2026-05-22 09:49:45.791 +07:00 [INF] HTTP GET /api/notifications responded 200 in 4.2849 ms
2026-05-22 09:50:16.130 +07:00 [INF] HTTP GET /api/notifications responded 200 in 6.9179 ms
2026-05-22 09:50:46.155 +07:00 [INF] HTTP GET /api/notifications responded 200 in 6.2033 ms
2026-05-22 09:51:16.491 +07:00 [INF] HTTP GET /api/notifications responded 200 in 4.2360 ms
2026-05-22 09:51:46.512 +07:00 [INF] HTTP GET /api/notifications responded 200 in 6.3072 ms
2026-05-22 09:52:16.849 +07:00 [INF] HTTP GET /api/notifications responded 200 in 5.5073 ms
2026-05-22 09:52:46.870 +07:00 [INF] HTTP GET /api/notifications responded 200 in 5.4609 ms
2026-05-22 09:53:17.204 +07:00 [INF] HTTP GET /api/notifications responded 200 in 8.6582 ms
2026-05-22 09:53:47.238 +07:00 [INF] HTTP GET /api/notifications responded 200 in 5.5278 ms
2026-05-22 09:54:17.568 +07:00 [INF] HTTP GET /api/notifications responded 200 in 4.4404 ms
2026-05-22 09:54:47.587 +07:00 [INF] HTTP GET /api/notifications responded 200 in 4.2239 ms
2026-05-22 09:55:17.916 +07:00 [INF] HTTP GET /api/notifications responded 200 in 9.3782 ms
2026-05-22 09:55:47.944 +07:00 [INF] HTTP GET /api/notifications responded 200 in 4.6557 ms
2026-05-22 09:56:18.271 +07:00 [INF] HTTP GET /api/notifications responded 200 in 4.1443 ms
2026-05-22 09:56:48.303 +07:00 [INF] HTTP GET /api/notifications responded 200 in 4.7856 ms
2026-05-22 09:57:18.633 +07:00 [INF] HTTP GET /api/notifications responded 200 in 4.3764 ms
2026-05-22 09:57:48.968 +07:00 [INF] HTTP GET /api/notifications responded 401 in 0.5293 ms
2026-05-22 09:57:49.247 +07:00 [INF] HTTP POST /api/auth/refresh responded 200 in 16.2640 ms
2026-05-22 09:57:49.297 +07:00 [INF] HTTP GET /api/notifications responded 200 in 4.8140 ms
2026-05-22 09:58:19.630 +07:00 [INF] HTTP GET /api/notifications responded 200 in 8.0853 ms
2026-05-22 09:58:49.651 +07:00 [INF] HTTP GET /api/notifications responded 200 in 4.0349 ms
2026-05-22 09:59:19.998 +07:00 [INF] HTTP GET /api/notifications responded 200 in 5.8291 ms
2026-05-22 09:59:50.018 +07:00 [INF] HTTP GET /api/notifications responded 200 in 8.2336 ms
2026-05-22 10:00:20.356 +07:00 [INF] HTTP GET /api/notifications responded 200 in 7.6865 ms
2026-05-22 10:00:50.385 +07:00 [INF] HTTP GET /api/notifications responded 200 in 7.1838 ms
2026-05-22 10:01:20.711 +07:00 [INF] HTTP GET /api/notifications responded 200 in 3.9852 ms
2026-05-22 10:01:50.735 +07:00 [INF] HTTP GET /api/notifications responded 200 in 5.2246 ms
2026-05-22 10:08:55.209 +07:00 [INF] HTTP POST /api/auth/refresh responded 200 in 24.2825 ms
2026-05-22 10:08:55.281 +07:00 [INF] HTTP GET /api/notifications responded 200 in 10.8274 ms
2026-05-22 10:08:55.298 +07:00 [INF] HTTP GET /api/departments responded 200 in 27.8808 ms
2026-05-22 10:08:55.304 +07:00 [INF] HTTP GET /api/admin/roles responded 200 in 3.8434 ms
2026-05-22 10:08:55.313 +07:00 [INF] HTTP GET /api/admin/departments responded 200 in 4.9261 ms
2026-05-22 10:08:55.316 +07:00 [INF] HTTP GET /api/admin/users responded 200 in 16.9243 ms
2026-05-22 10:09:05.567 +07:00 [INF] HTTP GET /api/admin/approval-configs responded 200 in 6.7486 ms
2026-05-22 10:09:25.626 +07:00 [INF] HTTP GET /api/notifications responded 200 in 4.5854 ms
2026-05-22 10:09:55.649 +07:00 [INF] HTTP GET /api/notifications responded 200 in 5.3114 ms
2026-05-22 10:10:25.989 +07:00 [INF] HTTP GET /api/notifications responded 200 in 5.2563 ms
2026-05-22 10:10:56.317 +07:00 [INF] HTTP GET /api/notifications responded 200 in 5.1127 ms
2026-05-22 10:11:26.643 +07:00 [INF] HTTP GET /api/notifications responded 200 in 4.4230 ms
2026-05-22 10:11:56.669 +07:00 [INF] HTTP GET /api/notifications responded 200 in 6.7964 ms
2026-05-22 10:12:27.006 +07:00 [INF] HTTP GET /api/notifications responded 200 in 6.9821 ms
2026-05-22 10:12:57.027 +07:00 [INF] HTTP GET /api/notifications responded 200 in 5.1659 ms
2026-05-22 10:13:27.367 +07:00 [INF] HTTP GET /api/notifications responded 200 in 6.0001 ms
2026-05-22 10:13:57.392 +07:00 [INF] HTTP GET /api/notifications responded 200 in 6.3311 ms
2026-05-22 10:14:27.728 +07:00 [INF] HTTP GET /api/notifications responded 200 in 3.9315 ms
2026-05-22 10:14:57.754 +07:00 [INF] HTTP GET /api/notifications responded 200 in 4.7737 ms
2026-05-22 10:15:28.091 +07:00 [INF] HTTP GET /api/notifications responded 200 in 6.4523 ms
2026-05-22 10:15:58.104 +07:00 [INF] HTTP GET /api/notifications responded 200 in 3.4999 ms
2026-05-22 10:16:28.441 +07:00 [INF] HTTP GET /api/notifications responded 200 in 4.8128 ms
2026-05-22 10:16:58.466 +07:00 [INF] HTTP GET /api/notifications responded 200 in 4.5188 ms
2026-05-22 10:17:28.806 +07:00 [INF] HTTP GET /api/notifications responded 200 in 5.7747 ms
2026-05-22 10:17:58.834 +07:00 [INF] HTTP GET /api/notifications responded 200 in 4.4922 ms
2026-05-22 10:18:29.170 +07:00 [INF] HTTP GET /api/notifications responded 200 in 4.7429 ms
2026-05-22 10:18:59.193 +07:00 [INF] HTTP GET /api/notifications responded 200 in 5.9606 ms
2026-05-22 10:19:29.537 +07:00 [INF] HTTP GET /api/notifications responded 200 in 5.3253 ms
2026-05-22 10:19:59.560 +07:00 [INF] HTTP GET /api/notifications responded 200 in 5.6870 ms
2026-05-22 10:20:29.904 +07:00 [INF] HTTP GET /api/notifications responded 200 in 7.7266 ms
2026-05-22 10:20:59.924 +07:00 [INF] HTTP GET /api/notifications responded 200 in 4.9146 ms
2026-05-22 10:21:30.256 +07:00 [INF] HTTP GET /api/notifications responded 200 in 9.2423 ms
2026-05-22 10:22:00.291 +07:00 [INF] HTTP GET /api/notifications responded 200 in 5.7442 ms
2026-05-22 10:22:30.617 +07:00 [INF] HTTP GET /api/notifications responded 200 in 4.7361 ms
2026-05-22 10:23:00.648 +07:00 [INF] HTTP GET /api/notifications responded 200 in 5.5621 ms
2026-05-22 10:23:30.988 +07:00 [INF] HTTP GET /api/notifications responded 200 in 4.0900 ms
2026-05-22 10:24:01.004 +07:00 [INF] HTTP GET /api/notifications responded 200 in 4.0265 ms
2026-05-22 10:24:31.320 +07:00 [INF] HTTP GET /api/notifications responded 401 in 0.7909 ms
2026-05-22 10:24:31.600 +07:00 [INF] HTTP POST /api/auth/refresh responded 200 in 20.5555 ms
2026-05-22 10:24:31.647 +07:00 [INF] HTTP GET /api/notifications responded 200 in 5.7859 ms
2026-05-22 10:25:01.665 +07:00 [INF] HTTP GET /api/notifications responded 200 in 4.5818 ms
2026-05-22 10:25:31.996 +07:00 [INF] HTTP GET /api/notifications responded 200 in 5.8357 ms
2026-05-22 10:26:02.014 +07:00 [INF] HTTP GET /api/notifications responded 200 in 3.7260 ms
2026-05-22 10:26:32.349 +07:00 [INF] HTTP GET /api/notifications responded 200 in 3.8693 ms
2026-05-22 10:27:02.370 +07:00 [INF] HTTP GET /api/notifications responded 200 in 3.6691 ms
2026-05-22 10:27:32.713 +07:00 [INF] HTTP GET /api/notifications responded 200 in 5.9528 ms
2026-05-22 10:28:02.733 +07:00 [INF] HTTP GET /api/notifications responded 200 in 4.8184 ms
2026-05-22 10:28:33.062 +07:00 [INF] HTTP GET /api/notifications responded 200 in 4.7198 ms
2026-05-22 10:29:03.079 +07:00 [INF] HTTP GET /api/notifications responded 200 in 3.6451 ms
2026-05-22 10:29:33.412 +07:00 [INF] HTTP GET /api/notifications responded 200 in 5.3631 ms
2026-05-22 10:30:10.472 +07:00 [INF] HTTP GET /api/notifications responded 200 in 5.8683 ms
2026-05-22 10:30:40.818 +07:00 [INF] HTTP GET /api/notifications responded 200 in 6.4946 ms
2026-05-22 10:31:10.839 +07:00 [INF] HTTP GET /api/notifications responded 200 in 5.5838 ms
2026-05-22 10:31:41.164 +07:00 [INF] HTTP GET /api/notifications responded 200 in 4.7071 ms
2026-05-22 10:32:11.183 +07:00 [INF] HTTP GET /api/notifications responded 200 in 4.0571 ms
2026-05-22 10:32:41.514 +07:00 [INF] HTTP GET /api/notifications responded 200 in 3.8009 ms
2026-05-22 10:33:11.536 +07:00 [INF] HTTP GET /api/notifications responded 200 in 4.2817 ms
2026-05-22 10:33:41.872 +07:00 [INF] HTTP GET /api/notifications responded 200 in 4.6682 ms
2026-05-22 10:34:11.897 +07:00 [INF] HTTP GET /api/notifications responded 200 in 4.8824 ms
2026-05-22 10:34:42.226 +07:00 [INF] HTTP GET /api/notifications responded 200 in 4.4411 ms
2026-05-22 10:35:12.260 +07:00 [INF] HTTP GET /api/notifications responded 200 in 6.1760 ms
2026-05-22 10:35:42.599 +07:00 [INF] HTTP GET /api/notifications responded 200 in 8.9654 ms
2026-05-22 10:36:12.622 +07:00 [INF] HTTP GET /api/notifications responded 200 in 4.6433 ms
2026-05-22 10:36:42.952 +07:00 [INF] HTTP GET /api/notifications responded 200 in 4.8611 ms
2026-05-22 10:37:12.972 +07:00 [INF] HTTP GET /api/notifications responded 200 in 4.1791 ms
2026-05-22 10:37:43.308 +07:00 [INF] HTTP GET /api/notifications responded 200 in 4.5928 ms
2026-05-22 10:38:13.323 +07:00 [INF] HTTP GET /api/notifications responded 200 in 4.8376 ms
2026-05-22 10:38:43.656 +07:00 [INF] HTTP GET /api/notifications responded 200 in 5.0104 ms
2026-05-22 10:39:13.676 +07:00 [INF] HTTP GET /api/notifications responded 200 in 3.5630 ms
2026-05-22 10:39:44.010 +07:00 [INF] HTTP GET /api/notifications responded 200 in 5.1665 ms
2026-05-22 10:40:14.033 +07:00 [INF] HTTP GET /api/notifications responded 401 in 0.5601 ms
2026-05-22 10:40:14.367 +07:00 [INF] HTTP POST /api/auth/refresh responded 200 in 15.6221 ms
2026-05-22 10:40:14.623 +07:00 [INF] HTTP GET /api/notifications responded 200 in 6.8190 ms
2026-05-22 10:40:44.659 +07:00 [INF] HTTP GET /api/notifications responded 200 in 9.4830 ms
2026-05-22 10:41:15.003 +07:00 [INF] HTTP GET /api/notifications responded 200 in 5.5660 ms
2026-05-22 10:41:45.030 +07:00 [INF] HTTP GET /api/notifications responded 200 in 8.2383 ms
2026-05-22 10:42:15.367 +07:00 [INF] HTTP GET /api/notifications responded 200 in 4.4526 ms
2026-05-22 10:42:45.386 +07:00 [INF] HTTP GET /api/notifications responded 200 in 5.8878 ms
2026-05-22 10:43:15.718 +07:00 [INF] HTTP GET /api/notifications responded 200 in 6.8702 ms
2026-05-22 10:43:45.741 +07:00 [INF] HTTP GET /api/notifications responded 200 in 4.9258 ms
2026-05-22 10:44:16.063 +07:00 [INF] HTTP GET /api/notifications responded 200 in 5.9313 ms
2026-05-22 10:44:46.089 +07:00 [INF] HTTP GET /api/notifications responded 200 in 4.6722 ms
2026-05-22 10:45:16.420 +07:00 [INF] HTTP GET /api/notifications responded 200 in 4.6072 ms
2026-05-22 10:45:46.436 +07:00 [INF] HTTP GET /api/notifications responded 200 in 4.4761 ms
2026-05-22 10:46:16.765 +07:00 [INF] HTTP GET /api/notifications responded 200 in 6.4905 ms
2026-05-22 10:46:46.781 +07:00 [INF] HTTP GET /api/notifications responded 200 in 4.2419 ms
2026-05-22 10:47:17.119 +07:00 [INF] HTTP GET /api/notifications responded 200 in 4.7698 ms
2026-05-22 10:47:42.287 +07:00 [INF] HTTP GET /api/admin/roles responded 200 in 4.8607 ms
2026-05-22 10:47:43.311 +07:00 [INF] HTTP GET /api/admin/approval-configs responded 200 in 4.1707 ms
2026-05-22 10:47:43.612 +07:00 [INF] HTTP GET /api/plans/resolve responded 200 in 3.7086 ms
2026-05-22 10:47:43.914 +07:00 [INF] HTTP GET /api/departments responded 200 in 3.2983 ms
2026-05-22 10:47:43.951 +07:00 [INF] HTTP GET /api/plans/9555be4b-2666-4fd5-9304-276a0023f509/tasks responded 200 in 7.0137 ms
2026-05-22 10:47:43.962 +07:00 [INF] HTTP GET /api/plans/9555be4b-2666-4fd5-9304-276a0023f509/approval-history responded 200 in 17.6701 ms
2026-05-22 10:47:43.962 +07:00 [INF] HTTP GET /api/plans/9555be4b-2666-4fd5-9304-276a0023f509/line-comments responded 200 in 18.0418 ms
2026-05-22 10:47:54.580 +07:00 [INF] HTTP GET /api/plans/main responded 200 in 6.4756 ms
2026-05-22 10:47:54.886 +07:00 [INF] HTTP GET /api/plans/resolve responded 200 in 4.3911 ms
2026-05-22 10:47:54.886 +07:00 [INF] HTTP GET /api/plans/resolve responded 200 in 4.1245 ms
2026-05-22 10:47:54.887 +07:00 [INF] HTTP GET /api/plans/resolve responded 200 in 4.6372 ms
2026-05-22 10:47:54.898 +07:00 [INF] HTTP GET /api/plans/resolve responded 200 in 5.6036 ms
2026-05-22 10:47:54.898 +07:00 [INF] HTTP GET /api/plans/resolve responded 200 in 15.3135 ms
2026-05-22 10:47:54.898 +07:00 [INF] HTTP GET /api/notifications responded 200 in 15.9189 ms
2026-05-22 10:47:55.217 +07:00 [INF] HTTP GET /api/plans/resolve responded 200 in 4.9641 ms
2026-05-22 10:47:55.217 +07:00 [INF] HTTP GET /api/plans/resolve responded 200 in 4.9596 ms
2026-05-22 10:47:55.598 +07:00 [INF] HTTP GET /api/plans/resolve responded 200 in 4.9871 ms
2026-05-22 10:48:15.808 +07:00 [INF] HTTP GET /api/admin/approval-configs responded 200 in 5.5362 ms
2026-05-22 10:48:20.981 +07:00 [INF] HTTP GET /api/admin/departments responded 200 in 2.8628 ms
2026-05-22 10:48:21.835 +07:00 [INF] HTTP GET /api/admin/users responded 200 in 9.1517 ms
2026-05-22 10:48:25.233 +07:00 [INF] HTTP GET /api/notifications responded 200 in 4.3449 ms
2026-05-22 10:48:55.255 +07:00 [INF] HTTP GET /api/notifications responded 200 in 5.2155 ms
2026-05-22 10:49:25.595 +07:00 [INF] HTTP GET /api/notifications responded 200 in 5.5503 ms
2026-05-22 10:49:55.620 +07:00 [INF] HTTP GET /api/notifications responded 200 in 8.2353 ms
2026-05-22 10:50:25.964 +07:00 [INF] HTTP GET /api/notifications responded 200 in 4.7189 ms
2026-05-22 10:50:55.990 +07:00 [INF] HTTP GET /api/notifications responded 200 in 6.0859 ms
2026-05-22 10:51:26.331 +07:00 [INF] HTTP GET /api/notifications responded 200 in 4.7931 ms
2026-05-22 10:51:56.362 +07:00 [INF] HTTP GET /api/notifications responded 200 in 6.1752 ms
2026-05-22 10:52:26.705 +07:00 [INF] HTTP GET /api/notifications responded 200 in 6.7220 ms
2026-05-22 10:52:56.728 +07:00 [INF] HTTP GET /api/notifications responded 200 in 7.2903 ms
2026-05-22 10:53:27.066 +07:00 [INF] HTTP GET /api/notifications responded 200 in 6.2402 ms
2026-05-22 10:53:57.090 +07:00 [INF] HTTP GET /api/notifications responded 200 in 4.0124 ms
2026-05-22 10:54:27.422 +07:00 [INF] HTTP GET /api/notifications responded 200 in 5.0756 ms
2026-05-22 10:54:57.451 +07:00 [INF] HTTP GET /api/notifications responded 200 in 4.4200 ms
2026-05-22 10:55:27.777 +07:00 [INF] HTTP GET /api/notifications responded 200 in 3.8923 ms
2026-05-22 10:55:57.791 +07:00 [INF] HTTP GET /api/notifications responded 401 in 0.8736 ms
2026-05-22 10:55:58.138 +07:00 [INF] HTTP POST /api/auth/refresh responded 200 in 20.2517 ms
2026-05-22 10:55:58.369 +07:00 [INF] HTTP GET /api/notifications responded 200 in 4.2013 ms
2026-05-22 10:56:28.392 +07:00 [INF] HTTP GET /api/notifications responded 200 in 5.5269 ms
2026-05-22 10:56:32.923 +07:00 [INF] HTTP GET /api/admin/approval-configs responded 200 in 4.4765 ms
2026-05-22 10:56:33.188 +07:00 [INF] HTTP GET /api/admin/roles responded 200 in 3.6470 ms
2026-05-22 10:56:58.412 +07:00 [INF] HTTP GET /api/notifications responded 200 in 4.2427 ms
2026-05-22 10:57:28.750 +07:00 [INF] HTTP GET /api/notifications responded 200 in 5.9286 ms
2026-05-22 10:57:58.781 +07:00 [INF] HTTP GET /api/notifications responded 200 in 6.2410 ms
2026-05-22 10:58:29.113 +07:00 [INF] HTTP GET /api/notifications responded 200 in 4.6336 ms
2026-05-22 10:58:59.145 +07:00 [INF] HTTP GET /api/notifications responded 200 in 5.1172 ms
2026-05-22 10:59:29.482 +07:00 [INF] HTTP GET /api/notifications responded 200 in 7.8363 ms
2026-05-22 10:59:59.496 +07:00 [INF] HTTP GET /api/notifications responded 200 in 4.1096 ms
2026-05-22 11:00:13.394 +07:00 [INF] HTTP POST /api/auth/refresh responded 200 in 19.5331 ms
2026-05-22 11:00:13.461 +07:00 [INF] HTTP GET /api/departments responded 200 in 4.9004 ms
2026-05-22 11:00:13.478 +07:00 [INF] HTTP GET /api/plans/resolve responded 200 in 21.0187 ms
2026-05-22 11:00:13.478 +07:00 [INF] HTTP GET /api/notifications responded 200 in 21.2507 ms
2026-05-22 11:00:13.585 +07:00 [INF] HTTP GET /api/plans/4f3fe82a-9a75-47a5-8282-3258fb123357/line-comments responded 200 in 9.4683 ms
2026-05-22 11:00:13.585 +07:00 [INF] HTTP GET /api/plans/4f3fe82a-9a75-47a5-8282-3258fb123357/tasks responded 200 in 9.2958 ms
2026-05-22 11:00:13.890 +07:00 [INF] HTTP GET /api/plans/4f3fe82a-9a75-47a5-8282-3258fb123357/approval-history responded 200 in 5.3454 ms
2026-05-22 11:05:39.568 +07:00 [INF] HTTP GET /api/notifications responded 401 in 0.5618 ms
2026-05-22 11:05:39.847 +07:00 [ERR] An error occurred using the connection to database 'khct' on server 'localhost'.
2026-05-22 11:05:39.863 +07:00 [ERR] Unhandled exception
System.OperationCanceledException: The operation was canceled.
   at System.Threading.CancellationToken.ThrowOperationCanceledException()
   at MySqlConnector.MySqlConnection.OpenAsync(Nullable`1 ioBehavior, CancellationToken cancellationToken) in /_/src/MySqlConnector/MySqlConnection.cs:line 390
   at Microsoft.EntityFrameworkCore.Storage.RelationalConnection.OpenInternalAsync(Boolean errorsExpected, CancellationToken cancellationToken)
   at Microsoft.EntityFrameworkCore.Storage.RelationalConnection.OpenInternalAsync(Boolean errorsExpected, CancellationToken cancellationToken)
   at Microsoft.EntityFrameworkCore.Storage.RelationalConnection.OpenAsync(CancellationToken cancellationToken, Boolean errorsExpected)
   at Pomelo.EntityFrameworkCore.MySql.Storage.Internal.MySqlRelationalConnection.OpenAsync(CancellationToken cancellationToken, Boolean errorsExpected)
   at Microsoft.EntityFrameworkCore.Storage.RelationalCommand.ExecuteReaderAsync(RelationalCommandParameterObject parameterObject, CancellationToken cancellationToken)
   at Microsoft.EntityFrameworkCore.Query.Internal.SingleQueryingEnumerable`1.AsyncEnumerator.InitializeReaderAsync(AsyncEnumerator enumerator, CancellationToken cancellationToken)
   at Pomelo.EntityFrameworkCore.MySql.Storage.Internal.MySqlExecutionStrategy.ExecuteAsync[TState,TResult](TState state, Func`4 operation, Func`4 verifySucceeded, CancellationToken cancellationToken)
   at Microsoft.EntityFrameworkCore.Query.Internal.SingleQueryingEnumerable`1.AsyncEnumerator.MoveNextAsync()
   at Microsoft.EntityFrameworkCore.Query.ShapedQueryCompilingExpressionVisitor.SingleOrDefaultAsync[TSource](IAsyncEnumerable`1 asyncEnumerable, CancellationToken cancellationToken)
   at Microsoft.EntityFrameworkCore.Query.ShapedQueryCompilingExpressionVisitor.SingleOrDefaultAsync[TSource](IAsyncEnumerable`1 asyncEnumerable, CancellationToken cancellationToken)
   at KHCT.Application.Auth.Refresh.RefreshHandler.Handle(RefreshTokenCommand request, CancellationToken ct) in C:\Users\hi\OneDrive\Desktop\khct\backend\KHCT.Application\Auth\Refresh\RefreshTokenCommand.cs:line 33
   at KHCT.Application.Common.Behaviors.ValidationBehavior`2.Handle(TRequest request, RequestHandlerDelegate`1 next, CancellationToken cancellationToken) in C:\Users\hi\OneDrive\Desktop\khct\backend\KHCT.Application\Common\Behaviors\ValidationBehavior.cs:line 26
   at MediatR.Pipeline.RequestExceptionProcessorBehavior`2.Handle(TRequest request, RequestHandlerDelegate`1 next, CancellationToken cancellationToken)
   at MediatR.Pipeline.RequestExceptionProcessorBehavior`2.Handle(TRequest request, RequestHandlerDelegate`1 next, CancellationToken cancellationToken)
   at MediatR.Pipeline.RequestExceptionActionProcessorBehavior`2.Handle(TRequest request, RequestHandlerDelegate`1 next, CancellationToken cancellationToken)
   at MediatR.Pipeline.RequestExceptionActionProcessorBehavior`2.Handle(TRequest request, RequestHandlerDelegate`1 next, CancellationToken cancellationToken)
   at MediatR.Pipeline.RequestPostProcessorBehavior`2.Handle(TRequest request, RequestHandlerDelegate`1 next, CancellationToken cancellationToken)
   at MediatR.Pipeline.RequestPreProcessorBehavior`2.Handle(TRequest request, RequestHandlerDelegate`1 next, CancellationToken cancellationToken)
   at KHCT.Api.Controllers.AuthController.Refresh(RefreshRequest body, CancellationToken ct) in C:\Users\hi\OneDrive\Desktop\khct\backend\KHCT.Api\Controllers\AuthController.cs:line 50
   at Microsoft.AspNetCore.Mvc.Infrastructure.ActionMethodExecutor.TaskOfIActionResultExecutor.Execute(ActionContext actionContext, IActionResultTypeMapper mapper, ObjectMethodExecutor executor, Object controller, Object[] arguments)
   at Microsoft.AspNetCore.Mvc.Infrastructure.ControllerActionInvoker.<InvokeActionMethodAsync>g__Awaited|12_0(ControllerActionInvoker invoker, ValueTask`1 actionResultValueTask)
   at Microsoft.AspNetCore.Mvc.Infrastructure.ControllerActionInvoker.<InvokeNextActionFilterAsync>g__Awaited|10_0(ControllerActionInvoker invoker, Task lastTask, State next, Scope scope, Object state, Boolean isCompleted)
   at Microsoft.AspNetCore.Mvc.Infrastructure.ControllerActionInvoker.Rethrow(ActionExecutedContextSealed context)
   at Microsoft.AspNetCore.Mvc.Infrastructure.ControllerActionInvoker.Next(State& next, Scope& scope, Object& state, Boolean& isCompleted)
   at Microsoft.AspNetCore.Mvc.Infrastructure.ControllerActionInvoker.InvokeInnerFilterAsync()
--- End of stack trace from previous location ---
   at Microsoft.AspNetCore.Mvc.Infrastructure.ResourceInvoker.<InvokeFilterPipelineAsync>g__Awaited|20_0(ResourceInvoker invoker, Task lastTask, State next, Scope scope, Object state, Boolean isCompleted)
   at Microsoft.AspNetCore.Mvc.Infrastructure.ResourceInvoker.<InvokeAsync>g__Awaited|17_0(ResourceInvoker invoker, Task task, IDisposable scope)
   at Microsoft.AspNetCore.Mvc.Infrastructure.ResourceInvoker.<InvokeAsync>g__Awaited|17_0(ResourceInvoker invoker, Task task, IDisposable scope)
   at Microsoft.AspNetCore.Authorization.AuthorizationMiddleware.Invoke(HttpContext context)
   at Microsoft.AspNetCore.Authentication.AuthenticationMiddleware.Invoke(HttpContext context)
   at Swashbuckle.AspNetCore.SwaggerUI.SwaggerUIMiddleware.Invoke(HttpContext httpContext)
   at Swashbuckle.AspNetCore.Swagger.SwaggerMiddleware.Invoke(HttpContext httpContext, ISwaggerProvider swaggerProvider)
   at KHCT.Api.Middleware.ExceptionMiddleware.InvokeAsync(HttpContext context) in C:\Users\hi\OneDrive\Desktop\khct\backend\KHCT.Api\Middleware\ExceptionMiddleware.cs:line 23
2026-05-22 11:05:39.940 +07:00 [ERR] HTTP POST /api/auth/refresh responded 500 in 103.6297 ms
2026-05-22 11:05:40.593 +07:00 [INF] HTTP POST /api/auth/refresh responded 200 in 32.5086 ms
2026-05-22 11:05:40.636 +07:00 [INF] HTTP GET /api/departments responded 200 in 4.2591 ms
2026-05-22 11:05:40.650 +07:00 [INF] HTTP GET /api/notifications responded 200 in 17.3192 ms
2026-05-22 11:05:47.905 +07:00 [INF] HTTP GET /api/plans/resolve responded 200 in 7.0832 ms
2026-05-22 11:05:56.593 +07:00 [INF] HTTP GET /api/plans/resolve responded 200 in 5.8513 ms
2026-05-22 11:06:00.908 +07:00 [INF] HTTP GET /api/plans/resolve responded 200 in 6.5203 ms
2026-05-22 11:06:01.159 +07:00 [INF] HTTP GET /api/plans/4f3fe82a-9a75-47a5-8282-3258fb123357/tasks responded 200 in 7.7608 ms
2026-05-22 11:06:01.234 +07:00 [INF] HTTP GET /api/plans/4f3fe82a-9a75-47a5-8282-3258fb123357/approval-history responded 200 in 5.8946 ms
2026-05-22 11:06:01.234 +07:00 [INF] HTTP GET /api/plans/4f3fe82a-9a75-47a5-8282-3258fb123357/line-comments responded 200 in 6.2159 ms
2026-05-22 11:06:10.716 +07:00 [INF] HTTP GET /api/notifications responded 200 in 4.9285 ms
2026-05-22 11:06:41.052 +07:00 [INF] HTTP GET /api/notifications responded 200 in 7.4190 ms
2026-05-22 11:07:11.080 +07:00 [INF] HTTP GET /api/notifications responded 200 in 4.0576 ms
2026-05-22 11:07:41.408 +07:00 [INF] HTTP GET /api/notifications responded 200 in 5.9004 ms
2026-05-22 11:08:11.434 +07:00 [INF] HTTP GET /api/notifications responded 200 in 4.9510 ms
2026-05-22 11:08:41.764 +07:00 [INF] HTTP GET /api/notifications responded 200 in 4.0966 ms
2026-05-22 11:09:11.794 +07:00 [INF] HTTP GET /api/notifications responded 200 in 4.5839 ms
2026-05-22 11:09:42.126 +07:00 [INF] HTTP GET /api/notifications responded 200 in 4.7229 ms
2026-05-22 11:44:48.671 +07:00 [INF] HTTP POST /api/auth/refresh responded 200 in 58.7946 ms
2026-05-22 11:44:48.802 +07:00 [INF] HTTP GET /api/departments responded 200 in 20.5380 ms
2026-05-22 11:44:48.830 +07:00 [INF] HTTP GET /api/notifications responded 200 in 48.2807 ms
2026-05-22 11:44:48.837 +07:00 [INF] HTTP GET /api/plans/resolve responded 200 in 39.0672 ms
2026-05-22 11:44:48.963 +07:00 [INF] HTTP GET /api/plans/4f3fe82a-9a75-47a5-8282-3258fb123357/line-comments responded 200 in 10.3166 ms
2026-05-22 11:44:48.963 +07:00 [INF] HTTP GET /api/plans/4f3fe82a-9a75-47a5-8282-3258fb123357/tasks responded 200 in 10.5462 ms
2026-05-22 11:44:49.262 +07:00 [INF] HTTP GET /api/plans/4f3fe82a-9a75-47a5-8282-3258fb123357/approval-history responded 200 in 5.9559 ms
2026-05-22 14:36:41.699 +07:00 [INF] HTTP POST /api/auth/refresh responded 200 in 35.9540 ms
2026-05-22 14:36:41.788 +07:00 [INF] HTTP GET /api/departments responded 200 in 4.1169 ms
2026-05-22 14:36:41.799 +07:00 [INF] HTTP GET /api/notifications responded 200 in 14.3281 ms
2026-05-22 14:36:41.799 +07:00 [INF] HTTP GET /api/plans/resolve responded 200 in 14.0142 ms
2026-05-22 14:36:41.919 +07:00 [INF] HTTP GET /api/plans/4f3fe82a-9a75-47a5-8282-3258fb123357/line-comments responded 200 in 8.9683 ms
2026-05-22 14:36:41.919 +07:00 [INF] HTTP GET /api/plans/4f3fe82a-9a75-47a5-8282-3258fb123357/tasks responded 200 in 9.4308 ms
2026-05-22 14:36:42.231 +07:00 [INF] HTTP GET /api/plans/4f3fe82a-9a75-47a5-8282-3258fb123357/approval-history responded 200 in 5.6914 ms
