2026-05-15 14:08:38.310 +07:00 [INF] KHCT API started on http://localhost:5051
2026-05-15 14:08:42.756 +07:00 [INF] HTTP GET /health responded 200 in 168.8829 ms
2026-05-15 14:14:45.503 +07:00 [INF] KHCT API started on http://localhost:5051
2026-05-15 14:14:52.798 +07:00 [INF] HTTP POST /api/auth/login responded 200 in 2358.7942 ms
2026-05-15 14:14:53.051 +07:00 [INF] HTTP GET /api/plans/resolve responded 200 in 157.4487 ms
2026-05-15 14:14:53.276 +07:00 [INF] HTTP POST /api/plans/main responded 200 in 189.4012 ms
2026-05-15 14:14:53.486 +07:00 [ERR] Failed executing DbCommand (6ms) [Parameters=[@p0='?' (DbType = Guid), @p1='?' (Size = 32), @p2='?' (DbType = Guid), @p3='?' (Size = 4000), @p4='?' (Size = 4000), @p5='?' (DbType = DateTime), @p6='?' (DbType = Guid), @p7='?' (Size = 128), @p8='?' (DbType = DateTime), @p9='?' (DbType = Guid), @p10='?' (DbType = Guid), @p11='?' (Size = 255), @p12='?' (DbType = DateTime), @p13='?' (DbType = DateTime), @p14='?' (DbType = Int32), @p15='?' (DbType = Boolean), @p16='?' (DbType = Guid), @p17='?' (DbType = Boolean), @p18='?' (DbType = Boolean), @p19='?' (Size = 255), @p20='?' (Size = 4000), @p21='?' (Size = 64), @p22='?' (DbType = Guid), @p23='?' (DbType = Guid), @p24='?' (DbType = Guid), @p25='?' (Size = 4000), @p26='?' (Size = 4000), @p27='?' (Size = 1024), @p28='?' (DbType = DateTime), @p29='?' (Size = 32), @p30='?' (DbType = Int32)], CommandType='"Text"', CommandTimeout='30']
INSERT INTO `audit_log` (`id`, `action`, `actor_user_id`, `after_json`, `before_json`, `created_at`, `entity_id`, `entity_name`, `updated_at`)
VALUES (@p0, @p1, @p2, @p3, @p4, @p5, @p6, @p7, @p8);
INSERT INTO `task` (`id`, `assignee_user_id`, `bks_member_text`, `created_at`, `deadline`, `display_order`, `has_open_comment`, `inherited_from_task_id`, `is_header`, `is_locked`, `ktnb_leader_text`, `note_text`, `outline_index`, `owner_department_id`, `parent_task_id`, `plan_id`, `progress_text`, `reason_not_completed`, `title`, `updated_at`, `work_status`, `work_type`)
VALUES (@p9, @p10, @p11, @p12, @p13, @p14, @p15, @p16, @p17, @p18, @p19, @p20, @p21, @p22, @p23, @p24, @p25, @p26, @p27, @p28, @p29, @p30);
2026-05-15 14:14:53.525 +07:00 [ERR] An exception occurred in the database while saving changes for context type 'KHCT.Infrastructure.KhctDbContext'.
Microsoft.EntityFrameworkCore.DbUpdateException: An error occurred while saving the entity changes. See the inner exception for details.
 ---> MySqlConnector.MySqlException (0x80004005): Unknown column 'ktnb_leader_text' in 'field list'
   at MySqlConnector.Core.ServerSession.ReceiveReplyAsync(IOBehavior ioBehavior, CancellationToken cancellationToken) in /_/src/MySqlConnector/Core/ServerSession.cs:line 894
   at MySqlConnector.Core.ResultSet.ReadResultSetHeaderAsync(IOBehavior ioBehavior) in /_/src/MySqlConnector/Core/ResultSet.cs:line 37
   at MySqlConnector.MySqlDataReader.ActivateResultSet(CancellationToken cancellationToken) in /_/src/MySqlConnector/MySqlDataReader.cs:line 130
   at MySqlConnector.MySqlDataReader.InitAsync(CommandListPosition commandListPosition, ICommandPayloadCreator payloadCreator, IDictionary`2 cachedProcedures, IMySqlCommand command, CommandBehavior behavior, Activity activity, IOBehavior ioBehavior, CancellationToken cancellationToken) in /_/src/MySqlConnector/MySqlDataReader.cs:line 483
   at MySqlConnector.Core.CommandExecutor.ExecuteReaderAsync(CommandListPosition commandListPosition, ICommandPayloadCreator payloadCreator, CommandBehavior behavior, Activity activity, IOBehavior ioBehavior, CancellationToken cancellationToken) in /_/src/MySqlConnector/Core/CommandExecutor.cs:line 56
   at MySqlConnector.MySqlCommand.ExecuteReaderAsync(CommandBehavior behavior, IOBehavior ioBehavior, CancellationToken cancellationToken) in /_/src/MySqlConnector/MySqlCommand.cs:line 357
   at MySqlConnector.MySqlCommand.ExecuteDbDataReaderAsync(CommandBehavior behavior, CancellationToken cancellationToken) in /_/src/MySqlConnector/MySqlCommand.cs:line 350
   at Microsoft.EntityFrameworkCore.Storage.RelationalCommand.ExecuteReaderAsync(RelationalCommandParameterObject parameterObject, CancellationToken cancellationToken)
   at Microsoft.EntityFrameworkCore.Storage.RelationalCommand.ExecuteReaderAsync(RelationalCommandParameterObject parameterObject, CancellationToken cancellationToken)
   at Microsoft.EntityFrameworkCore.Update.ReaderModificationCommandBatch.ExecuteAsync(IRelationalConnection connection, CancellationToken cancellationToken)
   --- End of inner exception stack trace ---
   at Microsoft.EntityFrameworkCore.Update.ReaderModificationCommandBatch.ExecuteAsync(IRelationalConnection connection, CancellationToken cancellationToken)
   at Microsoft.EntityFrameworkCore.Update.Internal.BatchExecutor.ExecuteAsync(IEnumerable`1 commandBatches, IRelationalConnection connection, CancellationToken cancellationToken)
   at Microsoft.EntityFrameworkCore.Update.Internal.BatchExecutor.ExecuteAsync(IEnumerable`1 commandBatches, IRelationalConnection connection, CancellationToken cancellationToken)
   at Microsoft.EntityFrameworkCore.Update.Internal.BatchExecutor.ExecuteAsync(IEnumerable`1 commandBatches, IRelationalConnection connection, CancellationToken cancellationToken)
   at Microsoft.EntityFrameworkCore.ChangeTracking.Internal.StateManager.SaveChangesAsync(IList`1 entriesToSave, CancellationToken cancellationToken)
   at Microsoft.EntityFrameworkCore.ChangeTracking.Internal.StateManager.SaveChangesAsync(StateManager stateManager, Boolean acceptAllChangesOnSuccess, CancellationToken cancellationToken)
   at Pomelo.EntityFrameworkCore.MySql.Storage.Internal.MySqlExecutionStrategy.ExecuteAsync[TState,TResult](TState state, Func`4 operation, Func`4 verifySucceeded, CancellationToken cancellationToken)
   at Microsoft.EntityFrameworkCore.DbContext.SaveChangesAsync(Boolean acceptAllChangesOnSuccess, CancellationToken cancellationToken)
Microsoft.EntityFrameworkCore.DbUpdateException: An error occurred while saving the entity changes. See the inner exception for details.
 ---> MySqlConnector.MySqlException (0x80004005): Unknown column 'ktnb_leader_text' in 'field list'
   at MySqlConnector.Core.ServerSession.ReceiveReplyAsync(IOBehavior ioBehavior, CancellationToken cancellationToken) in /_/src/MySqlConnector/Core/ServerSession.cs:line 894
   at MySqlConnector.Core.ResultSet.ReadResultSetHeaderAsync(IOBehavior ioBehavior) in /_/src/MySqlConnector/Core/ResultSet.cs:line 37
   at MySqlConnector.MySqlDataReader.ActivateResultSet(CancellationToken cancellationToken) in /_/src/MySqlConnector/MySqlDataReader.cs:line 130
   at MySqlConnector.MySqlDataReader.InitAsync(CommandListPosition commandListPosition, ICommandPayloadCreator payloadCreator, IDictionary`2 cachedProcedures, IMySqlCommand command, CommandBehavior behavior, Activity activity, IOBehavior ioBehavior, CancellationToken cancellationToken) in /_/src/MySqlConnector/MySqlDataReader.cs:line 483
   at MySqlConnector.Core.CommandExecutor.ExecuteReaderAsync(CommandListPosition commandListPosition, ICommandPayloadCreator payloadCreator, CommandBehavior behavior, Activity activity, IOBehavior ioBehavior, CancellationToken cancellationToken) in /_/src/MySqlConnector/Core/CommandExecutor.cs:line 56
   at MySqlConnector.MySqlCommand.ExecuteReaderAsync(CommandBehavior behavior, IOBehavior ioBehavior, CancellationToken cancellationToken) in /_/src/MySqlConnector/MySqlCommand.cs:line 357
   at MySqlConnector.MySqlCommand.ExecuteDbDataReaderAsync(CommandBehavior behavior, CancellationToken cancellationToken) in /_/src/MySqlConnector/MySqlCommand.cs:line 350
   at Microsoft.EntityFrameworkCore.Storage.RelationalCommand.ExecuteReaderAsync(RelationalCommandParameterObject parameterObject, CancellationToken cancellationToken)
   at Microsoft.EntityFrameworkCore.Storage.RelationalCommand.ExecuteReaderAsync(RelationalCommandParameterObject parameterObject, CancellationToken cancellationToken)
   at Microsoft.EntityFrameworkCore.Update.ReaderModificationCommandBatch.ExecuteAsync(IRelationalConnection connection, CancellationToken cancellationToken)
   --- End of inner exception stack trace ---
   at Microsoft.EntityFrameworkCore.Update.ReaderModificationCommandBatch.ExecuteAsync(IRelationalConnection connection, CancellationToken cancellationToken)
   at Microsoft.EntityFrameworkCore.Update.Internal.BatchExecutor.ExecuteAsync(IEnumerable`1 commandBatches, IRelationalConnection connection, CancellationToken cancellationToken)
   at Microsoft.EntityFrameworkCore.Update.Internal.BatchExecutor.ExecuteAsync(IEnumerable`1 commandBatches, IRelationalConnection connection, CancellationToken cancellationToken)
   at Microsoft.EntityFrameworkCore.Update.Internal.BatchExecutor.ExecuteAsync(IEnumerable`1 commandBatches, IRelationalConnection connection, CancellationToken cancellationToken)
   at Microsoft.EntityFrameworkCore.ChangeTracking.Internal.StateManager.SaveChangesAsync(IList`1 entriesToSave, CancellationToken cancellationToken)
   at Microsoft.EntityFrameworkCore.ChangeTracking.Internal.StateManager.SaveChangesAsync(StateManager stateManager, Boolean acceptAllChangesOnSuccess, CancellationToken cancellationToken)
   at Pomelo.EntityFrameworkCore.MySql.Storage.Internal.MySqlExecutionStrategy.ExecuteAsync[TState,TResult](TState state, Func`4 operation, Func`4 verifySucceeded, CancellationToken cancellationToken)
   at Microsoft.EntityFrameworkCore.DbContext.SaveChangesAsync(Boolean acceptAllChangesOnSuccess, CancellationToken cancellationToken)
2026-05-15 14:14:53.538 +07:00 [ERR] Unhandled exception
Microsoft.EntityFrameworkCore.DbUpdateException: An error occurred while saving the entity changes. See the inner exception for details.
 ---> MySqlConnector.MySqlException (0x80004005): Unknown column 'ktnb_leader_text' in 'field list'
   at MySqlConnector.Core.ServerSession.ReceiveReplyAsync(IOBehavior ioBehavior, CancellationToken cancellationToken) in /_/src/MySqlConnector/Core/ServerSession.cs:line 894
   at MySqlConnector.Core.ResultSet.ReadResultSetHeaderAsync(IOBehavior ioBehavior) in /_/src/MySqlConnector/Core/ResultSet.cs:line 37
   at MySqlConnector.MySqlDataReader.ActivateResultSet(CancellationToken cancellationToken) in /_/src/MySqlConnector/MySqlDataReader.cs:line 130
   at MySqlConnector.MySqlDataReader.InitAsync(CommandListPosition commandListPosition, ICommandPayloadCreator payloadCreator, IDictionary`2 cachedProcedures, IMySqlCommand command, CommandBehavior behavior, Activity activity, IOBehavior ioBehavior, CancellationToken cancellationToken) in /_/src/MySqlConnector/MySqlDataReader.cs:line 483
   at MySqlConnector.Core.CommandExecutor.ExecuteReaderAsync(CommandListPosition commandListPosition, ICommandPayloadCreator payloadCreator, CommandBehavior behavior, Activity activity, IOBehavior ioBehavior, CancellationToken cancellationToken) in /_/src/MySqlConnector/Core/CommandExecutor.cs:line 56
   at MySqlConnector.MySqlCommand.ExecuteReaderAsync(CommandBehavior behavior, IOBehavior ioBehavior, CancellationToken cancellationToken) in /_/src/MySqlConnector/MySqlCommand.cs:line 357
   at MySqlConnector.MySqlCommand.ExecuteDbDataReaderAsync(CommandBehavior behavior, CancellationToken cancellationToken) in /_/src/MySqlConnector/MySqlCommand.cs:line 350
   at Microsoft.EntityFrameworkCore.Storage.RelationalCommand.ExecuteReaderAsync(RelationalCommandParameterObject parameterObject, CancellationToken cancellationToken)
   at Microsoft.EntityFrameworkCore.Storage.RelationalCommand.ExecuteReaderAsync(RelationalCommandParameterObject parameterObject, CancellationToken cancellationToken)
   at Microsoft.EntityFrameworkCore.Update.ReaderModificationCommandBatch.ExecuteAsync(IRelationalConnection connection, CancellationToken cancellationToken)
   --- End of inner exception stack trace ---
   at Microsoft.EntityFrameworkCore.Update.ReaderModificationCommandBatch.ExecuteAsync(IRelationalConnection connection, CancellationToken cancellationToken)
   at Microsoft.EntityFrameworkCore.Update.Internal.BatchExecutor.ExecuteAsync(IEnumerable`1 commandBatches, IRelationalConnection connection, CancellationToken cancellationToken)
   at Microsoft.EntityFrameworkCore.Update.Internal.BatchExecutor.ExecuteAsync(IEnumerable`1 commandBatches, IRelationalConnection connection, CancellationToken cancellationToken)
   at Microsoft.EntityFrameworkCore.Update.Internal.BatchExecutor.ExecuteAsync(IEnumerable`1 commandBatches, IRelationalConnection connection, CancellationToken cancellationToken)
   at Microsoft.EntityFrameworkCore.ChangeTracking.Internal.StateManager.SaveChangesAsync(IList`1 entriesToSave, CancellationToken cancellationToken)
   at Microsoft.EntityFrameworkCore.ChangeTracking.Internal.StateManager.SaveChangesAsync(StateManager stateManager, Boolean acceptAllChangesOnSuccess, CancellationToken cancellationToken)
   at Pomelo.EntityFrameworkCore.MySql.Storage.Internal.MySqlExecutionStrategy.ExecuteAsync[TState,TResult](TState state, Func`4 operation, Func`4 verifySucceeded, CancellationToken cancellationToken)
   at Microsoft.EntityFrameworkCore.DbContext.SaveChangesAsync(Boolean acceptAllChangesOnSuccess, CancellationToken cancellationToken)
   at Microsoft.EntityFrameworkCore.DbContext.SaveChangesAsync(Boolean acceptAllChangesOnSuccess, CancellationToken cancellationToken)
   at KHCT.Application.Tasks.CreateTaskHandler.Handle(CreateTaskCommand request, CancellationToken ct) in C:\Users\hi\OneDrive\Desktop\khct\backend\KHCT.Application\Tasks\CreateTaskCommand.cs:line 101
   at KHCT.Application.Common.Behaviors.ValidationBehavior`2.Handle(TRequest request, RequestHandlerDelegate`1 next, CancellationToken cancellationToken) in C:\Users\hi\OneDrive\Desktop\khct\backend\KHCT.Application\Common\Behaviors\ValidationBehavior.cs:line 26
   at MediatR.Pipeline.RequestExceptionProcessorBehavior`2.Handle(TRequest request, RequestHandlerDelegate`1 next, CancellationToken cancellationToken)
   at MediatR.Pipeline.RequestExceptionProcessorBehavior`2.Handle(TRequest request, RequestHandlerDelegate`1 next, CancellationToken cancellationToken)
   at MediatR.Pipeline.RequestExceptionActionProcessorBehavior`2.Handle(TRequest request, RequestHandlerDelegate`1 next, CancellationToken cancellationToken)
   at MediatR.Pipeline.RequestExceptionActionProcessorBehavior`2.Handle(TRequest request, RequestHandlerDelegate`1 next, CancellationToken cancellationToken)
   at MediatR.Pipeline.RequestPostProcessorBehavior`2.Handle(TRequest request, RequestHandlerDelegate`1 next, CancellationToken cancellationToken)
   at MediatR.Pipeline.RequestPreProcessorBehavior`2.Handle(TRequest request, RequestHandlerDelegate`1 next, CancellationToken cancellationToken)
   at KHCT.Api.Controllers.TasksController.CreateTask(CreateTaskRequest request, CancellationToken ct) in C:\Users\hi\OneDrive\Desktop\khct\backend\KHCT.Api\Controllers\TasksController.cs:line 72
   at Microsoft.AspNetCore.Mvc.Infrastructure.ActionMethodExecutor.TaskOfIActionResultExecutor.Execute(ActionContext actionContext, IActionResultTypeMapper mapper, ObjectMethodExecutor executor, Object controller, Object[] arguments)
   at Microsoft.AspNetCore.Mvc.Infrastructure.ControllerActionInvoker.<InvokeActionMethodAsync>g__Awaited|12_0(ControllerActionInvoker invoker, ValueTask`1 actionResultValueTask)
   at Microsoft.AspNetCore.Mvc.Infrastructure.ControllerActionInvoker.<InvokeNextActionFilterAsync>g__Awaited|10_0(ControllerActionInvoker invoker, Task lastTask, State next, Scope scope, Object state, Boolean isCompleted)
   at Microsoft.AspNetCore.Mvc.Infrastructure.ControllerActionInvoker.Rethrow(ActionExecutedContextSealed context)
   at Microsoft.AspNetCore.Mvc.Infrastructure.ControllerActionInvoker.Next(State& next, Scope& scope, Object& state, Boolean& isCompleted)
   at Microsoft.AspNetCore.Mvc.Infrastructure.ControllerActionInvoker.<InvokeInnerFilterAsync>g__Awaited|13_0(ControllerActionInvoker invoker, Task lastTask, State next, Scope scope, Object state, Boolean isCompleted)
   at Microsoft.AspNetCore.Mvc.Infrastructure.ResourceInvoker.<InvokeFilterPipelineAsync>g__Awaited|20_0(ResourceInvoker invoker, Task lastTask, State next, Scope scope, Object state, Boolean isCompleted)
   at Microsoft.AspNetCore.Mvc.Infrastructure.ResourceInvoker.<InvokeAsync>g__Awaited|17_0(ResourceInvoker invoker, Task task, IDisposable scope)
   at Microsoft.AspNetCore.Mvc.Infrastructure.ResourceInvoker.<InvokeAsync>g__Awaited|17_0(ResourceInvoker invoker, Task task, IDisposable scope)
   at Microsoft.AspNetCore.Authorization.AuthorizationMiddleware.Invoke(HttpContext context)
   at Microsoft.AspNetCore.Authentication.AuthenticationMiddleware.Invoke(HttpContext context)
   at Swashbuckle.AspNetCore.SwaggerUI.SwaggerUIMiddleware.Invoke(HttpContext httpContext)
   at Swashbuckle.AspNetCore.Swagger.SwaggerMiddleware.Invoke(HttpContext httpContext, ISwaggerProvider swaggerProvider)
   at KHCT.Api.Middleware.ExceptionMiddleware.InvokeAsync(HttpContext context) in C:\Users\hi\OneDrive\Desktop\khct\backend\KHCT.Api\Middleware\ExceptionMiddleware.cs:line 23
2026-05-15 14:14:53.556 +07:00 [ERR] HTTP POST /api/tasks responded 500 in 251.9854 ms
2026-05-15 14:14:53.709 +07:00 [INF] HTTP GET /api/plans/resolve responded 200 in 11.7430 ms
2026-05-15 14:14:53.817 +07:00 [ERR] Failed executing DbCommand (16ms) [Parameters=[@__plan_Id_0='?' (DbType = Guid)], CommandType='"Text"', CommandTimeout='30']
SELECT `t`.`id`, `t`.`assignee_user_id`, `t`.`bks_member_text`, `t`.`created_at`, `t`.`deadline`, `t`.`display_order`, `t`.`has_open_comment`, `t`.`inherited_from_task_id`, `t`.`is_header`, `t`.`is_locked`, `t`.`ktnb_leader_text`, `t`.`note_text`, `t`.`outline_index`, `t`.`owner_department_id`, `t`.`parent_task_id`, `t`.`plan_id`, `t`.`progress_text`, `t`.`reason_not_completed`, `t`.`title`, `t`.`updated_at`, `t`.`work_status`, `t`.`work_type`, `a`.`id`, `a`.`created_at`, `a`.`department_id`, `a`.`email`, `a`.`full_name`, `a`.`is_active`, `a`.`last_login_at`, `a`.`password_hash`, `a`.`updated_at`, `a`.`username`, `d`.`id`, `d`.`code`, `d`.`created_at`, `d`.`is_active`, `d`.`name`, `d`.`updated_at`, `t0`.`task_id`, `t0`.`department_id`, `t0`.`created_at`
FROM `task` AS `t`
LEFT JOIN `app_user` AS `a` ON `t`.`assignee_user_id` = `a`.`id`
LEFT JOIN `department` AS `d` ON `t`.`owner_department_id` = `d`.`id`
LEFT JOIN `task_supporting_dept` AS `t0` ON `t`.`id` = `t0`.`task_id`
WHERE (`t`.`plan_id` = @__plan_Id_0) AND (`t`.`work_type` = 0)
ORDER BY CASE
    WHEN `t`.`parent_task_id` IS NOT NULL THEN 1
    ELSE 0
END, `t`.`parent_task_id`, `t`.`display_order`, `t`.`created_at`, `t`.`id`, `a`.`id`, `d`.`id`, `t0`.`task_id`
2026-05-15 14:14:53.820 +07:00 [ERR] An exception occurred while iterating over the results of a query for context type 'KHCT.Infrastructure.KhctDbContext'.
MySqlConnector.MySqlException (0x80004005): Unknown column 't.ktnb_leader_text' in 'field list'
   at MySqlConnector.Core.ServerSession.ReceiveReplyAsync(IOBehavior ioBehavior, CancellationToken cancellationToken) in /_/src/MySqlConnector/Core/ServerSession.cs:line 894
   at MySqlConnector.Core.ResultSet.ReadResultSetHeaderAsync(IOBehavior ioBehavior) in /_/src/MySqlConnector/Core/ResultSet.cs:line 37
   at MySqlConnector.MySqlDataReader.ActivateResultSet(CancellationToken cancellationToken) in /_/src/MySqlConnector/MySqlDataReader.cs:line 130
   at MySqlConnector.MySqlDataReader.InitAsync(CommandListPosition commandListPosition, ICommandPayloadCreator payloadCreator, IDictionary`2 cachedProcedures, IMySqlCommand command, CommandBehavior behavior, Activity activity, IOBehavior ioBehavior, CancellationToken cancellationToken) in /_/src/MySqlConnector/MySqlDataReader.cs:line 483
   at MySqlConnector.Core.CommandExecutor.ExecuteReaderAsync(CommandListPosition commandListPosition, ICommandPayloadCreator payloadCreator, CommandBehavior behavior, Activity activity, IOBehavior ioBehavior, CancellationToken cancellationToken) in /_/src/MySqlConnector/Core/CommandExecutor.cs:line 56
   at MySqlConnector.MySqlCommand.ExecuteReaderAsync(CommandBehavior behavior, IOBehavior ioBehavior, CancellationToken cancellationToken) in /_/src/MySqlConnector/MySqlCommand.cs:line 357
   at MySqlConnector.MySqlCommand.ExecuteDbDataReaderAsync(CommandBehavior behavior, CancellationToken cancellationToken) in /_/src/MySqlConnector/MySqlCommand.cs:line 350
   at Microsoft.EntityFrameworkCore.Storage.RelationalCommand.ExecuteReaderAsync(RelationalCommandParameterObject parameterObject, CancellationToken cancellationToken)
   at Microsoft.EntityFrameworkCore.Storage.RelationalCommand.ExecuteReaderAsync(RelationalCommandParameterObject parameterObject, CancellationToken cancellationToken)
   at Microsoft.EntityFrameworkCore.Query.Internal.SingleQueryingEnumerable`1.AsyncEnumerator.InitializeReaderAsync(AsyncEnumerator enumerator, CancellationToken cancellationToken)
   at Pomelo.EntityFrameworkCore.MySql.Storage.Internal.MySqlExecutionStrategy.ExecuteAsync[TState,TResult](TState state, Func`4 operation, Func`4 verifySucceeded, CancellationToken cancellationToken)
   at Microsoft.EntityFrameworkCore.Query.Internal.SingleQueryingEnumerable`1.AsyncEnumerator.MoveNextAsync()
MySqlConnector.MySqlException (0x80004005): Unknown column 't.ktnb_leader_text' in 'field list'
   at MySqlConnector.Core.ServerSession.ReceiveReplyAsync(IOBehavior ioBehavior, CancellationToken cancellationToken) in /_/src/MySqlConnector/Core/ServerSession.cs:line 894
   at MySqlConnector.Core.ResultSet.ReadResultSetHeaderAsync(IOBehavior ioBehavior) in /_/src/MySqlConnector/Core/ResultSet.cs:line 37
   at MySqlConnector.MySqlDataReader.ActivateResultSet(CancellationToken cancellationToken) in /_/src/MySqlConnector/MySqlDataReader.cs:line 130
   at MySqlConnector.MySqlDataReader.InitAsync(CommandListPosition commandListPosition, ICommandPayloadCreator payloadCreator, IDictionary`2 cachedProcedures, IMySqlCommand command, CommandBehavior behavior, Activity activity, IOBehavior ioBehavior, CancellationToken cancellationToken) in /_/src/MySqlConnector/MySqlDataReader.cs:line 483
   at MySqlConnector.Core.CommandExecutor.ExecuteReaderAsync(CommandListPosition commandListPosition, ICommandPayloadCreator payloadCreator, CommandBehavior behavior, Activity activity, IOBehavior ioBehavior, CancellationToken cancellationToken) in /_/src/MySqlConnector/Core/CommandExecutor.cs:line 56
   at MySqlConnector.MySqlCommand.ExecuteReaderAsync(CommandBehavior behavior, IOBehavior ioBehavior, CancellationToken cancellationToken) in /_/src/MySqlConnector/MySqlCommand.cs:line 357
   at MySqlConnector.MySqlCommand.ExecuteDbDataReaderAsync(CommandBehavior behavior, CancellationToken cancellationToken) in /_/src/MySqlConnector/MySqlCommand.cs:line 350
   at Microsoft.EntityFrameworkCore.Storage.RelationalCommand.ExecuteReaderAsync(RelationalCommandParameterObject parameterObject, CancellationToken cancellationToken)
   at Microsoft.EntityFrameworkCore.Storage.RelationalCommand.ExecuteReaderAsync(RelationalCommandParameterObject parameterObject, CancellationToken cancellationToken)
   at Microsoft.EntityFrameworkCore.Query.Internal.SingleQueryingEnumerable`1.AsyncEnumerator.InitializeReaderAsync(AsyncEnumerator enumerator, CancellationToken cancellationToken)
   at Pomelo.EntityFrameworkCore.MySql.Storage.Internal.MySqlExecutionStrategy.ExecuteAsync[TState,TResult](TState state, Func`4 operation, Func`4 verifySucceeded, CancellationToken cancellationToken)
   at Microsoft.EntityFrameworkCore.Query.Internal.SingleQueryingEnumerable`1.AsyncEnumerator.MoveNextAsync()
2026-05-15 14:14:53.825 +07:00 [ERR] Unhandled exception
MySqlConnector.MySqlException (0x80004005): Unknown column 't.ktnb_leader_text' in 'field list'
   at MySqlConnector.Core.ServerSession.ReceiveReplyAsync(IOBehavior ioBehavior, CancellationToken cancellationToken) in /_/src/MySqlConnector/Core/ServerSession.cs:line 894
   at MySqlConnector.Core.ResultSet.ReadResultSetHeaderAsync(IOBehavior ioBehavior) in /_/src/MySqlConnector/Core/ResultSet.cs:line 37
   at MySqlConnector.MySqlDataReader.ActivateResultSet(CancellationToken cancellationToken) in /_/src/MySqlConnector/MySqlDataReader.cs:line 130
   at MySqlConnector.MySqlDataReader.InitAsync(CommandListPosition commandListPosition, ICommandPayloadCreator payloadCreator, IDictionary`2 cachedProcedures, IMySqlCommand command, CommandBehavior behavior, Activity activity, IOBehavior ioBehavior, CancellationToken cancellationToken) in /_/src/MySqlConnector/MySqlDataReader.cs:line 483
   at MySqlConnector.Core.CommandExecutor.ExecuteReaderAsync(CommandListPosition commandListPosition, ICommandPayloadCreator payloadCreator, CommandBehavior behavior, Activity activity, IOBehavior ioBehavior, CancellationToken cancellationToken) in /_/src/MySqlConnector/Core/CommandExecutor.cs:line 56
   at MySqlConnector.MySqlCommand.ExecuteReaderAsync(CommandBehavior behavior, IOBehavior ioBehavior, CancellationToken cancellationToken) in /_/src/MySqlConnector/MySqlCommand.cs:line 357
   at MySqlConnector.MySqlCommand.ExecuteDbDataReaderAsync(CommandBehavior behavior, CancellationToken cancellationToken) in /_/src/MySqlConnector/MySqlCommand.cs:line 350
   at Microsoft.EntityFrameworkCore.Storage.RelationalCommand.ExecuteReaderAsync(RelationalCommandParameterObject parameterObject, CancellationToken cancellationToken)
   at Microsoft.EntityFrameworkCore.Storage.RelationalCommand.ExecuteReaderAsync(RelationalCommandParameterObject parameterObject, CancellationToken cancellationToken)
   at Microsoft.EntityFrameworkCore.Query.Internal.SingleQueryingEnumerable`1.AsyncEnumerator.InitializeReaderAsync(AsyncEnumerator enumerator, CancellationToken cancellationToken)
   at Pomelo.EntityFrameworkCore.MySql.Storage.Internal.MySqlExecutionStrategy.ExecuteAsync[TState,TResult](TState state, Func`4 operation, Func`4 verifySucceeded, CancellationToken cancellationToken)
   at Microsoft.EntityFrameworkCore.Query.Internal.SingleQueryingEnumerable`1.AsyncEnumerator.MoveNextAsync()
   at Microsoft.EntityFrameworkCore.EntityFrameworkQueryableExtensions.ToListAsync[TSource](IQueryable`1 source, CancellationToken cancellationToken)
   at Microsoft.EntityFrameworkCore.EntityFrameworkQueryableExtensions.ToListAsync[TSource](IQueryable`1 source, CancellationToken cancellationToken)
   at KHCT.Application.Tasks.GetTasksByPlanHandler.Handle(GetTasksByPlanQuery request, CancellationToken ct) in C:\Users\hi\OneDrive\Desktop\khct\backend\KHCT.Application\Tasks\GetTasksByPlanQuery.cs:line 44
   at KHCT.Application.Common.Behaviors.ValidationBehavior`2.Handle(TRequest request, RequestHandlerDelegate`1 next, CancellationToken cancellationToken) in C:\Users\hi\OneDrive\Desktop\khct\backend\KHCT.Application\Common\Behaviors\ValidationBehavior.cs:line 18
   at MediatR.Pipeline.RequestExceptionProcessorBehavior`2.Handle(TRequest request, RequestHandlerDelegate`1 next, CancellationToken cancellationToken)
   at MediatR.Pipeline.RequestExceptionProcessorBehavior`2.Handle(TRequest request, RequestHandlerDelegate`1 next, CancellationToken cancellationToken)
   at MediatR.Pipeline.RequestExceptionActionProcessorBehavior`2.Handle(TRequest request, RequestHandlerDelegate`1 next, CancellationToken cancellationToken)
   at MediatR.Pipeline.RequestExceptionActionProcessorBehavior`2.Handle(TRequest request, RequestHandlerDelegate`1 next, CancellationToken cancellationToken)
   at MediatR.Pipeline.RequestPostProcessorBehavior`2.Handle(TRequest request, RequestHandlerDelegate`1 next, CancellationToken cancellationToken)
   at MediatR.Pipeline.RequestPreProcessorBehavior`2.Handle(TRequest request, RequestHandlerDelegate`1 next, CancellationToken cancellationToken)
   at KHCT.Api.Controllers.TasksController.GetTasksByPlan(Guid planId, Nullable`1 workType, CancellationToken ct) in C:\Users\hi\OneDrive\Desktop\khct\backend\KHCT.Api\Controllers\TasksController.cs:line 58
   at Microsoft.AspNetCore.Mvc.Infrastructure.ActionMethodExecutor.TaskOfIActionResultExecutor.Execute(ActionContext actionContext, IActionResultTypeMapper mapper, ObjectMethodExecutor executor, Object controller, Object[] arguments)
   at Microsoft.AspNetCore.Mvc.Infrastructure.ControllerActionInvoker.<InvokeActionMethodAsync>g__Awaited|12_0(ControllerActionInvoker invoker, ValueTask`1 actionResultValueTask)
   at Microsoft.AspNetCore.Mvc.Infrastructure.ControllerActionInvoker.<InvokeNextActionFilterAsync>g__Awaited|10_0(ControllerActionInvoker invoker, Task lastTask, State next, Scope scope, Object state, Boolean isCompleted)
   at Microsoft.AspNetCore.Mvc.Infrastructure.ControllerActionInvoker.Rethrow(ActionExecutedContextSealed context)
   at Microsoft.AspNetCore.Mvc.Infrastructure.ControllerActionInvoker.Next(State& next, Scope& scope, Object& state, Boolean& isCompleted)
   at Microsoft.AspNetCore.Mvc.Infrastructure.ControllerActionInvoker.<InvokeInnerFilterAsync>g__Awaited|13_0(ControllerActionInvoker invoker, Task lastTask, State next, Scope scope, Object state, Boolean isCompleted)
   at Microsoft.AspNetCore.Mvc.Infrastructure.ResourceInvoker.<InvokeFilterPipelineAsync>g__Awaited|20_0(ResourceInvoker invoker, Task lastTask, State next, Scope scope, Object state, Boolean isCompleted)
   at Microsoft.AspNetCore.Mvc.Infrastructure.ResourceInvoker.<InvokeAsync>g__Awaited|17_0(ResourceInvoker invoker, Task task, IDisposable scope)
   at Microsoft.AspNetCore.Mvc.Infrastructure.ResourceInvoker.<InvokeAsync>g__Awaited|17_0(ResourceInvoker invoker, Task task, IDisposable scope)
   at Microsoft.AspNetCore.Authorization.AuthorizationMiddleware.Invoke(HttpContext context)
   at Microsoft.AspNetCore.Authentication.AuthenticationMiddleware.Invoke(HttpContext context)
   at Swashbuckle.AspNetCore.SwaggerUI.SwaggerUIMiddleware.Invoke(HttpContext httpContext)
   at Swashbuckle.AspNetCore.Swagger.SwaggerMiddleware.Invoke(HttpContext httpContext, ISwaggerProvider swaggerProvider)
   at KHCT.Api.Middleware.ExceptionMiddleware.InvokeAsync(HttpContext context) in C:\Users\hi\OneDrive\Desktop\khct\backend\KHCT.Api\Middleware\ExceptionMiddleware.cs:line 23
2026-05-15 14:14:53.832 +07:00 [ERR] HTTP GET /api/plans/9555be4b-2666-4fd5-9304-276a0023f509/tasks responded 500 in 92.2144 ms
2026-05-15 14:14:53.941 +07:00 [INF] HTTP PUT /api/tasks/ responded 405 in 0.5315 ms
2026-05-15 14:14:54.004 +07:00 [ERR] Failed executing DbCommand (5ms) [Parameters=[@__request_PlanId_0='?' (DbType = Guid)], CommandType='"Text"', CommandTimeout='30']
SELECT `l`.`id`, `l`.`author_role`, `l`.`author_user_id`, `l`.`content`, `l`.`created_at`, `l`.`is_resolved`, `l`.`parent_comment_id`, `l`.`resolved_at`, `l`.`resolved_by_user_id`, `l`.`task_id`, `l`.`updated_at`, `t`.`id`, `t`.`assignee_user_id`, `t`.`bks_member_text`, `t`.`created_at`, `t`.`deadline`, `t`.`display_order`, `t`.`has_open_comment`, `t`.`inherited_from_task_id`, `t`.`is_header`, `t`.`is_locked`, `t`.`ktnb_leader_text`, `t`.`note_text`, `t`.`outline_index`, `t`.`owner_department_id`, `t`.`parent_task_id`, `t`.`plan_id`, `t`.`progress_text`, `t`.`reason_not_completed`, `t`.`title`, `t`.`updated_at`, `t`.`work_status`, `t`.`work_type`, `a`.`id`, `a`.`created_at`, `a`.`department_id`, `a`.`email`, `a`.`full_name`, `a`.`is_active`, `a`.`last_login_at`, `a`.`password_hash`, `a`.`updated_at`, `a`.`username`, `a0`.`id`, `a0`.`created_at`, `a0`.`department_id`, `a0`.`email`, `a0`.`full_name`, `a0`.`is_active`, `a0`.`last_login_at`, `a0`.`password_hash`, `a0`.`updated_at`, `a0`.`username`
FROM `line_comment` AS `l`
INNER JOIN `task` AS `t` ON `l`.`task_id` = `t`.`id`
INNER JOIN `app_user` AS `a` ON `l`.`author_user_id` = `a`.`id`
LEFT JOIN `app_user` AS `a0` ON `l`.`resolved_by_user_id` = `a0`.`id`
WHERE `t`.`plan_id` = @__request_PlanId_0
ORDER BY `l`.`created_at` DESC
2026-05-15 14:14:54.006 +07:00 [ERR] An exception occurred while iterating over the results of a query for context type 'KHCT.Infrastructure.KhctDbContext'.
MySqlConnector.MySqlException (0x80004005): Unknown column 't.ktnb_leader_text' in 'field list'
   at MySqlConnector.Core.ServerSession.ReceiveReplyAsync(IOBehavior ioBehavior, CancellationToken cancellationToken) in /_/src/MySqlConnector/Core/ServerSession.cs:line 894
   at MySqlConnector.Core.ResultSet.ReadResultSetHeaderAsync(IOBehavior ioBehavior) in /_/src/MySqlConnector/Core/ResultSet.cs:line 37
   at MySqlConnector.MySqlDataReader.ActivateResultSet(CancellationToken cancellationToken) in /_/src/MySqlConnector/MySqlDataReader.cs:line 130
   at MySqlConnector.MySqlDataReader.InitAsync(CommandListPosition commandListPosition, ICommandPayloadCreator payloadCreator, IDictionary`2 cachedProcedures, IMySqlCommand command, CommandBehavior behavior, Activity activity, IOBehavior ioBehavior, CancellationToken cancellationToken) in /_/src/MySqlConnector/MySqlDataReader.cs:line 483
   at MySqlConnector.Core.CommandExecutor.ExecuteReaderAsync(CommandListPosition commandListPosition, ICommandPayloadCreator payloadCreator, CommandBehavior behavior, Activity activity, IOBehavior ioBehavior, CancellationToken cancellationToken) in /_/src/MySqlConnector/Core/CommandExecutor.cs:line 56
   at MySqlConnector.MySqlCommand.ExecuteReaderAsync(CommandBehavior behavior, IOBehavior ioBehavior, CancellationToken cancellationToken) in /_/src/MySqlConnector/MySqlCommand.cs:line 357
   at MySqlConnector.MySqlCommand.ExecuteDbDataReaderAsync(CommandBehavior behavior, CancellationToken cancellationToken) in /_/src/MySqlConnector/MySqlCommand.cs:line 350
   at Microsoft.EntityFrameworkCore.Storage.RelationalCommand.ExecuteReaderAsync(RelationalCommandParameterObject parameterObject, CancellationToken cancellationToken)
   at Microsoft.EntityFrameworkCore.Storage.RelationalCommand.ExecuteReaderAsync(RelationalCommandParameterObject parameterObject, CancellationToken cancellationToken)
   at Microsoft.EntityFrameworkCore.Query.Internal.SingleQueryingEnumerable`1.AsyncEnumerator.InitializeReaderAsync(AsyncEnumerator enumerator, CancellationToken cancellationToken)
   at Pomelo.EntityFrameworkCore.MySql.Storage.Internal.MySqlExecutionStrategy.ExecuteAsync[TState,TResult](TState state, Func`4 operation, Func`4 verifySucceeded, CancellationToken cancellationToken)
   at Microsoft.EntityFrameworkCore.Query.Internal.SingleQueryingEnumerable`1.AsyncEnumerator.MoveNextAsync()
MySqlConnector.MySqlException (0x80004005): Unknown column 't.ktnb_leader_text' in 'field list'
   at MySqlConnector.Core.ServerSession.ReceiveReplyAsync(IOBehavior ioBehavior, CancellationToken cancellationToken) in /_/src/MySqlConnector/Core/ServerSession.cs:line 894
   at MySqlConnector.Core.ResultSet.ReadResultSetHeaderAsync(IOBehavior ioBehavior) in /_/src/MySqlConnector/Core/ResultSet.cs:line 37
   at MySqlConnector.MySqlDataReader.ActivateResultSet(CancellationToken cancellationToken) in /_/src/MySqlConnector/MySqlDataReader.cs:line 130
   at MySqlConnector.MySqlDataReader.InitAsync(CommandListPosition commandListPosition, ICommandPayloadCreator payloadCreator, IDictionary`2 cachedProcedures, IMySqlCommand command, CommandBehavior behavior, Activity activity, IOBehavior ioBehavior, CancellationToken cancellationToken) in /_/src/MySqlConnector/MySqlDataReader.cs:line 483
   at MySqlConnector.Core.CommandExecutor.ExecuteReaderAsync(CommandListPosition commandListPosition, ICommandPayloadCreator payloadCreator, CommandBehavior behavior, Activity activity, IOBehavior ioBehavior, CancellationToken cancellationToken) in /_/src/MySqlConnector/Core/CommandExecutor.cs:line 56
   at MySqlConnector.MySqlCommand.ExecuteReaderAsync(CommandBehavior behavior, IOBehavior ioBehavior, CancellationToken cancellationToken) in /_/src/MySqlConnector/MySqlCommand.cs:line 357
   at MySqlConnector.MySqlCommand.ExecuteDbDataReaderAsync(CommandBehavior behavior, CancellationToken cancellationToken) in /_/src/MySqlConnector/MySqlCommand.cs:line 350
   at Microsoft.EntityFrameworkCore.Storage.RelationalCommand.ExecuteReaderAsync(RelationalCommandParameterObject parameterObject, CancellationToken cancellationToken)
   at Microsoft.EntityFrameworkCore.Storage.RelationalCommand.ExecuteReaderAsync(RelationalCommandParameterObject parameterObject, CancellationToken cancellationToken)
   at Microsoft.EntityFrameworkCore.Query.Internal.SingleQueryingEnumerable`1.AsyncEnumerator.InitializeReaderAsync(AsyncEnumerator enumerator, CancellationToken cancellationToken)
   at Pomelo.EntityFrameworkCore.MySql.Storage.Internal.MySqlExecutionStrategy.ExecuteAsync[TState,TResult](TState state, Func`4 operation, Func`4 verifySucceeded, CancellationToken cancellationToken)
   at Microsoft.EntityFrameworkCore.Query.Internal.SingleQueryingEnumerable`1.AsyncEnumerator.MoveNextAsync()
2026-05-15 14:14:54.011 +07:00 [ERR] Unhandled exception
MySqlConnector.MySqlException (0x80004005): Unknown column 't.ktnb_leader_text' in 'field list'
   at MySqlConnector.Core.ServerSession.ReceiveReplyAsync(IOBehavior ioBehavior, CancellationToken cancellationToken) in /_/src/MySqlConnector/Core/ServerSession.cs:line 894
   at MySqlConnector.Core.ResultSet.ReadResultSetHeaderAsync(IOBehavior ioBehavior) in /_/src/MySqlConnector/Core/ResultSet.cs:line 37
   at MySqlConnector.MySqlDataReader.ActivateResultSet(CancellationToken cancellationToken) in /_/src/MySqlConnector/MySqlDataReader.cs:line 130
   at MySqlConnector.MySqlDataReader.InitAsync(CommandListPosition commandListPosition, ICommandPayloadCreator payloadCreator, IDictionary`2 cachedProcedures, IMySqlCommand command, CommandBehavior behavior, Activity activity, IOBehavior ioBehavior, CancellationToken cancellationToken) in /_/src/MySqlConnector/MySqlDataReader.cs:line 483
   at MySqlConnector.Core.CommandExecutor.ExecuteReaderAsync(CommandListPosition commandListPosition, ICommandPayloadCreator payloadCreator, CommandBehavior behavior, Activity activity, IOBehavior ioBehavior, CancellationToken cancellationToken) in /_/src/MySqlConnector/Core/CommandExecutor.cs:line 56
   at MySqlConnector.MySqlCommand.ExecuteReaderAsync(CommandBehavior behavior, IOBehavior ioBehavior, CancellationToken cancellationToken) in /_/src/MySqlConnector/MySqlCommand.cs:line 357
   at MySqlConnector.MySqlCommand.ExecuteDbDataReaderAsync(CommandBehavior behavior, CancellationToken cancellationToken) in /_/src/MySqlConnector/MySqlCommand.cs:line 350
   at Microsoft.EntityFrameworkCore.Storage.RelationalCommand.ExecuteReaderAsync(RelationalCommandParameterObject parameterObject, CancellationToken cancellationToken)
   at Microsoft.EntityFrameworkCore.Storage.RelationalCommand.ExecuteReaderAsync(RelationalCommandParameterObject parameterObject, CancellationToken cancellationToken)
   at Microsoft.EntityFrameworkCore.Query.Internal.SingleQueryingEnumerable`1.AsyncEnumerator.InitializeReaderAsync(AsyncEnumerator enumerator, CancellationToken cancellationToken)
   at Pomelo.EntityFrameworkCore.MySql.Storage.Internal.MySqlExecutionStrategy.ExecuteAsync[TState,TResult](TState state, Func`4 operation, Func`4 verifySucceeded, CancellationToken cancellationToken)
   at Microsoft.EntityFrameworkCore.Query.Internal.SingleQueryingEnumerable`1.AsyncEnumerator.MoveNextAsync()
   at Microsoft.EntityFrameworkCore.EntityFrameworkQueryableExtensions.ToListAsync[TSource](IQueryable`1 source, CancellationToken cancellationToken)
   at Microsoft.EntityFrameworkCore.EntityFrameworkQueryableExtensions.ToListAsync[TSource](IQueryable`1 source, CancellationToken cancellationToken)
   at KHCT.Application.Plans.Workflow.GetPlanLineCommentsHandler.Handle(GetPlanLineCommentsQuery request, CancellationToken ct) in C:\Users\hi\OneDrive\Desktop\khct\backend\KHCT.Application\Plans\Workflow\GetPlanLineCommentsQuery.cs:line 25
   at KHCT.Application.Common.Behaviors.ValidationBehavior`2.Handle(TRequest request, RequestHandlerDelegate`1 next, CancellationToken cancellationToken) in C:\Users\hi\OneDrive\Desktop\khct\backend\KHCT.Application\Common\Behaviors\ValidationBehavior.cs:line 18
   at MediatR.Pipeline.RequestExceptionProcessorBehavior`2.Handle(TRequest request, RequestHandlerDelegate`1 next, CancellationToken cancellationToken)
   at MediatR.Pipeline.RequestExceptionProcessorBehavior`2.Handle(TRequest request, RequestHandlerDelegate`1 next, CancellationToken cancellationToken)
   at MediatR.Pipeline.RequestExceptionActionProcessorBehavior`2.Handle(TRequest request, RequestHandlerDelegate`1 next, CancellationToken cancellationToken)
   at MediatR.Pipeline.RequestExceptionActionProcessorBehavior`2.Handle(TRequest request, RequestHandlerDelegate`1 next, CancellationToken cancellationToken)
   at MediatR.Pipeline.RequestPostProcessorBehavior`2.Handle(TRequest request, RequestHandlerDelegate`1 next, CancellationToken cancellationToken)
   at MediatR.Pipeline.RequestPreProcessorBehavior`2.Handle(TRequest request, RequestHandlerDelegate`1 next, CancellationToken cancellationToken)
   at KHCT.Api.Controllers.PlanWorkflowController.GetLineComments(Guid id, CancellationToken ct) in C:\Users\hi\OneDrive\Desktop\khct\backend\KHCT.Api\Controllers\PlanWorkflowController.cs:line 64
   at Microsoft.AspNetCore.Mvc.Infrastructure.ActionMethodExecutor.TaskOfIActionResultExecutor.Execute(ActionContext actionContext, IActionResultTypeMapper mapper, ObjectMethodExecutor executor, Object controller, Object[] arguments)
   at Microsoft.AspNetCore.Mvc.Infrastructure.ControllerActionInvoker.<InvokeActionMethodAsync>g__Awaited|12_0(ControllerActionInvoker invoker, ValueTask`1 actionResultValueTask)
   at Microsoft.AspNetCore.Mvc.Infrastructure.ControllerActionInvoker.<InvokeNextActionFilterAsync>g__Awaited|10_0(ControllerActionInvoker invoker, Task lastTask, State next, Scope scope, Object state, Boolean isCompleted)
   at Microsoft.AspNetCore.Mvc.Infrastructure.ControllerActionInvoker.Rethrow(ActionExecutedContextSealed context)
   at Microsoft.AspNetCore.Mvc.Infrastructure.ControllerActionInvoker.Next(State& next, Scope& scope, Object& state, Boolean& isCompleted)
   at Microsoft.AspNetCore.Mvc.Infrastructure.ControllerActionInvoker.<InvokeInnerFilterAsync>g__Awaited|13_0(ControllerActionInvoker invoker, Task lastTask, State next, Scope scope, Object state, Boolean isCompleted)
   at Microsoft.AspNetCore.Mvc.Infrastructure.ResourceInvoker.<InvokeFilterPipelineAsync>g__Awaited|20_0(ResourceInvoker invoker, Task lastTask, State next, Scope scope, Object state, Boolean isCompleted)
   at Microsoft.AspNetCore.Mvc.Infrastructure.ResourceInvoker.<InvokeAsync>g__Awaited|17_0(ResourceInvoker invoker, Task task, IDisposable scope)
   at Microsoft.AspNetCore.Mvc.Infrastructure.ResourceInvoker.<InvokeAsync>g__Awaited|17_0(ResourceInvoker invoker, Task task, IDisposable scope)
   at Microsoft.AspNetCore.Authorization.AuthorizationMiddleware.Invoke(HttpContext context)
   at Microsoft.AspNetCore.Authentication.AuthenticationMiddleware.Invoke(HttpContext context)
   at Swashbuckle.AspNetCore.SwaggerUI.SwaggerUIMiddleware.Invoke(HttpContext httpContext)
   at Swashbuckle.AspNetCore.Swagger.SwaggerMiddleware.Invoke(HttpContext httpContext, ISwaggerProvider swaggerProvider)
   at KHCT.Api.Middleware.ExceptionMiddleware.InvokeAsync(HttpContext context) in C:\Users\hi\OneDrive\Desktop\khct\backend\KHCT.Api\Middleware\ExceptionMiddleware.cs:line 23
2026-05-15 14:14:54.018 +07:00 [ERR] HTTP GET /api/plans/9555be4b-2666-4fd5-9304-276a0023f509/line-comments responded 500 in 68.8452 ms
2026-05-15 14:17:57.748 +07:00 [INF] KHCT API started on http://localhost:5051
2026-05-15 14:18:06.073 +07:00 [INF] HTTP POST /api/auth/login responded 200 in 3636.1990 ms
2026-05-15 14:18:06.486 +07:00 [INF] HTTP GET /api/plans/resolve responded 200 in 242.7990 ms
2026-05-15 14:18:06.782 +07:00 [INF] HTTP GET /api/plans/9555be4b-2666-4fd5-9304-276a0023f509/tasks responded 200 in 225.7611 ms
2026-05-15 14:18:06.880 +07:00 [INF] HTTP PUT /api/tasks/ responded 405 in 0.6881 ms
2026-05-15 14:18:07.208 +07:00 [INF] HTTP GET /api/plans/9555be4b-2666-4fd5-9304-276a0023f509/line-comments responded 200 in 117.8545 ms
2026-05-15 14:20:40.512 +07:00 [INF] KHCT API started on http://localhost:5051
2026-05-15 14:20:48.522 +07:00 [INF] HTTP POST /api/auth/login responded 200 in 2177.0812 ms
2026-05-15 14:20:48.791 +07:00 [INF] HTTP GET /api/plans/resolve responded 200 in 164.1974 ms
2026-05-15 14:20:48.915 +07:00 [INF] HTTP GET /api/plans/9555be4b-2666-4fd5-9304-276a0023f509/tasks responded 200 in 92.9645 ms
2026-05-15 14:20:49.251 +07:00 [INF] HTTP POST /api/tasks responded 200 in 293.0873 ms
2026-05-15 14:20:49.300 +07:00 [INF] HTTP GET /api/plans/9555be4b-2666-4fd5-9304-276a0023f509/tasks responded 200 in 18.2239 ms
2026-05-15 14:20:49.456 +07:00 [INF] HTTP PUT /api/tasks/ff8fcfd0-15d9-429d-9a16-0c45dc58b2fd responded 200 in 107.4774 ms
2026-05-15 14:20:49.548 +07:00 [INF] HTTP GET /api/plans/9555be4b-2666-4fd5-9304-276a0023f509/line-comments responded 200 in 61.8444 ms
2026-05-15 15:01:44.809 +07:00 [INF] KHCT API started on http://localhost:5051
2026-05-15 15:05:38.575 +07:00 [INF] KHCT API started on http://localhost:5051
2026-05-15 15:05:43.907 +07:00 [INF] HTTP POST /api/auth/login responded 200 in 3334.7045 ms
2026-05-15 15:05:44.228 +07:00 [INF] HTTP POST /api/plans/main responded 422 in 246.8164 ms
2026-05-15 15:05:44.410 +07:00 [INF] HTTP GET /api/plans/main responded 200 in 142.7573 ms
2026-05-15 15:05:44.479 +07:00 [INF] HTTP GET /api/plans/main/9555be4b-2666-4fd5-9304-276a0023f509 responded 200 in 56.5983 ms
2026-05-15 15:05:44.642 +07:00 [INF] HTTP POST /api/plans/9555be4b-2666-4fd5-9304-276a0023f509/submit responded 403 in 159.0243 ms
2026-05-15 15:05:44.846 +07:00 [INF] HTTP GET /api/plans/9555be4b-2666-4fd5-9304-276a0023f509/approval-history responded 200 in 73.1683 ms
2026-05-15 15:05:44.912 +07:00 [INF] HTTP GET /api/plans/sub responded 200 in 64.5007 ms
2026-05-15 15:08:25.512 +07:00 [INF] KHCT API started on http://localhost:5051
2026-05-15 15:08:30.925 +07:00 [INF] HTTP POST /api/auth/login responded 200 in 2245.2667 ms
2026-05-15 15:08:31.134 +07:00 [INF] HTTP GET /api/admin/roles responded 200 in 142.2686 ms
2026-05-15 15:08:31.189 +07:00 [INF] HTTP GET /api/admin/departments responded 200 in 48.0790 ms
2026-05-15 15:08:31.692 +07:00 [INF] HTTP POST /api/admin/users responded 200 in 487.0479 ms
2026-05-15 15:08:32.127 +07:00 [INF] HTTP POST /api/admin/users responded 200 in 431.7359 ms
2026-05-15 15:08:32.598 +07:00 [INF] HTTP POST /api/admin/users responded 200 in 468.8348 ms
2026-05-15 15:08:33.055 +07:00 [INF] HTTP POST /api/admin/users responded 200 in 454.6711 ms
2026-05-15 15:08:33.443 +07:00 [INF] HTTP POST /api/admin/users responded 200 in 385.3016 ms
2026-05-15 15:08:33.760 +07:00 [INF] HTTP POST /api/admin/users responded 200 in 315.0640 ms
2026-05-15 15:08:34.020 +07:00 [INF] HTTP POST /api/auth/login responded 200 in 252.0359 ms
2026-05-15 15:08:34.282 +07:00 [INF] HTTP POST /api/auth/login responded 200 in 244.8888 ms
2026-05-15 15:08:34.547 +07:00 [INF] HTTP POST /api/auth/login responded 200 in 262.7446 ms
2026-05-15 15:08:34.827 +07:00 [INF] HTTP POST /api/auth/login responded 200 in 278.7501 ms
2026-05-15 15:08:35.099 +07:00 [INF] HTTP POST /api/auth/login responded 200 in 269.7981 ms
2026-05-15 15:08:35.229 +07:00 [INF] HTTP POST /api/plans/main responded 200 in 127.6495 ms
2026-05-15 15:08:35.407 +07:00 [INF] HTTP POST /api/tasks responded 200 in 172.4654 ms
2026-05-15 15:08:35.491 +07:00 [INF] HTTP POST /api/plans/f09870eb-156b-4103-9c1a-f4c50f31ae4b/submit responded 200 in 82.4193 ms
2026-05-15 15:08:35.534 +07:00 [INF] HTTP POST /api/plans/f09870eb-156b-4103-9c1a-f4c50f31ae4b/approve responded 200 in 39.9563 ms
2026-05-15 15:08:35.579 +07:00 [INF] HTTP POST /api/plans/f09870eb-156b-4103-9c1a-f4c50f31ae4b/approve responded 200 in 43.2310 ms
2026-05-15 15:08:35.654 +07:00 [INF] HTTP GET /api/plans/sub responded 200 in 72.8869 ms
2026-05-15 15:08:35.682 +07:00 [INF] HTTP GET /api/plans/sub/ responded 200 in 19.5648 ms
2026-05-15 15:08:35.684 +07:00 [INF] HTTP GET /api/plans//tasks responded 404 in 0.5066 ms
2026-05-15 15:08:35.794 +07:00 [INF] HTTP POST /api/plans//submit responded 404 in 0.3575 ms
2026-05-15 15:08:35.800 +07:00 [INF] HTTP POST /api/plans//return responded 404 in 0.3459 ms
2026-05-15 15:08:35.806 +07:00 [INF] HTTP GET /api/plans//approval-history responded 404 in 0.3206 ms
2026-05-15 15:08:35.810 +07:00 [INF] HTTP GET /api/plans//line-comments responded 404 in 0.2712 ms
2026-05-15 15:10:26.936 +07:00 [INF] KHCT API started on http://localhost:5051
2026-05-15 15:10:33.570 +07:00 [INF] HTTP POST /api/auth/login responded 200 in 1988.6831 ms
2026-05-15 15:10:33.783 +07:00 [INF] HTTP GET /api/admin/roles responded 200 in 149.3599 ms
2026-05-15 15:10:33.834 +07:00 [INF] HTTP GET /api/admin/departments responded 200 in 42.8269 ms
2026-05-15 15:10:34.325 +07:00 [INF] HTTP POST /api/admin/users responded 200 in 474.6762 ms
2026-05-15 15:10:34.711 +07:00 [INF] HTTP POST /api/admin/users responded 200 in 383.5173 ms
2026-05-15 15:10:35.105 +07:00 [INF] HTTP POST /api/auth/login responded 200 in 385.5217 ms
2026-05-15 15:10:35.537 +07:00 [INF] HTTP POST /api/auth/login responded 200 in 428.4822 ms
2026-05-15 15:10:35.693 +07:00 [INF] HTTP POST /api/plans/sub responded 200 in 151.8317 ms
2026-05-15 15:10:35.909 +07:00 [INF] HTTP POST /api/tasks responded 200 in 212.5167 ms
2026-05-15 15:10:35.951 +07:00 [INF] HTTP GET /api/plans/sub/dd859572-8bfc-4266-b42c-98c516a3b821 responded 200 in 39.2074 ms
2026-05-15 15:10:36.010 +07:00 [INF] HTTP GET /api/plans/dd859572-8bfc-4266-b42c-98c516a3b821/tasks responded 200 in 57.9576 ms
2026-05-15 15:10:36.105 +07:00 [INF] HTTP POST /api/plans/dd859572-8bfc-4266-b42c-98c516a3b821/submit responded 200 in 91.5692 ms
2026-05-15 15:10:36.263 +07:00 [INF] HTTP POST /api/plans/dd859572-8bfc-4266-b42c-98c516a3b821/return responded 200 in 121.5036 ms
2026-05-15 15:10:36.304 +07:00 [INF] HTTP GET /api/plans/dd859572-8bfc-4266-b42c-98c516a3b821/approval-history responded 200 in 38.7812 ms
2026-05-15 15:10:36.359 +07:00 [INF] HTTP GET /api/plans/dd859572-8bfc-4266-b42c-98c516a3b821/line-comments responded 200 in 53.3859 ms
2026-05-15 16:08:35.777 +07:00 [INF] KHCT API started on http://localhost:5051
2026-05-15 16:08:40.757 +07:00 [INF] HTTP POST /api/auth/login responded 200 in 1389.4269 ms
2026-05-15 16:08:40.869 +07:00 [INF] HTTP GET /api/admin/roles responded 200 in 76.9744 ms
2026-05-15 16:08:40.897 +07:00 [INF] HTTP GET /api/admin/departments responded 200 in 23.3520 ms
2026-05-15 16:08:41.181 +07:00 [INF] HTTP POST /api/admin/users responded 200 in 270.9361 ms
2026-05-15 16:08:41.387 +07:00 [INF] HTTP POST /api/admin/users responded 200 in 204.4419 ms
2026-05-15 16:08:41.593 +07:00 [INF] HTTP POST /api/admin/users responded 200 in 204.9736 ms
2026-05-15 16:08:41.809 +07:00 [INF] HTTP POST /api/admin/users responded 200 in 214.8652 ms
2026-05-15 16:08:42.016 +07:00 [INF] HTTP POST /api/auth/login responded 200 in 201.6015 ms
2026-05-15 16:08:42.224 +07:00 [INF] HTTP POST /api/auth/login responded 200 in 206.8529 ms
2026-05-15 16:08:42.427 +07:00 [INF] HTTP POST /api/auth/login responded 200 in 201.4804 ms
2026-05-15 16:08:42.651 +07:00 [INF] HTTP POST /api/auth/login responded 200 in 222.1448 ms
2026-05-15 16:08:42.726 +07:00 [INF] HTTP POST /api/plans/main responded 200 in 74.1208 ms
2026-05-15 16:08:42.847 +07:00 [INF] HTTP POST /api/tasks responded 200 in 116.9148 ms
2026-05-15 16:08:42.914 +07:00 [INF] HTTP POST /api/plans/7987a7cf-bd9d-4f8b-9a81-f3cc7f80768f/submit responded 200 in 55.7832 ms
2026-05-15 16:08:42.938 +07:00 [INF] HTTP POST /api/plans/7987a7cf-bd9d-4f8b-9a81-f3cc7f80768f/approve responded 200 in 21.5676 ms
2026-05-15 16:08:43.003 +07:00 [INF] HTTP POST /api/plans/7987a7cf-bd9d-4f8b-9a81-f3cc7f80768f/approve responded 200 in 63.5811 ms
2026-05-15 16:08:43.053 +07:00 [INF] HTTP GET /api/plans/sub responded 200 in 47.9692 ms
2026-05-15 16:08:43.091 +07:00 [INF] HTTP GET /api/plans/edadcd22-feae-49a2-8c84-f07e010c2396/tasks responded 200 in 27.6774 ms
2026-05-15 16:53:24.723 +07:00 [INF] KHCT API started on http://localhost:5051
2026-05-15 16:54:22.792 +07:00 [INF] HTTP POST /api/auth/login responded 200 in 8003.2576 ms
2026-05-15 16:54:23.955 +07:00 [INF] HTTP POST /api/plans/main responded 200 in 1015.2880 ms
2026-05-15 16:54:30.344 +07:00 [INF] HTTP POST /api/plans/main/c7147c6e-bc4b-430b-bdfa-e1867faa1935/import-excel responded 401 in 5761.0649 ms
2026-05-15 16:54:30.642 +07:00 [INF] HTTP GET /api/plans/c7147c6e-bc4b-430b-bdfa-e1867faa1935/tasks responded 200 in 235.0167 ms
2026-05-15 16:54:32.472 +07:00 [INF] HTTP GET /api/plans/main/c7147c6e-bc4b-430b-bdfa-e1867faa1935/export-excel responded 200 in 1737.7379 ms
2026-05-15 16:55:12.035 +07:00 [INF] KHCT API started on http://localhost:5051
2026-05-15 16:55:20.396 +07:00 [INF] HTTP POST /api/auth/login responded 200 in 7775.8613 ms
2026-05-15 16:55:21.284 +07:00 [INF] HTTP POST /api/plans/main responded 200 in 752.6869 ms
2026-05-15 16:55:21.993 +07:00 [INF] HTTP POST /api/plans/main/45fbeeb8-7283-4299-9970-5c07099ce471/import-excel responded 400 in 107.5641 ms
2026-05-15 16:55:22.275 +07:00 [INF] HTTP GET /api/plans/45fbeeb8-7283-4299-9970-5c07099ce471/tasks responded 200 in 262.1603 ms
2026-05-15 16:56:46.108 +07:00 [INF] KHCT API started on http://localhost:5051
2026-05-15 16:56:52.399 +07:00 [INF] HTTP POST /api/auth/login responded 200 in 1663.0268 ms
2026-05-15 16:56:52.665 +07:00 [INF] HTTP POST /api/plans/main responded 200 in 230.0317 ms
2026-05-15 16:56:53.297 +07:00 [INF] HTTP POST /api/plans/main/c3bb1a43-5dfc-4081-a18e-c5e48abd2d06/import-excel responded 401 in 610.3000 ms
2026-05-15 16:56:53.363 +07:00 [INF] HTTP GET /api/plans/c3bb1a43-5dfc-4081-a18e-c5e48abd2d06/tasks responded 200 in 57.2714 ms
2026-05-15 16:58:28.426 +07:00 [INF] KHCT API started on http://localhost:5051
2026-05-15 16:59:56.515 +07:00 [INF] HTTP GET /health responded 200 in 46.9625 ms
2026-05-15 17:04:42.746 +07:00 [INF] HTTP POST /api/auth/login responded 200 in 8425.7841 ms
2026-05-15 17:04:43.153 +07:00 [INF] HTTP POST /api/plans/main responded 200 in 326.7169 ms
2026-05-15 17:04:46.352 +07:00 [INF] HTTP POST /api/plans/main/0f1f540e-1579-4fea-ba68-e11329df452f/import-excel responded 400 in 3161.3874 ms
2026-05-15 17:04:46.457 +07:00 [INF] HTTP GET /api/plans/0f1f540e-1579-4fea-ba68-e11329df452f/tasks responded 200 in 83.8063 ms
2026-05-15 17:04:46.970 +07:00 [INF] HTTP GET /api/plans/main/0f1f540e-1579-4fea-ba68-e11329df452f/export-excel responded 200 in 349.0745 ms
2026-05-15 17:05:09.564 +07:00 [INF] HTTP POST /api/auth/login responded 200 in 584.9121 ms
2026-05-15 17:05:09.684 +07:00 [INF] HTTP POST /api/plans/main responded 200 in 45.2064 ms
2026-05-15 17:05:10.285 +07:00 [INF] HTTP POST /api/plans/main/38eed73a-429d-49dd-ab37-99a8e319b228/import-excel responded 400 in 547.4360 ms
