2026-05-29 01:56:46.720 +00:00 [INF] HTTP POST /api/auth/refresh responded 200 in 625.5898 ms
2026-05-29 01:56:46.827 +00:00 [INF] HTTP GET /api/departments responded 200 in 13.5610 ms
2026-05-29 01:56:46.850 +00:00 [INF] HTTP GET /api/notifications responded 200 in 36.6309 ms
2026-05-29 01:56:46.851 +00:00 [INF] HTTP GET /api/plans/resolve responded 200 in 34.2005 ms
2026-05-29 01:56:46.882 +00:00 [INF] HTTP GET /api/plans/f662db5e-b57f-456b-9ae8-8e255af49c8e/approval-history responded 200 in 12.7948 ms
2026-05-29 01:56:46.888 +00:00 [INF] HTTP GET /api/plans/f662db5e-b57f-456b-9ae8-8e255af49c8e/tasks responded 200 in 19.3231 ms
2026-05-29 01:56:47.186 +00:00 [INF] HTTP GET /api/plans/f662db5e-b57f-456b-9ae8-8e255af49c8e/line-comments responded 200 in 6.8328 ms
2026-05-29 01:57:17.183 +00:00 [INF] HTTP GET /api/notifications responded 200 in 3.6592 ms
2026-05-29 01:57:47.203 +00:00 [INF] HTTP GET /api/notifications responded 200 in 3.6745 ms
2026-05-29 01:58:17.530 +00:00 [INF] HTTP GET /api/notifications responded 200 in 4.3776 ms
2026-05-29 01:58:47.557 +00:00 [INF] HTTP GET /api/notifications responded 200 in 4.0500 ms
2026-05-29 01:59:17.895 +00:00 [INF] HTTP GET /api/notifications responded 200 in 3.5797 ms
2026-05-29 01:59:29.957 +00:00 [INF] HTTP GET /api/admin/users responded 200 in 22.3988 ms
2026-05-29 01:59:30.243 +00:00 [INF] HTTP GET /api/admin/roles responded 200 in 4.3846 ms
2026-05-29 01:59:30.244 +00:00 [INF] HTTP GET /api/admin/departments responded 200 in 4.1683 ms
2026-05-29 01:59:48.234 +00:00 [INF] HTTP GET /api/notifications responded 200 in 6.0149 ms
2026-05-29 02:00:18.250 +00:00 [INF] HTTP GET /api/notifications responded 200 in 3.4175 ms
2026-05-29 02:00:48.585 +00:00 [INF] HTTP GET /api/notifications responded 200 in 6.6731 ms
2026-05-29 02:01:18.603 +00:00 [INF] HTTP GET /api/notifications responded 200 in 3.9481 ms
2026-05-29 02:01:48.933 +00:00 [INF] HTTP GET /api/notifications responded 200 in 3.5269 ms
2026-05-29 02:02:18.951 +00:00 [INF] HTTP GET /api/notifications responded 200 in 3.4882 ms
2026-05-29 02:02:49.278 +00:00 [INF] HTTP GET /api/notifications responded 200 in 3.6216 ms
2026-05-29 02:03:20.862 +00:00 [INF] HTTP GET /api/notifications responded 200 in 4.0733 ms
2026-05-29 02:03:50.878 +00:00 [INF] HTTP GET /api/notifications responded 200 in 3.2942 ms
2026-05-29 02:04:21.203 +00:00 [INF] HTTP GET /api/notifications responded 200 in 5.0469 ms
2026-05-29 02:04:51.334 +00:00 [INF] HTTP GET /api/departments responded 200 in 8.6606 ms
2026-05-29 02:04:51.475 +00:00 [INF] HTTP GET /api/plans/resolve responded 200 in 149.9582 ms
2026-05-29 02:04:51.529 +00:00 [INF] HTTP GET /api/notifications responded 200 in 4.6870 ms
2026-05-29 02:04:51.579 +00:00 [INF] HTTP GET /api/plans/9555be4b-2666-4fd5-9304-276a0023f509/tasks responded 200 in 7.4556 ms
2026-05-29 02:04:51.797 +00:00 [INF] HTTP GET /api/plans/9555be4b-2666-4fd5-9304-276a0023f509/approval-history responded 200 in 4.5125 ms
2026-05-29 02:04:51.798 +00:00 [INF] HTTP GET /api/plans/9555be4b-2666-4fd5-9304-276a0023f509/line-comments responded 200 in 5.7712 ms
2026-05-29 02:05:21.548 +00:00 [INF] HTTP GET /api/notifications responded 200 in 3.6221 ms
2026-05-29 02:05:30.343 +00:00 [INF] HTTP GET /api/plans/resolve responded 200 in 4.2773 ms
2026-05-29 02:05:30.611 +00:00 [INF] HTTP GET /api/plans/f662db5e-b57f-456b-9ae8-8e255af49c8e/tasks responded 200 in 5.8040 ms
2026-05-29 02:05:30.669 +00:00 [INF] HTTP GET /api/plans/f662db5e-b57f-456b-9ae8-8e255af49c8e/approval-history responded 200 in 3.3920 ms
2026-05-29 02:05:30.670 +00:00 [INF] HTTP GET /api/plans/f662db5e-b57f-456b-9ae8-8e255af49c8e/line-comments responded 200 in 5.3817 ms
2026-05-29 02:05:51.580 +00:00 [INF] HTTP GET /api/notifications responded 200 in 14.1188 ms
2026-05-29 02:06:21.918 +00:00 [INF] HTTP GET /api/notifications responded 200 in 4.0848 ms
2026-05-29 02:06:51.933 +00:00 [INF] HTTP GET /api/notifications responded 200 in 3.6319 ms
2026-05-29 02:07:22.269 +00:00 [INF] HTTP GET /api/notifications responded 200 in 3.7789 ms
2026-05-29 02:07:48.288 +00:00 [INF] HTTP GET /api/plans/resolve responded 200 in 5.8660 ms
2026-05-29 02:07:48.618 +00:00 [INF] HTTP GET /api/plans/34d45f31-2500-45e4-8bd2-bbda8551b618/approval-history responded 200 in 6.5517 ms
2026-05-29 02:07:48.619 +00:00 [INF] HTTP GET /api/plans/34d45f31-2500-45e4-8bd2-bbda8551b618/tasks responded 200 in 7.2165 ms
2026-05-29 02:07:48.638 +00:00 [INF] HTTP GET /api/plans/34d45f31-2500-45e4-8bd2-bbda8551b618/line-comments responded 200 in 26.7365 ms
2026-05-29 02:07:52.288 +00:00 [INF] HTTP GET /api/notifications responded 200 in 3.6266 ms
2026-05-29 02:08:22.622 +00:00 [INF] HTTP GET /api/notifications responded 200 in 3.2507 ms
2026-05-29 02:08:52.644 +00:00 [INF] HTTP GET /api/notifications responded 200 in 2.7081 ms
2026-05-29 02:09:22.965 +00:00 [INF] HTTP GET /api/notifications responded 200 in 4.3394 ms
2026-05-29 02:09:52.989 +00:00 [INF] HTTP GET /api/notifications responded 200 in 3.2246 ms
2026-05-29 02:10:23.319 +00:00 [INF] HTTP GET /api/notifications responded 200 in 8.2244 ms
2026-05-29 02:10:53.336 +00:00 [INF] HTTP GET /api/notifications responded 200 in 3.2340 ms
2026-05-29 02:11:23.677 +00:00 [INF] HTTP GET /api/notifications responded 200 in 3.4809 ms
2026-05-29 02:11:53.701 +00:00 [INF] HTTP GET /api/notifications responded 200 in 3.2275 ms
2026-05-29 02:12:24.047 +00:00 [INF] HTTP GET /api/notifications responded 401 in 5.5980 ms
2026-05-29 02:12:24.302 +00:00 [INF] HTTP POST /api/auth/refresh responded 200 in 18.5755 ms
2026-05-29 02:12:24.363 +00:00 [INF] HTTP GET /api/notifications responded 200 in 3.3166 ms
2026-05-29 02:12:54.383 +00:00 [INF] HTTP GET /api/notifications responded 200 in 3.0935 ms
2026-05-29 02:13:24.722 +00:00 [INF] HTTP GET /api/notifications responded 200 in 3.2315 ms
2026-05-29 02:13:55.063 +00:00 [INF] HTTP GET /api/notifications responded 200 in 6.6314 ms
2026-05-29 02:14:25.091 +00:00 [INF] HTTP GET /api/notifications responded 200 in 6.5550 ms
2026-05-29 02:14:55.417 +00:00 [INF] HTTP GET /api/notifications responded 200 in 3.2837 ms
2026-05-29 02:15:25.436 +00:00 [INF] HTTP GET /api/notifications responded 200 in 4.7095 ms
2026-05-29 02:15:55.775 +00:00 [INF] HTTP GET /api/notifications responded 200 in 5.6581 ms
2026-05-29 02:16:25.797 +00:00 [INF] HTTP GET /api/notifications responded 200 in 6.9033 ms
2026-05-29 02:16:56.131 +00:00 [INF] HTTP GET /api/notifications responded 200 in 7.0665 ms
2026-05-29 02:17:26.148 +00:00 [INF] HTTP GET /api/notifications responded 200 in 6.2021 ms
2026-05-29 02:17:26.900 +00:00 [INF] HTTP GET /api/plans/resolve responded 200 in 4.5346 ms
2026-05-29 02:17:27.170 +00:00 [INF] HTTP GET /api/plans/48216cad-a5f8-42b9-9124-28b6acde2656/tasks responded 200 in 5.4037 ms
2026-05-29 02:17:27.218 +00:00 [INF] HTTP GET /api/plans/48216cad-a5f8-42b9-9124-28b6acde2656/line-comments responded 200 in 5.5946 ms
2026-05-29 02:17:27.282 +00:00 [INF] HTTP GET /api/plans/resolve responded 200 in 6.7162 ms
2026-05-29 02:17:27.359 +00:00 [INF] HTTP GET /api/plans/48216cad-a5f8-42b9-9124-28b6acde2656/approval-history responded 200 in 146.0930 ms
2026-05-29 02:17:27.601 +00:00 [INF] HTTP GET /api/plans/c95a1aff-5f01-43ae-b6a9-b5c39ab158c2/approval-history responded 200 in 3.0873 ms
2026-05-29 02:17:27.601 +00:00 [INF] HTTP GET /api/plans/c95a1aff-5f01-43ae-b6a9-b5c39ab158c2/line-comments responded 200 in 3.5974 ms
2026-05-29 02:17:27.612 +00:00 [INF] HTTP GET /api/plans/c95a1aff-5f01-43ae-b6a9-b5c39ab158c2/tasks responded 200 in 13.7670 ms
2026-05-29 02:17:28.088 +00:00 [INF] HTTP GET /api/plans/34d45f31-2500-45e4-8bd2-bbda8551b618/line-comments responded 200 in 5.8264 ms
2026-05-29 02:17:28.090 +00:00 [INF] HTTP GET /api/plans/34d45f31-2500-45e4-8bd2-bbda8551b618/approval-history responded 200 in 6.9867 ms
2026-05-29 02:17:28.091 +00:00 [INF] HTTP GET /api/plans/34d45f31-2500-45e4-8bd2-bbda8551b618/tasks responded 200 in 8.9725 ms
2026-05-29 02:17:28.096 +00:00 [INF] HTTP GET /api/plans/resolve responded 200 in 14.2272 ms
2026-05-29 02:17:28.335 +00:00 [INF] HTTP GET /api/plans/resolve responded 200 in 4.2837 ms
2026-05-29 02:17:28.493 +00:00 [INF] HTTP GET /api/plans/resolve responded 200 in 3.8451 ms
2026-05-29 02:17:29.195 +00:00 [INF] HTTP GET /api/plans/resolve responded 200 in 3.9512 ms
2026-05-29 02:17:29.959 +00:00 [INF] HTTP GET /api/plans/resolve responded 200 in 3.3925 ms
2026-05-29 02:17:30.276 +00:00 [INF] HTTP GET /api/plans/9403a1f7-d104-4af2-8aa7-420cf0b74680/approval-history responded 200 in 3.5577 ms
2026-05-29 02:17:30.276 +00:00 [INF] HTTP GET /api/plans/9403a1f7-d104-4af2-8aa7-420cf0b74680/line-comments responded 200 in 4.7621 ms
2026-05-29 02:17:30.276 +00:00 [INF] HTTP GET /api/plans/9403a1f7-d104-4af2-8aa7-420cf0b74680/tasks responded 200 in 4.1960 ms
2026-05-29 02:17:37.562 +00:00 [INF] HTTP GET /api/personal-evaluations/scorable-users responded 200 in 10.7461 ms
2026-05-29 02:17:39.289 +00:00 [INF] HTTP GET /api/personal-evaluations responded 200 in 8.0335 ms
2026-05-29 02:17:56.172 +00:00 [INF] HTTP GET /api/notifications responded 200 in 5.5637 ms
2026-05-29 02:18:26.504 +00:00 [INF] HTTP GET /api/notifications responded 200 in 3.8208 ms
2026-05-29 02:18:56.518 +00:00 [INF] HTTP GET /api/notifications responded 200 in 3.1018 ms
2026-05-29 02:19:26.851 +00:00 [INF] HTTP GET /api/notifications responded 200 in 6.1692 ms
2026-05-29 02:28:57.182 +00:00 [INF] HTTP GET /api/notifications responded 401 in 2.8966 ms
2026-05-29 02:28:57.622 +00:00 [INF] HTTP POST /api/auth/refresh responded 200 in 182.8474 ms
2026-05-29 02:28:57.635 +00:00 [INF] HTTP GET /api/notifications responded 200 in 4.9088 ms
2026-05-29 02:29:27.975 +00:00 [INF] HTTP GET /api/notifications responded 200 in 3.4386 ms
2026-05-29 02:29:57.992 +00:00 [INF] HTTP GET /api/notifications responded 200 in 3.5350 ms
2026-05-29 02:30:28.326 +00:00 [INF] HTTP GET /api/notifications responded 200 in 3.5668 ms
2026-05-29 02:30:58.342 +00:00 [INF] HTTP GET /api/notifications responded 200 in 3.5541 ms
2026-05-29 02:31:28.689 +00:00 [INF] HTTP GET /api/notifications responded 200 in 3.7496 ms
2026-05-29 02:31:58.718 +00:00 [INF] HTTP GET /api/notifications responded 200 in 3.7496 ms
2026-05-29 02:32:29.057 +00:00 [INF] HTTP GET /api/notifications responded 200 in 3.0596 ms
2026-05-29 02:32:59.372 +00:00 [INF] HTTP GET /api/notifications responded 200 in 3.6494 ms
2026-05-29 02:33:29.390 +00:00 [INF] HTTP GET /api/notifications responded 200 in 7.0583 ms
2026-05-29 02:33:59.732 +00:00 [INF] HTTP GET /api/notifications responded 200 in 5.1024 ms
2026-05-29 02:34:29.756 +00:00 [INF] HTTP GET /api/notifications responded 200 in 5.5792 ms
2026-05-29 02:35:00.075 +00:00 [INF] HTTP GET /api/notifications responded 200 in 3.4422 ms
2026-05-29 02:35:30.091 +00:00 [INF] HTTP GET /api/notifications responded 200 in 4.4143 ms
2026-05-29 02:36:00.432 +00:00 [INF] HTTP GET /api/notifications responded 200 in 3.5622 ms
2026-05-29 02:36:30.576 +00:00 [INF] HTTP GET /api/notifications responded 200 in 106.2881 ms
2026-05-29 02:37:00.964 +00:00 [INF] HTTP GET /api/notifications responded 200 in 6.4121 ms
2026-05-29 02:37:31.294 +00:00 [INF] HTTP GET /api/notifications responded 200 in 5.1160 ms
2026-05-29 02:38:01.630 +00:00 [INF] HTTP GET /api/notifications responded 200 in 6.2844 ms
2026-05-29 02:38:31.664 +00:00 [INF] HTTP GET /api/notifications responded 200 in 9.8893 ms
2026-05-29 02:39:02.001 +00:00 [INF] HTTP GET /api/notifications responded 200 in 4.1273 ms
2026-05-29 02:39:32.029 +00:00 [INF] HTTP GET /api/notifications responded 200 in 4.0536 ms
2026-05-29 02:40:02.366 +00:00 [INF] HTTP GET /api/notifications responded 200 in 10.9379 ms
2026-05-29 02:40:32.395 +00:00 [INF] HTTP GET /api/notifications responded 200 in 7.7513 ms
2026-05-29 02:41:02.732 +00:00 [INF] HTTP GET /api/notifications responded 200 in 4.5101 ms
2026-05-29 02:41:30.422 +00:00 [INF] HTTP GET /api/plans/resolve responded 200 in 7.8853 ms
2026-05-29 02:41:30.734 +00:00 [INF] HTTP GET /api/departments responded 200 in 4.8233 ms
2026-05-29 02:41:30.747 +00:00 [INF] HTTP GET /api/plans/f662db5e-b57f-456b-9ae8-8e255af49c8e/line-comments responded 200 in 6.7596 ms
2026-05-29 02:41:30.906 +00:00 [INF] HTTP GET /api/plans/f662db5e-b57f-456b-9ae8-8e255af49c8e/approval-history responded 200 in 165.7817 ms
2026-05-29 02:41:30.910 +00:00 [INF] HTTP GET /api/plans/f662db5e-b57f-456b-9ae8-8e255af49c8e/tasks responded 200 in 170.4412 ms
2026-05-29 02:41:31.608 +00:00 [INF] HTTP GET /api/plans/resolve responded 200 in 4.8961 ms
2026-05-29 02:41:31.869 +00:00 [INF] HTTP GET /api/plans/34d45f31-2500-45e4-8bd2-bbda8551b618/tasks responded 200 in 7.6367 ms
2026-05-29 02:41:31.927 +00:00 [INF] HTTP GET /api/plans/34d45f31-2500-45e4-8bd2-bbda8551b618/line-comments responded 200 in 6.3736 ms
2026-05-29 02:41:31.927 +00:00 [INF] HTTP GET /api/plans/34d45f31-2500-45e4-8bd2-bbda8551b618/approval-history responded 200 in 5.2221 ms
2026-05-29 02:41:31.930 +00:00 [INF] HTTP GET /api/plans/resolve responded 200 in 8.2330 ms
2026-05-29 02:41:31.980 +00:00 [INF] HTTP GET /api/plans/48216cad-a5f8-42b9-9124-28b6acde2656/tasks responded 200 in 5.9047 ms
2026-05-29 02:41:32.250 +00:00 [INF] HTTP GET /api/plans/48216cad-a5f8-42b9-9124-28b6acde2656/line-comments responded 200 in 4.4932 ms
2026-05-29 02:41:32.250 +00:00 [INF] HTTP GET /api/plans/48216cad-a5f8-42b9-9124-28b6acde2656/approval-history responded 200 in 4.2717 ms
2026-05-29 02:41:32.759 +00:00 [INF] HTTP GET /api/notifications responded 200 in 5.3893 ms
2026-05-29 02:41:46.989 +00:00 [INF] HTTP GET /api/plans/resolve responded 200 in 9.9594 ms
2026-05-29 02:41:47.250 +00:00 [INF] HTTP GET /api/plans/9403a1f7-d104-4af2-8aa7-420cf0b74680/tasks responded 200 in 10.3378 ms
2026-05-29 02:41:47.318 +00:00 [INF] HTTP GET /api/plans/9403a1f7-d104-4af2-8aa7-420cf0b74680/approval-history responded 200 in 5.2691 ms
2026-05-29 02:41:47.319 +00:00 [INF] HTTP GET /api/plans/9403a1f7-d104-4af2-8aa7-420cf0b74680/line-comments responded 200 in 6.9316 ms
2026-05-29 02:41:48.548 +00:00 [INF] HTTP GET /api/personal-evaluations/scorable-users responded 200 in 8.6009 ms
2026-05-29 02:41:49.930 +00:00 [INF] HTTP GET /api/personal-evaluations responded 200 in 21.9535 ms
2026-05-29 02:42:02.784 +00:00 [INF] HTTP GET /api/notifications responded 200 in 7.9970 ms
2026-05-29 02:42:07.013 +00:00 [INF] HTTP GET /api/plans/resolve responded 200 in 7.3702 ms
2026-05-29 02:42:07.281 +00:00 [INF] HTTP GET /api/plans/74fcbad6-515b-428d-8006-fa453c06dfb6/tasks responded 200 in 7.7214 ms
2026-05-29 02:42:07.354 +00:00 [INF] HTTP GET /api/plans/74fcbad6-515b-428d-8006-fa453c06dfb6/line-comments responded 200 in 4.7030 ms
2026-05-29 02:42:07.354 +00:00 [INF] HTTP GET /api/plans/74fcbad6-515b-428d-8006-fa453c06dfb6/approval-history responded 200 in 4.8684 ms
2026-05-29 02:42:07.354 +00:00 [INF] HTTP GET /api/plans/resolve responded 200 in 3.9628 ms
2026-05-29 02:42:07.506 +00:00 [INF] HTTP GET /api/plans/f662db5e-b57f-456b-9ae8-8e255af49c8e/tasks responded 200 in 5.3546 ms
2026-05-29 02:42:07.509 +00:00 [INF] HTTP GET /api/plans/f662db5e-b57f-456b-9ae8-8e255af49c8e/line-comments responded 200 in 8.3662 ms
2026-05-29 02:42:07.603 +00:00 [INF] HTTP GET /api/plans/f662db5e-b57f-456b-9ae8-8e255af49c8e/approval-history responded 200 in 6.0546 ms
2026-05-29 02:42:08.969 +00:00 [INF] HTTP GET /api/plans/resolve responded 200 in 3.5682 ms
2026-05-29 02:42:08.970 +00:00 [INF] HTTP GET /api/plans/34d45f31-2500-45e4-8bd2-bbda8551b618/tasks responded 200 in 4.9233 ms
2026-05-29 02:42:08.972 +00:00 [INF] HTTP GET /api/plans/34d45f31-2500-45e4-8bd2-bbda8551b618/line-comments responded 200 in 6.7947 ms
2026-05-29 02:42:08.980 +00:00 [INF] HTTP GET /api/plans/34d45f31-2500-45e4-8bd2-bbda8551b618/approval-history responded 200 in 14.5752 ms
2026-05-29 02:42:09.218 +00:00 [INF] HTTP GET /api/plans/resolve responded 200 in 4.9306 ms
2026-05-29 02:42:09.367 +00:00 [INF] HTTP GET /api/plans/c95a1aff-5f01-43ae-b6a9-b5c39ab158c2/tasks responded 200 in 10.3017 ms
2026-05-29 02:42:09.545 +00:00 [INF] HTTP GET /api/plans/c95a1aff-5f01-43ae-b6a9-b5c39ab158c2/approval-history responded 200 in 5.5522 ms
2026-05-29 02:42:09.546 +00:00 [INF] HTTP GET /api/plans/c95a1aff-5f01-43ae-b6a9-b5c39ab158c2/line-comments responded 200 in 8.0588 ms
2026-05-29 02:42:32.802 +00:00 [INF] HTTP GET /api/notifications responded 200 in 5.1355 ms
2026-05-29 02:43:03.143 +00:00 [INF] HTTP GET /api/notifications responded 200 in 7.8813 ms
2026-05-29 02:43:33.477 +00:00 [INF] HTTP GET /api/notifications responded 200 in 4.8571 ms
2026-05-29 02:44:03.506 +00:00 [INF] HTTP GET /api/notifications responded 200 in 5.0598 ms
2026-05-29 02:44:33.835 +00:00 [INF] HTTP GET /api/notifications responded 401 in 2.2200 ms
2026-05-29 02:44:34.120 +00:00 [INF] HTTP POST /api/auth/refresh responded 200 in 22.7287 ms
2026-05-29 02:44:34.158 +00:00 [INF] HTTP GET /api/notifications responded 200 in 4.6763 ms
2026-05-29 02:45:04.182 +00:00 [INF] HTTP GET /api/notifications responded 200 in 4.2790 ms
2026-05-29 02:57:05.587 +00:00 [INF] HTTP POST /api/auth/refresh responded 200 in 303.8382 ms
2026-05-29 02:57:05.666 +00:00 [INF] HTTP GET /api/departments responded 200 in 3.4199 ms
2026-05-29 02:57:05.687 +00:00 [INF] HTTP GET /api/notifications responded 200 in 24.5644 ms
2026-05-29 02:57:05.697 +00:00 [INF] HTTP GET /api/plans/resolve responded 200 in 33.8689 ms
2026-05-29 02:57:05.722 +00:00 [INF] HTTP GET /api/plans/c95a1aff-5f01-43ae-b6a9-b5c39ab158c2/tasks responded 200 in 7.4163 ms
2026-05-29 02:57:05.722 +00:00 [INF] HTTP GET /api/plans/c95a1aff-5f01-43ae-b6a9-b5c39ab158c2/line-comments responded 200 in 6.9737 ms
2026-05-29 02:57:06.022 +00:00 [INF] HTTP GET /api/plans/c95a1aff-5f01-43ae-b6a9-b5c39ab158c2/approval-history responded 200 in 4.8320 ms
2026-05-29 02:57:10.897 +00:00 [INF] HTTP GET /api/plans/resolve responded 200 in 9.6054 ms
2026-05-29 02:57:11.158 +00:00 [INF] HTTP GET /api/plans/74fcbad6-515b-428d-8006-fa453c06dfb6/tasks responded 200 in 12.7104 ms
2026-05-29 02:57:11.231 +00:00 [INF] HTTP GET /api/plans/74fcbad6-515b-428d-8006-fa453c06dfb6/approval-history responded 200 in 5.4444 ms
2026-05-29 02:57:11.231 +00:00 [INF] HTTP GET /api/plans/74fcbad6-515b-428d-8006-fa453c06dfb6/line-comments responded 200 in 5.8548 ms
2026-05-29 02:57:22.332 +00:00 [INF] HTTP GET /api/plans/resolve responded 200 in 7.9951 ms
2026-05-29 02:57:22.663 +00:00 [INF] HTTP GET /api/plans/48216cad-a5f8-42b9-9124-28b6acde2656/line-comments responded 200 in 8.2500 ms
2026-05-29 02:57:22.665 +00:00 [INF] HTTP GET /api/plans/48216cad-a5f8-42b9-9124-28b6acde2656/tasks responded 200 in 10.1817 ms
2026-05-29 02:57:22.668 +00:00 [INF] HTTP GET /api/plans/48216cad-a5f8-42b9-9124-28b6acde2656/approval-history responded 200 in 12.9897 ms
2026-05-29 02:57:26.830 +00:00 [INF] HTTP GET /api/plans/resolve responded 200 in 7.1431 ms
2026-05-29 02:57:28.541 +00:00 [INF] HTTP GET /api/plans/resolve responded 200 in 5.3758 ms
2026-05-29 02:57:28.792 +00:00 [INF] HTTP GET /api/plans/9403a1f7-d104-4af2-8aa7-420cf0b74680/tasks responded 200 in 8.1050 ms
2026-05-29 02:57:28.875 +00:00 [INF] HTTP GET /api/plans/9403a1f7-d104-4af2-8aa7-420cf0b74680/approval-history responded 200 in 8.7221 ms
2026-05-29 02:57:28.876 +00:00 [INF] HTTP GET /api/plans/9403a1f7-d104-4af2-8aa7-420cf0b74680/line-comments responded 200 in 10.3175 ms
2026-05-29 02:57:35.720 +00:00 [INF] HTTP GET /api/notifications responded 200 in 7.1761 ms
2026-05-29 02:57:39.547 +00:00 [INF] HTTP POST /api/auth/logout responded 200 in 14.1770 ms
2026-05-29 02:57:40.181 +00:00 [INF] HTTP POST /api/auth/refresh responded 401 in 12.7231 ms
2026-05-29 02:57:41.219 +00:00 [INF] HTTP POST /api/auth/login responded 200 in 221.9151 ms
2026-05-29 02:57:41.259 +00:00 [INF] HTTP GET /api/departments responded 200 in 3.9421 ms
2026-05-29 02:57:41.267 +00:00 [INF] HTTP GET /api/notifications responded 200 in 11.8413 ms
2026-05-29 02:57:41.269 +00:00 [INF] HTTP GET /api/plans/resolve responded 200 in 12.3161 ms
2026-05-29 02:57:41.311 +00:00 [INF] HTTP GET /api/plans/9555be4b-2666-4fd5-9304-276a0023f509/tasks responded 200 in 7.9317 ms
2026-05-29 02:57:41.609 +00:00 [INF] HTTP GET /api/plans/9555be4b-2666-4fd5-9304-276a0023f509/approval-history responded 200 in 5.2259 ms
2026-05-29 02:57:41.609 +00:00 [INF] HTTP GET /api/plans/9555be4b-2666-4fd5-9304-276a0023f509/line-comments responded 200 in 5.6128 ms
2026-05-29 02:57:42.519 +00:00 [INF] HTTP GET /api/admin/roles responded 200 in 6.5147 ms
2026-05-29 02:57:43.367 +00:00 [INF] HTTP GET /api/admin/departments responded 200 in 5.2300 ms
2026-05-29 02:57:45.695 +00:00 [INF] HTTP GET /api/admin/approval-configs responded 200 in 13.6591 ms
2026-05-29 02:57:46.345 +00:00 [INF] HTTP GET /api/admin/users responded 200 in 11.6060 ms
2026-05-29 02:57:49.132 +00:00 [INF] HTTP GET /api/plans/main responded 200 in 16.2893 ms
2026-05-29 02:57:56.972 +00:00 [INF] HTTP POST /api/auth/logout responded 200 in 13.1143 ms
2026-05-29 02:57:57.710 +00:00 [INF] HTTP POST /api/auth/refresh responded 401 in 2.4134 ms
2026-05-29 02:58:01.390 +00:00 [INF] HTTP POST /api/auth/login responded 200 in 223.9114 ms
2026-05-29 02:58:01.432 +00:00 [INF] HTTP GET /api/departments responded 200 in 4.7376 ms
2026-05-29 02:58:01.436 +00:00 [INF] HTTP GET /api/plans/resolve responded 200 in 6.9027 ms
2026-05-29 02:58:01.439 +00:00 [INF] HTTP GET /api/notifications responded 200 in 11.3111 ms
2026-05-29 02:58:01.463 +00:00 [INF] HTTP GET /api/plans/74fcbad6-515b-428d-8006-fa453c06dfb6/tasks responded 200 in 7.0205 ms
2026-05-29 02:58:01.782 +00:00 [INF] HTTP GET /api/plans/74fcbad6-515b-428d-8006-fa453c06dfb6/line-comments responded 200 in 10.2216 ms
2026-05-29 02:58:01.782 +00:00 [INF] HTTP GET /api/plans/74fcbad6-515b-428d-8006-fa453c06dfb6/approval-history responded 200 in 8.2618 ms
2026-05-29 02:58:04.543 +00:00 [INF] HTTP POST /api/auth/logout responded 200 in 11.4844 ms
2026-05-29 02:58:05.115 +00:00 [INF] HTTP POST /api/auth/refresh responded 401 in 1.9385 ms
2026-05-29 02:58:22.395 +00:00 [INF] HTTP POST /api/auth/login responded 200 in 224.1283 ms
2026-05-29 02:58:22.435 +00:00 [INF] HTTP GET /api/departments responded 200 in 3.1921 ms
2026-05-29 02:58:22.749 +00:00 [INF] HTTP GET /api/notifications responded 200 in 9.5962 ms
2026-05-29 02:58:22.747 +00:00 [INF] HTTP GET /api/plans/resolve responded 200 in 6.6083 ms
2026-05-29 02:58:23.095 +00:00 [INF] HTTP GET /api/plans/9555be4b-2666-4fd5-9304-276a0023f509/approval-history responded 200 in 7.6896 ms
2026-05-29 02:58:23.097 +00:00 [INF] HTTP GET /api/plans/9555be4b-2666-4fd5-9304-276a0023f509/tasks responded 200 in 10.6375 ms
2026-05-29 02:58:23.098 +00:00 [INF] HTTP GET /api/plans/9555be4b-2666-4fd5-9304-276a0023f509/line-comments responded 200 in 11.7090 ms
2026-05-29 02:58:24.418 +00:00 [INF] HTTP GET /api/plans/resolve responded 200 in 5.6155 ms
2026-05-29 02:58:24.774 +00:00 [INF] HTTP GET /api/plans/74fcbad6-515b-428d-8006-fa453c06dfb6/line-comments responded 200 in 12.3580 ms
2026-05-29 02:58:24.775 +00:00 [INF] HTTP GET /api/plans/74fcbad6-515b-428d-8006-fa453c06dfb6/approval-history responded 200 in 11.2215 ms
2026-05-29 02:58:24.778 +00:00 [INF] HTTP GET /api/plans/74fcbad6-515b-428d-8006-fa453c06dfb6/tasks responded 200 in 15.7065 ms
2026-05-29 02:58:35.803 +00:00 [INF] HTTP GET /api/plans/resolve responded 200 in 9.7758 ms
2026-05-29 02:58:37.652 +00:00 [INF] HTTP GET /api/plans/resolve responded 200 in 8.7062 ms
2026-05-29 02:58:37.909 +00:00 [INF] HTTP GET /api/plans/69ec36d2-92ad-4a7d-bc40-41a28a04ff43/tasks responded 200 in 6.6696 ms
2026-05-29 02:58:37.986 +00:00 [INF] HTTP GET /api/plans/69ec36d2-92ad-4a7d-bc40-41a28a04ff43/approval-history responded 200 in 4.7761 ms
2026-05-29 02:58:37.987 +00:00 [INF] HTTP GET /api/plans/69ec36d2-92ad-4a7d-bc40-41a28a04ff43/line-comments responded 200 in 5.7575 ms
2026-05-29 02:58:52.780 +00:00 [INF] HTTP GET /api/notifications responded 200 in 8.9503 ms
2026-05-29 02:59:17.341 +00:00 [INF] HTTP PUT /api/tasks/67240ab5-4511-4031-a41e-5dc183200a72 responded 422 in 30.7916 ms
2026-05-29 02:59:19.002 +00:00 [INF] HTTP POST /api/plans/69ec36d2-92ad-4a7d-bc40-41a28a04ff43/submit responded 200 in 47.5339 ms
2026-05-29 02:59:19.331 +00:00 [INF] HTTP GET /api/plans/resolve responded 200 in 7.3178 ms
2026-05-29 02:59:19.334 +00:00 [INF] HTTP GET /api/plans/69ec36d2-92ad-4a7d-bc40-41a28a04ff43/line-comments responded 200 in 9.1573 ms
2026-05-29 02:59:19.335 +00:00 [INF] HTTP GET /api/plans/69ec36d2-92ad-4a7d-bc40-41a28a04ff43/approval-history responded 200 in 9.9374 ms
2026-05-29 02:59:19.352 +00:00 [INF] HTTP GET /api/plans/69ec36d2-92ad-4a7d-bc40-41a28a04ff43/tasks responded 200 in 28.5014 ms
2026-05-29 02:59:22.805 +00:00 [INF] HTTP GET /api/notifications responded 200 in 7.1385 ms
2026-05-29 02:59:38.786 +00:00 [INF] HTTP GET /api/api/tasks/67240ab5-4511-4031-a41e-5dc183200a72/attachments responded 404 in 1.2863 ms
2026-05-29 02:59:52.836 +00:00 [INF] HTTP GET /api/notifications responded 200 in 6.7634 ms
2026-05-29 02:59:56.109 +00:00 [INF] HTTP POST /api/auth/logout responded 200 in 13.7395 ms
2026-05-29 02:59:56.873 +00:00 [INF] HTTP POST /api/auth/refresh responded 401 in 1.9434 ms
2026-05-29 03:00:01.642 +00:00 [INF] HTTP POST /api/auth/login responded 200 in 228.0846 ms
2026-05-29 03:00:01.684 +00:00 [INF] HTTP GET /api/departments responded 200 in 4.8083 ms
2026-05-29 03:00:01.688 +00:00 [INF] HTTP GET /api/notifications responded 200 in 8.9643 ms
2026-05-29 03:00:01.692 +00:00 [INF] HTTP GET /api/plans/resolve responded 200 in 12.0199 ms
2026-05-29 03:00:01.721 +00:00 [INF] HTTP GET /api/plans/74fcbad6-515b-428d-8006-fa453c06dfb6/tasks responded 200 in 7.1044 ms
2026-05-29 03:00:02.030 +00:00 [INF] HTTP GET /api/plans/74fcbad6-515b-428d-8006-fa453c06dfb6/line-comments responded 200 in 8.0847 ms
2026-05-29 03:00:02.032 +00:00 [INF] HTTP GET /api/plans/74fcbad6-515b-428d-8006-fa453c06dfb6/approval-history responded 200 in 10.1295 ms
2026-05-29 03:00:05.020 +00:00 [INF] HTTP GET /api/plans/resolve responded 200 in 8.2619 ms
2026-05-29 03:00:05.275 +00:00 [INF] HTTP GET /api/plans/69ec36d2-92ad-4a7d-bc40-41a28a04ff43/tasks responded 200 in 7.1607 ms
2026-05-29 03:00:05.362 +00:00 [INF] HTTP GET /api/plans/69ec36d2-92ad-4a7d-bc40-41a28a04ff43/approval-history responded 200 in 11.3907 ms
2026-05-29 03:00:05.364 +00:00 [INF] HTTP GET /api/plans/69ec36d2-92ad-4a7d-bc40-41a28a04ff43/line-comments responded 200 in 13.1355 ms
2026-05-29 03:00:58.498 +00:00 [INF] HTTP POST /api/plans/69ec36d2-92ad-4a7d-bc40-41a28a04ff43/return responded 200 in 241.7784 ms
2026-05-29 03:00:58.839 +00:00 [INF] HTTP GET /api/plans/resolve responded 200 in 8.3332 ms
2026-05-29 03:00:58.841 +00:00 [INF] HTTP GET /api/plans/69ec36d2-92ad-4a7d-bc40-41a28a04ff43/approval-history responded 200 in 9.0433 ms
2026-05-29 03:00:58.842 +00:00 [INF] HTTP GET /api/plans/69ec36d2-92ad-4a7d-bc40-41a28a04ff43/tasks responded 200 in 11.5148 ms
2026-05-29 03:00:58.848 +00:00 [INF] HTTP GET /api/plans/69ec36d2-92ad-4a7d-bc40-41a28a04ff43/line-comments responded 200 in 15.9047 ms
2026-05-29 03:01:01.716 +00:00 [INF] HTTP GET /api/notifications responded 200 in 6.1094 ms
2026-05-29 03:01:05.775 +00:00 [INF] HTTP PUT /api/tasks/28a0b52b-e618-4549-b0f1-9395d679d1ac responded 422 in 10.9202 ms
2026-05-29 03:01:12.244 +00:00 [INF] HTTP PUT /api/tasks/28a0b52b-e618-4549-b0f1-9395d679d1ac responded 422 in 10.6668 ms
2026-05-29 03:01:16.349 +00:00 [INF] HTTP PUT /api/tasks/28a0b52b-e618-4549-b0f1-9395d679d1ac responded 422 in 10.5715 ms
2026-05-29 03:03:32.059 +00:00 [INF] HTTP GET /api/notifications responded 200 in 15.9680 ms
2026-05-29 03:04:02.102 +00:00 [INF] HTTP GET /api/notifications responded 200 in 11.8501 ms
2026-05-29 04:38:14.936 +00:00 [INF] HTTP POST /api/auth/refresh responded 200 in 337.4215 ms
2026-05-29 04:38:15.976 +00:00 [INF] HTTP GET /api/departments responded 200 in 37.2328 ms
2026-05-29 04:38:16.355 +00:00 [INF] HTTP GET /api/notifications responded 200 in 23.6454 ms
2026-05-29 04:38:16.664 +00:00 [INF] HTTP GET /api/plans/resolve responded 200 in 26.1983 ms
2026-05-29 04:38:17.771 +00:00 [INF] HTTP GET /api/plans/69ec36d2-92ad-4a7d-bc40-41a28a04ff43/line-comments responded 200 in 38.0045 ms
2026-05-29 04:38:17.790 +00:00 [INF] HTTP GET /api/plans/69ec36d2-92ad-4a7d-bc40-41a28a04ff43/approval-history responded 200 in 56.1467 ms
2026-05-29 04:38:17.801 +00:00 [INF] HTTP GET /api/plans/69ec36d2-92ad-4a7d-bc40-41a28a04ff43/tasks responded 200 in 67.9802 ms
